[0.040s] Invoking command in '/home/gowheel/gowheel_ws/build/sllidar_ros2': CMAKE_PREFIX_PATH=${CMAKE_PREFIX_PATH}:/home/gowheel/gowheel_ws/install/servo_node:/home/gowheel/gowheel_ws/install/robot_controller:/home/gowheel/gowheel_ws/install/lidar_node:/home/gowheel/gowheel_ws/install/camera_node:/opt/ros/jazzy DEBUGINFOD_URLS=https://debuginfod.ubuntu.com /usr/bin/cmake /home/gowheel/gowheel_ws/src/sllidar_ros2 -DAMENT_CMAKE_SYMLINK_INSTALL=1 -DCMAKE_INSTALL_PREFIX=/home/gowheel/gowheel_ws/install/sllidar_ros2
[0.084s] -- Found ament_cmake: 2.5.3 (/opt/ros/jazzy/share/ament_cmake/cmake)
[0.554s] -- Override CMake install command with custom implementation using symlinks instead of copying resources
[0.564s] -- Found rclcpp: 28.1.6 (/opt/ros/jazzy/share/rclcpp/cmake)
[0.600s] -- Found rosidl_generator_c: 4.6.5 (/opt/ros/jazzy/share/rosidl_generator_c/cmake)
[0.615s] -- Found rosidl_generator_cpp: 4.6.5 (/opt/ros/jazzy/share/rosidl_generator_cpp/cmake)
[0.631s] -- Using all available rosidl_typesupport_c: rosidl_typesupport_fastrtps_c;rosidl_typesupport_introspection_c
[0.650s] -- Using all available rosidl_typesupport_cpp: rosidl_typesupport_fastrtps_cpp;rosidl_typesupport_introspection_cpp
[0.733s] -- Found rmw_implementation_cmake: 7.3.1 (/opt/ros/jazzy/share/rmw_implementation_cmake/cmake)
[0.735s] -- Found rmw_fastrtps_cpp: 8.4.1 (/opt/ros/jazzy/share/rmw_fastrtps_cpp/cmake)
[0.860s] -- Using RMW implementation 'rmw_fastrtps_cpp' as default
[0.963s] -- Found sensor_msgs: 5.3.5 (/opt/ros/jazzy/share/sensor_msgs/cmake)
[1.039s] -- Found std_srvs: 5.3.5 (/opt/ros/jazzy/share/std_srvs/cmake)
[1.236s] -- Configuring done (1.2s)
[1.275s] -- Generating done (0.0s)
[1.294s] -- Build files have been written to: /home/gowheel/gowheel_ws/build/sllidar_ros2
[1.315s] Invoked command in '/home/gowheel/gowheel_ws/build/sllidar_ros2' returned '0': CMAKE_PREFIX_PATH=${CMAKE_PREFIX_PATH}:/home/gowheel/gowheel_ws/install/servo_node:/home/gowheel/gowheel_ws/install/robot_controller:/home/gowheel/gowheel_ws/install/lidar_node:/home/gowheel/gowheel_ws/install/camera_node:/opt/ros/jazzy DEBUGINFOD_URLS=https://debuginfod.ubuntu.com /usr/bin/cmake /home/gowheel/gowheel_ws/src/sllidar_ros2 -DAMENT_CMAKE_SYMLINK_INSTALL=1 -DCMAKE_INSTALL_PREFIX=/home/gowheel/gowheel_ws/install/sllidar_ros2
[1.318s] Invoking command in '/home/gowheel/gowheel_ws/build/sllidar_ros2': CMAKE_PREFIX_PATH=${CMAKE_PREFIX_PATH}:/home/gowheel/gowheel_ws/install/servo_node:/home/gowheel/gowheel_ws/install/robot_controller:/home/gowheel/gowheel_ws/install/lidar_node:/home/gowheel/gowheel_ws/install/camera_node:/opt/ros/jazzy DEBUGINFOD_URLS=https://debuginfod.ubuntu.com /usr/bin/cmake --build /home/gowheel/gowheel_ws/build/sllidar_ros2 -- -j4 -l4
[1.422s] [ 10%] Built target sllidar_client
[1.443s] [100%] Built target sllidar_node
[1.463s] Invoked command in '/home/gowheel/gowheel_ws/build/sllidar_ros2' returned '0': CMAKE_PREFIX_PATH=${CMAKE_PREFIX_PATH}:/home/gowheel/gowheel_ws/install/servo_node:/home/gowheel/gowheel_ws/install/robot_controller:/home/gowheel/gowheel_ws/install/lidar_node:/home/gowheel/gowheel_ws/install/camera_node:/opt/ros/jazzy DEBUGINFOD_URLS=https://debuginfod.ubuntu.com /usr/bin/cmake --build /home/gowheel/gowheel_ws/build/sllidar_ros2 -- -j4 -l4
[1.481s] Invoking command in '/home/gowheel/gowheel_ws/build/sllidar_ros2': CMAKE_PREFIX_PATH=${CMAKE_PREFIX_PATH}:/home/gowheel/gowheel_ws/install/servo_node:/home/gowheel/gowheel_ws/install/robot_controller:/home/gowheel/gowheel_ws/install/lidar_node:/home/gowheel/gowheel_ws/install/camera_node:/opt/ros/jazzy DEBUGINFOD_URLS=https://debuginfod.ubuntu.com /usr/bin/cmake --install /home/gowheel/gowheel_ws/build/sllidar_ros2
[1.495s] -- Install configuration: ""
[1.495s] -- Execute custom install script
[1.496s] -- Up-to-date symlink: /home/gowheel/gowheel_ws/install/sllidar_ros2/share/sllidar_ros2/launch/sllidar_a1_launch.py
[1.496s] -- Up-to-date symlink: /home/gowheel/gowheel_ws/install/sllidar_ros2/share/sllidar_ros2/launch/sllidar_a2m12_launch .py
[1.496s] -- Up-to-date symlink: /home/gowheel/gowheel_ws/install/sllidar_ros2/share/sllidar_ros2/launch/sllidar_a2m7_launch.py
[1.497s] -- Up-to-date symlink: /home/gowheel/gowheel_ws/install/sllidar_ros2/share/sllidar_ros2/launch/sllidar_a2m8_launch.py
[1.497s] -- Up-to-date symlink: /home/gowheel/gowheel_ws/install/sllidar_ros2/share/sllidar_ros2/launch/sllidar_a3_launch.py
[1.497s] -- Up-to-date symlink: /home/gowheel/gowheel_ws/install/sllidar_ros2/share/sllidar_ros2/launch/sllidar_c1_launch.py
[1.497s] -- Up-to-date symlink: /home/gowheel/gowheel_ws/install/sllidar_ros2/share/sllidar_ros2/launch/sllidar_s1_launch.py
[1.497s] -- Up-to-date symlink: /home/gowheel/gowheel_ws/install/sllidar_ros2/share/sllidar_ros2/launch/sllidar_s1_tcp_launch.py
[1.497s] -- Up-to-date symlink: /home/gowheel/gowheel_ws/install/sllidar_ros2/share/sllidar_ros2/launch/sllidar_s2_launch.py
[1.497s] -- Up-to-date symlink: /home/gowheel/gowheel_ws/install/sllidar_ros2/share/sllidar_ros2/launch/sllidar_s2e_launch.py
[1.497s] -- Up-to-date symlink: /home/gowheel/gowheel_ws/install/sllidar_ros2/share/sllidar_ros2/launch/sllidar_s3_launch.py
[1.497s] -- Up-to-date symlink: /home/gowheel/gowheel_ws/install/sllidar_ros2/share/sllidar_ros2/launch/sllidar_t1_launch.py
[1.498s] -- Up-to-date symlink: /home/gowheel/gowheel_ws/install/sllidar_ros2/share/sllidar_ros2/launch/view_sllidar_a1_launch.py
[1.498s] -- Up-to-date symlink: /home/gowheel/gowheel_ws/install/sllidar_ros2/share/sllidar_ros2/launch/view_sllidar_a2m12_launch.py
[1.498s] -- Up-to-date symlink: /home/gowheel/gowheel_ws/install/sllidar_ros2/share/sllidar_ros2/launch/view_sllidar_a2m7_launch.py
[1.498s] -- Up-to-date symlink: /home/gowheel/gowheel_ws/install/sllidar_ros2/share/sllidar_ros2/launch/view_sllidar_a2m8_launch.py
[1.498s] -- Up-to-date symlink: /home/gowheel/gowheel_ws/install/sllidar_ros2/share/sllidar_ros2/launch/view_sllidar_a3_launch.py
[1.498s] -- Up-to-date symlink: /home/gowheel/gowheel_ws/install/sllidar_ros2/share/sllidar_ros2/launch/view_sllidar_c1_launch.py
[1.498s] -- Up-to-date symlink: /home/gowheel/gowheel_ws/install/sllidar_ros2/share/sllidar_ros2/launch/view_sllidar_s1_launch.py
[1.498s] -- Up-to-date symlink: /home/gowheel/gowheel_ws/install/sllidar_ros2/share/sllidar_ros2/launch/view_sllidar_s1_tcp_launch.py
[1.499s] -- Up-to-date symlink: /home/gowheel/gowheel_ws/install/sllidar_ros2/share/sllidar_ros2/launch/view_sllidar_s2_launch.py
[1.499s] -- Up-to-date symlink: /home/gowheel/gowheel_ws/install/sllidar_ros2/share/sllidar_ros2/launch/view_sllidar_s2e_launch.py
[1.499s] -- Up-to-date symlink: /home/gowheel/gowheel_ws/install/sllidar_ros2/share/sllidar_ros2/launch/view_sllidar_s3_launch.py
[1.499s] -- Up-to-date symlink: /home/gowheel/gowheel_ws/install/sllidar_ros2/share/sllidar_ros2/launch/view_sllidar_t1_launch.py
[1.499s] -- Up-to-date symlink: /home/gowheel/gowheel_ws/install/sllidar_ros2/share/sllidar_ros2/rviz/sllidar_ros2.rviz
[1.500s] -- Up-to-date symlink: /home/gowheel/gowheel_ws/install/sllidar_ros2/lib/sllidar_ros2/sllidar_node
[1.500s] -- Up-to-date symlink: /home/gowheel/gowheel_ws/install/sllidar_ros2/lib/sllidar_ros2/sllidar_client
[1.500s] -- Up-to-date symlink: /home/gowheel/gowheel_ws/install/sllidar_ros2/share/ament_index/resource_index/package_run_dependencies/sllidar_ros2
[1.500s] -- Up-to-date symlink: /home/gowheel/gowheel_ws/install/sllidar_ros2/share/ament_index/resource_index/parent_prefix_path/sllidar_ros2
[1.500s] -- Up-to-date symlink: /home/gowheel/gowheel_ws/install/sllidar_ros2/share/sllidar_ros2/environment/ament_prefix_path.sh
[1.501s] -- Up-to-date symlink: /home/gowheel/gowheel_ws/install/sllidar_ros2/share/sllidar_ros2/environment/ament_prefix_path.dsv
[1.501s] -- Up-to-date symlink: /home/gowheel/gowheel_ws/install/sllidar_ros2/share/sllidar_ros2/environment/path.sh
[1.501s] -- Up-to-date symlink: /home/gowheel/gowheel_ws/install/sllidar_ros2/share/sllidar_ros2/environment/path.dsv
[1.501s] -- Up-to-date symlink: /home/gowheel/gowheel_ws/install/sllidar_ros2/share/sllidar_ros2/local_setup.bash
[1.501s] -- Up-to-date symlink: /home/gowheel/gowheel_ws/install/sllidar_ros2/share/sllidar_ros2/local_setup.sh
[1.502s] -- Up-to-date symlink: /home/gowheel/gowheel_ws/install/sllidar_ros2/share/sllidar_ros2/local_setup.zsh
[1.502s] -- Up-to-date symlink: /home/gowheel/gowheel_ws/install/sllidar_ros2/share/sllidar_ros2/local_setup.dsv
[1.502s] -- Symlinking: /home/gowheel/gowheel_ws/install/sllidar_ros2/share/sllidar_ros2/package.dsv
[1.522s] -- Up-to-date symlink: /home/gowheel/gowheel_ws/install/sllidar_ros2/share/ament_index/resource_index/packages/sllidar_ros2
[1.522s] -- Up-to-date symlink: /home/gowheel/gowheel_ws/install/sllidar_ros2/share/sllidar_ros2/cmake/ament_cmake_export_dependencies-extras.cmake
[1.522s] -- Up-to-date symlink: /home/gowheel/gowheel_ws/install/sllidar_ros2/share/sllidar_ros2/cmake/ament_cmake_export_include_directories-extras.cmake
[1.522s] -- Up-to-date symlink: /home/gowheel/gowheel_ws/install/sllidar_ros2/share/sllidar_ros2/cmake/sllidar_ros2Config.cmake
[1.522s] -- Up-to-date symlink: /home/gowheel/gowheel_ws/install/sllidar_ros2/share/sllidar_ros2/cmake/sllidar_ros2Config-version.cmake
[1.522s] -- Up-to-date symlink: /home/gowheel/gowheel_ws/install/sllidar_ros2/share/sllidar_ros2/package.xml
[1.526s] Invoked command in '/home/gowheel/gowheel_ws/build/sllidar_ros2' returned '0': CMAKE_PREFIX_PATH=${CMAKE_PREFIX_PATH}:/home/gowheel/gowheel_ws/install/servo_node:/home/gowheel/gowheel_ws/install/robot_controller:/home/gowheel/gowheel_ws/install/lidar_node:/home/gowheel/gowheel_ws/install/camera_node:/opt/ros/jazzy DEBUGINFOD_URLS=https://debuginfod.ubuntu.com /usr/bin/cmake --install /home/gowheel/gowheel_ws/build/sllidar_ros2
