running develop
running egg_info
creating servo_node.egg-info
writing servo_node.egg-info/PKG-INFO
writing dependency_links to servo_node.egg-info/dependency_links.txt
writing entry points to servo_node.egg-info/entry_points.txt
writing requirements to servo_node.egg-info/requires.txt
writing top-level names to servo_node.egg-info/top_level.txt
writing manifest file 'servo_node.egg-info/SOURCES.txt'
reading manifest file 'servo_node.egg-info/SOURCES.txt'
writing manifest file 'servo_node.egg-info/SOURCES.txt'
running build_ext
Creating /home/gowheel/gowheel_ws/install/servo_node/lib/python3.12/site-packages/servo-node.egg-link (link to .)
Installing servo_node script to /home/gowheel/gowheel_ws/install/servo_node/lib/servo_node

Installed /home/gowheel/gowheel_ws/build/servo_node
running symlink_data
creating /home/gowheel/gowheel_ws/install/servo_node/share/ament_index
creating /home/gowheel/gowheel_ws/install/servo_node/share/ament_index/resource_index
creating /home/gowheel/gowheel_ws/install/servo_node/share/ament_index/resource_index/packages
symbolically linking /home/gowheel/gowheel_ws/build/servo_node/resource/servo_node -> /home/gowheel/gowheel_ws/install/servo_node/share/ament_index/resource_index/packages
symbolically linking /home/gowheel/gowheel_ws/build/servo_node/package.xml -> /home/gowheel/gowheel_ws/install/servo_node/share/servo_node
