[2.649s] Invoking command in '/home/gowheel/gowheel_ws/src/lidar_node': DEBUGINFOD_URLS=https://debuginfod.ubuntu.com PYTHONPATH=/home/gowheel/gowheel_ws/build/lidar_node/prefix_override:/usr/lib/python3/dist-packages/colcon_core/task/python/colcon_distutils_commands:/home/gowheel/gowheel_ws/install/lidar_node/lib/python3.12/site-packages:${PYTHONPATH} /usr/bin/python3 -W ignore:setup.py install is deprecated -W ignore:easy_install command is deprecated setup.py egg_info --egg-base ../../build/lidar_node build --build-base /home/gowheel/gowheel_ws/build/lidar_node/build install --record /home/gowheel/gowheel_ws/build/lidar_node/install.log --single-version-externally-managed install_data
[3.131s] running egg_info
[3.158s] writing ../../build/lidar_node/lidar_node.egg-info/PKG-INFO
[3.159s] writing dependency_links to ../../build/lidar_node/lidar_node.egg-info/dependency_links.txt
[3.164s] writing entry points to ../../build/lidar_node/lidar_node.egg-info/entry_points.txt
[3.164s] writing requirements to ../../build/lidar_node/lidar_node.egg-info/requires.txt
[3.165s] writing top-level names to ../../build/lidar_node/lidar_node.egg-info/top_level.txt
[3.247s] reading manifest file '../../build/lidar_node/lidar_node.egg-info/SOURCES.txt'
[3.249s] writing manifest file '../../build/lidar_node/lidar_node.egg-info/SOURCES.txt'
[3.249s] running build
[3.249s] running build_py
[3.250s] copying lidar_node/lidar_node.py -> /home/gowheel/gowheel_ws/build/lidar_node/build/lib/lidar_node
[3.253s] running install
[3.262s] running install_lib
[3.295s] copying /home/gowheel/gowheel_ws/build/lidar_node/build/lib/lidar_node/lidar_node.py -> /home/gowheel/gowheel_ws/install/lidar_node/lib/python3.12/site-packages/lidar_node
[3.298s] byte-compiling /home/gowheel/gowheel_ws/install/lidar_node/lib/python3.12/site-packages/lidar_node/lidar_node.py to lidar_node.cpython-312.pyc
[3.298s] running install_data
[3.298s] running install_egg_info
[3.343s] removing '/home/gowheel/gowheel_ws/install/lidar_node/lib/python3.12/site-packages/lidar_node-0.0.0-py3.12.egg-info' (and everything under it)
[3.346s] Copying ../../build/lidar_node/lidar_node.egg-info to /home/gowheel/gowheel_ws/install/lidar_node/lib/python3.12/site-packages/lidar_node-0.0.0-py3.12.egg-info
[3.348s] running install_scripts
[3.591s] Installing lidar_node script to /home/gowheel/gowheel_ws/install/lidar_node/lib/lidar_node
[3.594s] writing list of installed files to '/home/gowheel/gowheel_ws/build/lidar_node/install.log'
[3.841s] Invoked command in '/home/gowheel/gowheel_ws/src/lidar_node' returned '0': DEBUGINFOD_URLS=https://debuginfod.ubuntu.com PYTHONPATH=/home/gowheel/gowheel_ws/build/lidar_node/prefix_override:/usr/lib/python3/dist-packages/colcon_core/task/python/colcon_distutils_commands:/home/gowheel/gowheel_ws/install/lidar_node/lib/python3.12/site-packages:${PYTHONPATH} /usr/bin/python3 -W ignore:setup.py install is deprecated -W ignore:easy_install command is deprecated setup.py egg_info --egg-base ../../build/lidar_node build --build-base /home/gowheel/gowheel_ws/build/lidar_node/build install --record /home/gowheel/gowheel_ws/build/lidar_node/install.log --single-version-externally-managed install_data
