[0.511s] DEBUG:colcon:Command line arguments: ['/usr/bin/colcon', 'list', '-p', '--base-paths', '/home/gowheel/gowheel_ws']
[0.511s] DEBUG:colcon:Parsed command line arguments: Namespace(log_base=None, log_level=None, verb_name='list', build_base='build', ignore_user_meta=False, metas=['./colcon.meta'], base_paths=['/home/gowheel/gowheel_ws'], packages_ignore=None, packages_ignore_regex=None, paths=None, packages_up_to=None, packages_up_to_regex=None, packages_above=None, packages_above_and_dependencies=None, packages_above_depth=None, packages_select_by_dep=None, packages_skip_by_dep=None, packages_skip_up_to=None, packages_select_build_failed=False, packages_skip_build_finished=False, packages_select_test_failures=False, packages_skip_test_passed=False, packages_select=None, packages_skip=None, packages_select_regex=None, packages_skip_regex=None, packages_start=None, packages_end=None, allow_overriding=[], topological_order=False, names_only=False, paths_only=True, topological_graph=False, topological_graph_dot=False, topological_graph_density=False, topological_graph_legend=False, topological_graph_dot_cluster=False, topological_graph_dot_include_skipped=False, mixin_files=None, mixin=None, verb_parser=<colcon_mixin.mixin.mixin_argument.MixinArgumentDecorator object at 0xffffbc410260>, verb_extension=<colcon_package_information.verb.list.ListVerb object at 0xffffbc3df440>, main=<bound method ListVerb.main of <colcon_package_information.verb.list.ListVerb object at 0xffffbc3df440>>, mixin_verb=('list',))
[0.800s] Level 1:colcon.colcon_core.package_discovery:discover_packages(colcon_meta) check parameters
[0.800s] Level 1:colcon.colcon_core.package_discovery:discover_packages(recursive) check parameters
[0.800s] Level 1:colcon.colcon_core.package_discovery:discover_packages(ignore) check parameters
[0.800s] Level 1:colcon.colcon_core.package_discovery:discover_packages(path) check parameters
[0.800s] Level 1:colcon.colcon_core.package_discovery:discover_packages(recursive) discover
[0.801s] INFO:colcon.colcon_core.package_discovery:Crawling recursively for packages in '/home/gowheel/gowheel_ws'
[0.801s] Level 1:colcon.colcon_core.package_identification:_identify(/home/gowheel/gowheel_ws) by extensions ['ignore', 'ignore_ament_install']
[0.802s] Level 1:colcon.colcon_core.package_identification:_identify(/home/gowheel/gowheel_ws) by extension 'ignore'
[0.802s] Level 1:colcon.colcon_core.package_identification:_identify(/home/gowheel/gowheel_ws) by extension 'ignore_ament_install'
[0.802s] Level 1:colcon.colcon_core.package_identification:_identify(/home/gowheel/gowheel_ws) by extensions ['colcon_pkg']
[0.802s] Level 1:colcon.colcon_core.package_identification:_identify(/home/gowheel/gowheel_ws) by extension 'colcon_pkg'
[0.802s] Level 1:colcon.colcon_core.package_identification:_identify(/home/gowheel/gowheel_ws) by extensions ['colcon_meta']
[0.803s] Level 1:colcon.colcon_core.package_identification:_identify(/home/gowheel/gowheel_ws) by extension 'colcon_meta'
[0.803s] Level 1:colcon.colcon_core.package_identification:_identify(/home/gowheel/gowheel_ws) by extensions ['ros']
[0.803s] Level 1:colcon.colcon_core.package_identification:_identify(/home/gowheel/gowheel_ws) by extension 'ros'
[1.059s] Level 1:colcon.colcon_core.package_identification:_identify(/home/gowheel/gowheel_ws) by extensions ['cmake', 'python']
[1.060s] Level 1:colcon.colcon_core.package_identification:_identify(/home/gowheel/gowheel_ws) by extension 'cmake'
[1.060s] Level 1:colcon.colcon_core.package_identification:_identify(/home/gowheel/gowheel_ws) by extension 'python'
[1.060s] Level 1:colcon.colcon_core.package_identification:_identify(/home/gowheel/gowheel_ws) by extensions ['python_setup_py']
[1.060s] Level 1:colcon.colcon_core.package_identification:_identify(/home/gowheel/gowheel_ws) by extension 'python_setup_py'
[1.061s] Level 1:colcon.colcon_core.package_identification:_identify(/home/gowheel/gowheel_ws/build) by extensions ['ignore', 'ignore_ament_install']
[1.062s] Level 1:colcon.colcon_core.package_identification:_identify(/home/gowheel/gowheel_ws/build) by extension 'ignore'
[1.062s] Level 1:colcon.colcon_core.package_identification:_identify(/home/gowheel/gowheel_ws/build) ignored
[1.063s] Level 1:colcon.colcon_core.package_identification:_identify(/home/gowheel/gowheel_ws/install) by extensions ['ignore', 'ignore_ament_install']
[1.063s] Level 1:colcon.colcon_core.package_identification:_identify(/home/gowheel/gowheel_ws/install) by extension 'ignore'
[1.063s] Level 1:colcon.colcon_core.package_identification:_identify(/home/gowheel/gowheel_ws/install) ignored
[1.063s] Level 1:colcon.colcon_core.package_identification:_identify(/home/gowheel/gowheel_ws/log) by extensions ['ignore', 'ignore_ament_install']
[1.063s] Level 1:colcon.colcon_core.package_identification:_identify(/home/gowheel/gowheel_ws/log) by extension 'ignore'
[1.064s] Level 1:colcon.colcon_core.package_identification:_identify(/home/gowheel/gowheel_ws/log) ignored
[1.064s] Level 1:colcon.colcon_core.package_identification:_identify(/home/gowheel/gowheel_ws/src) by extensions ['ignore', 'ignore_ament_install']
[1.064s] Level 1:colcon.colcon_core.package_identification:_identify(/home/gowheel/gowheel_ws/src) by extension 'ignore'
[1.065s] Level 1:colcon.colcon_core.package_identification:_identify(/home/gowheel/gowheel_ws/src) by extension 'ignore_ament_install'
[1.065s] Level 1:colcon.colcon_core.package_identification:_identify(/home/gowheel/gowheel_ws/src) by extensions ['colcon_pkg']
[1.065s] Level 1:colcon.colcon_core.package_identification:_identify(/home/gowheel/gowheel_ws/src) by extension 'colcon_pkg'
[1.066s] Level 1:colcon.colcon_core.package_identification:_identify(/home/gowheel/gowheel_ws/src) by extensions ['colcon_meta']
[1.066s] Level 1:colcon.colcon_core.package_identification:_identify(/home/gowheel/gowheel_ws/src) by extension 'colcon_meta'
[1.066s] Level 1:colcon.colcon_core.package_identification:_identify(/home/gowheel/gowheel_ws/src) by extensions ['ros']
[1.066s] Level 1:colcon.colcon_core.package_identification:_identify(/home/gowheel/gowheel_ws/src) by extension 'ros'
[1.066s] Level 1:colcon.colcon_core.package_identification:_identify(/home/gowheel/gowheel_ws/src) by extensions ['cmake', 'python']
[1.066s] Level 1:colcon.colcon_core.package_identification:_identify(/home/gowheel/gowheel_ws/src) by extension 'cmake'
[1.067s] Level 1:colcon.colcon_core.package_identification:_identify(/home/gowheel/gowheel_ws/src) by extension 'python'
[1.067s] Level 1:colcon.colcon_core.package_identification:_identify(/home/gowheel/gowheel_ws/src) by extensions ['python_setup_py']
[1.067s] Level 1:colcon.colcon_core.package_identification:_identify(/home/gowheel/gowheel_ws/src) by extension 'python_setup_py'
[1.067s] Level 1:colcon.colcon_core.package_identification:_identify(/home/gowheel/gowheel_ws/src/robot_controller) by extensions ['ignore', 'ignore_ament_install']
[1.068s] Level 1:colcon.colcon_core.package_identification:_identify(/home/gowheel/gowheel_ws/src/robot_controller) by extension 'ignore'
[1.068s] Level 1:colcon.colcon_core.package_identification:_identify(/home/gowheel/gowheel_ws/src/robot_controller) by extension 'ignore_ament_install'
[1.068s] Level 1:colcon.colcon_core.package_identification:_identify(/home/gowheel/gowheel_ws/src/robot_controller) by extensions ['colcon_pkg']
[1.068s] Level 1:colcon.colcon_core.package_identification:_identify(/home/gowheel/gowheel_ws/src/robot_controller) by extension 'colcon_pkg'
[1.068s] Level 1:colcon.colcon_core.package_identification:_identify(/home/gowheel/gowheel_ws/src/robot_controller) by extensions ['colcon_meta']
[1.068s] Level 1:colcon.colcon_core.package_identification:_identify(/home/gowheel/gowheel_ws/src/robot_controller) by extension 'colcon_meta'
[1.068s] Level 1:colcon.colcon_core.package_identification:_identify(/home/gowheel/gowheel_ws/src/robot_controller) by extensions ['ros']
[1.068s] Level 1:colcon.colcon_core.package_identification:_identify(/home/gowheel/gowheel_ws/src/robot_controller) by extension 'ros'
[1.084s] DEBUG:colcon.colcon_core.package_identification:Package '/home/gowheel/gowheel_ws/src/robot_controller' with type 'ros.ament_python' and name 'robot_controller'
[1.086s] Level 1:colcon.colcon_core.package_discovery:discover_packages(recursive) using defaults
