[1.607s] Invoking command in '/home/gowheel/gowheel_ws/build/robot_controller': DEBUGINFOD_URLS=https://debuginfod.ubuntu.com PYTHONPATH=/home/gowheel/gowheel_ws/build/robot_controller/prefix_override:/usr/lib/python3/dist-packages/colcon_core/task/python/colcon_distutils_commands:/home/gowheel/gowheel_ws/install/robot_controller/lib/python3.12/site-packages:${PYTHONPATH} /usr/bin/python3 -W ignore:setup.py install is deprecated -W ignore:easy_install command is deprecated setup.py develop --uninstall --editable --build-directory /home/gowheel/gowheel_ws/build/robot_controller/build
[2.049s] running develop
[2.329s] Removing /home/gowheel/gowheel_ws/install/robot_controller/lib/python3.12/site-packages/robot-controller.egg-link (link to .)
[2.458s] Invoked command in '/home/gowheel/gowheel_ws/build/robot_controller' returned '0': DEBUGINFOD_URLS=https://debuginfod.ubuntu.com PYTHONPATH=/home/gowheel/gowheel_ws/build/robot_controller/prefix_override:/usr/lib/python3/dist-packages/colcon_core/task/python/colcon_distutils_commands:/home/gowheel/gowheel_ws/install/robot_controller/lib/python3.12/site-packages:${PYTHONPATH} /usr/bin/python3 -W ignore:setup.py install is deprecated -W ignore:easy_install command is deprecated setup.py develop --uninstall --editable --build-directory /home/gowheel/gowheel_ws/build/robot_controller/build
[2.462s] Invoking command in '/home/gowheel/gowheel_ws/src/robot_controller': DEBUGINFOD_URLS=https://debuginfod.ubuntu.com PYTHONPATH=/home/gowheel/gowheel_ws/build/robot_controller/prefix_override:/usr/lib/python3/dist-packages/colcon_core/task/python/colcon_distutils_commands:/home/gowheel/gowheel_ws/install/robot_controller/lib/python3.12/site-packages:${PYTHONPATH} /usr/bin/python3 -W ignore:setup.py install is deprecated -W ignore:easy_install command is deprecated setup.py egg_info --egg-base ../../build/robot_controller build --build-base /home/gowheel/gowheel_ws/build/robot_controller/build install --record /home/gowheel/gowheel_ws/build/robot_controller/install.log --single-version-externally-managed install_data --force
[2.829s] running egg_info
[2.854s] writing ../../build/robot_controller/robot_controller.egg-info/PKG-INFO
[2.854s] writing dependency_links to ../../build/robot_controller/robot_controller.egg-info/dependency_links.txt
[2.856s] writing entry points to ../../build/robot_controller/robot_controller.egg-info/entry_points.txt
[2.857s] writing requirements to ../../build/robot_controller/robot_controller.egg-info/requires.txt
[2.859s] writing top-level names to ../../build/robot_controller/robot_controller.egg-info/top_level.txt
[2.920s] reading manifest file '../../build/robot_controller/robot_controller.egg-info/SOURCES.txt'
[2.921s] writing manifest file '../../build/robot_controller/robot_controller.egg-info/SOURCES.txt'
[2.922s] running build
[2.922s] running build_py
[2.922s] copying robot_controller/first_node.py -> /home/gowheel/gowheel_ws/build/robot_controller/build/lib/robot_controller
[2.922s] running install
[2.932s] running install_lib
[2.956s] creating /home/gowheel/gowheel_ws/install/robot_controller/lib/python3.12/site-packages/robot_controller
[2.957s] copying /home/gowheel/gowheel_ws/build/robot_controller/build/lib/robot_controller/__init__.py -> /home/gowheel/gowheel_ws/install/robot_controller/lib/python3.12/site-packages/robot_controller
[2.957s] copying /home/gowheel/gowheel_ws/build/robot_controller/build/lib/robot_controller/first_node.py -> /home/gowheel/gowheel_ws/install/robot_controller/lib/python3.12/site-packages/robot_controller
[2.958s] byte-compiling /home/gowheel/gowheel_ws/install/robot_controller/lib/python3.12/site-packages/robot_controller/__init__.py to __init__.cpython-312.pyc
[2.958s] byte-compiling /home/gowheel/gowheel_ws/install/robot_controller/lib/python3.12/site-packages/robot_controller/first_node.py to first_node.cpython-312.pyc
[2.958s] running install_data
[2.958s] copying resource/robot_controller -> /home/gowheel/gowheel_ws/install/robot_controller/share/ament_index/resource_index/packages
[2.959s] copying package.xml -> /home/gowheel/gowheel_ws/install/robot_controller/share/robot_controller
[2.959s] running install_egg_info
[2.986s] Copying ../../build/robot_controller/robot_controller.egg-info to /home/gowheel/gowheel_ws/install/robot_controller/lib/python3.12/site-packages/robot_controller-0.0.0-py3.12.egg-info
[2.987s] running install_scripts
[3.170s] Installing controller_node script to /home/gowheel/gowheel_ws/install/robot_controller/lib/robot_controller
[3.170s] writing list of installed files to '/home/gowheel/gowheel_ws/build/robot_controller/install.log'
[3.250s] Invoked command in '/home/gowheel/gowheel_ws/src/robot_controller' returned '0': DEBUGINFOD_URLS=https://debuginfod.ubuntu.com PYTHONPATH=/home/gowheel/gowheel_ws/build/robot_controller/prefix_override:/usr/lib/python3/dist-packages/colcon_core/task/python/colcon_distutils_commands:/home/gowheel/gowheel_ws/install/robot_controller/lib/python3.12/site-packages:${PYTHONPATH} /usr/bin/python3 -W ignore:setup.py install is deprecated -W ignore:easy_install command is deprecated setup.py egg_info --egg-base ../../build/robot_controller build --build-base /home/gowheel/gowheel_ws/build/robot_controller/build install --record /home/gowheel/gowheel_ws/build/robot_controller/install.log --single-version-externally-managed install_data --force
