[2.625s] Invoking command in '/home/gowheel/gowheel_ws/src/lidar_node': DEBUGINFOD_URLS=https://debuginfod.ubuntu.com PYTHONPATH=/home/gowheel/gowheel_ws/build/lidar_node/prefix_override:/usr/lib/python3/dist-packages/colcon_core/task/python/colcon_distutils_commands:/home/gowheel/gowheel_ws/install/lidar_node/lib/python3.12/site-packages:${PYTHONPATH} /usr/bin/python3 -W ignore:setup.py install is deprecated -W ignore:easy_install command is deprecated setup.py egg_info --egg-base ../../build/lidar_node build --build-base /home/gowheel/gowheel_ws/build/lidar_node/build install --record /home/gowheel/gowheel_ws/build/lidar_node/install.log --single-version-externally-managed install_data
[3.137s] running egg_info
[3.168s] writing ../../build/lidar_node/lidar_node.egg-info/PKG-INFO
[3.169s] writing dependency_links to ../../build/lidar_node/lidar_node.egg-info/dependency_links.txt
[3.170s] writing entry points to ../../build/lidar_node/lidar_node.egg-info/entry_points.txt
[3.170s] writing requirements to ../../build/lidar_node/lidar_node.egg-info/requires.txt
[3.170s] writing top-level names to ../../build/lidar_node/lidar_node.egg-info/top_level.txt
[3.231s] reading manifest file '../../build/lidar_node/lidar_node.egg-info/SOURCES.txt'
[3.232s] writing manifest file '../../build/lidar_node/lidar_node.egg-info/SOURCES.txt'
[3.232s] running build
[3.232s] running build_py
[3.233s] running install
[3.244s] running install_lib
[3.273s] running install_data
[3.273s] running install_egg_info
[3.304s] removing '/home/gowheel/gowheel_ws/install/lidar_node/lib/python3.12/site-packages/lidar_node-0.0.0-py3.12.egg-info' (and everything under it)
[3.305s] Copying ../../build/lidar_node/lidar_node.egg-info to /home/gowheel/gowheel_ws/install/lidar_node/lib/python3.12/site-packages/lidar_node-0.0.0-py3.12.egg-info
[3.308s] running install_scripts
[3.550s] Installing lidar_node script to /home/gowheel/gowheel_ws/install/lidar_node/lib/lidar_node
[3.550s] writing list of installed files to '/home/gowheel/gowheel_ws/build/lidar_node/install.log'
[3.707s] Invoked command in '/home/gowheel/gowheel_ws/src/lidar_node' returned '0': DEBUGINFOD_URLS=https://debuginfod.ubuntu.com PYTHONPATH=/home/gowheel/gowheel_ws/build/lidar_node/prefix_override:/usr/lib/python3/dist-packages/colcon_core/task/python/colcon_distutils_commands:/home/gowheel/gowheel_ws/install/lidar_node/lib/python3.12/site-packages:${PYTHONPATH} /usr/bin/python3 -W ignore:setup.py install is deprecated -W ignore:easy_install command is deprecated setup.py egg_info --egg-base ../../build/lidar_node build --build-base /home/gowheel/gowheel_ws/build/lidar_node/build install --record /home/gowheel/gowheel_ws/build/lidar_node/install.log --single-version-externally-managed install_data
