[0.059s] Invoking command in '/home/gowheel/gowheel_ws/build/sllidar_ros2': CMAKE_PREFIX_PATH=${CMAKE_PREFIX_PATH}:/home/gowheel/gowheel_ws/install/servo_node:/home/gowheel/gowheel_ws/install/robot_controller:/home/gowheel/gowheel_ws/install/lidar_node:/home/gowheel/gowheel_ws/install/camera_node:/opt/ros/jazzy DEBUGINFOD_URLS=https://debuginfod.ubuntu.com /usr/bin/cmake --build /home/gowheel/gowheel_ws/build/sllidar_ros2 -- -j4 -l4
[0.529s] [ 10%] Built target sllidar_client
[0.602s] [100%] Built target sllidar_node
[0.635s] Invoked command in '/home/gowheel/gowheel_ws/build/sllidar_ros2' returned '0': CMAKE_PREFIX_PATH=${CMAKE_PREFIX_PATH}:/home/gowheel/gowheel_ws/install/servo_node:/home/gowheel/gowheel_ws/install/robot_controller:/home/gowheel/gowheel_ws/install/lidar_node:/home/gowheel/gowheel_ws/install/camera_node:/opt/ros/jazzy DEBUGINFOD_URLS=https://debuginfod.ubuntu.com /usr/bin/cmake --build /home/gowheel/gowheel_ws/build/sllidar_ros2 -- -j4 -l4
[0.668s] Invoking command in '/home/gowheel/gowheel_ws/build/sllidar_ros2': CMAKE_PREFIX_PATH=${CMAKE_PREFIX_PATH}:/home/gowheel/gowheel_ws/install/servo_node:/home/gowheel/gowheel_ws/install/robot_controller:/home/gowheel/gowheel_ws/install/lidar_node:/home/gowheel/gowheel_ws/install/camera_node:/opt/ros/jazzy DEBUGINFOD_URLS=https://debuginfod.ubuntu.com /usr/bin/cmake --install /home/gowheel/gowheel_ws/build/sllidar_ros2
[0.691s] -- Install configuration: ""
[0.692s] -- Execute custom install script
[0.695s] -- Up-to-date symlink: /home/gowheel/gowheel_ws/install/sllidar_ros2/share/sllidar_ros2/launch/sllidar_a1_launch.py
[0.695s] -- Up-to-date symlink: /home/gowheel/gowheel_ws/install/sllidar_ros2/share/sllidar_ros2/launch/sllidar_a2m12_launch .py
[0.695s] -- Up-to-date symlink: /home/gowheel/gowheel_ws/install/sllidar_ros2/share/sllidar_ros2/launch/sllidar_a2m7_launch.py
[0.695s] -- Up-to-date symlink: /home/gowheel/gowheel_ws/install/sllidar_ros2/share/sllidar_ros2/launch/sllidar_a2m8_launch.py
[0.695s] -- Up-to-date symlink: /home/gowheel/gowheel_ws/install/sllidar_ros2/share/sllidar_ros2/launch/sllidar_a3_launch.py
[0.695s] -- Up-to-date symlink: /home/gowheel/gowheel_ws/install/sllidar_ros2/share/sllidar_ros2/launch/sllidar_c1_launch.py
[0.696s] -- Up-to-date symlink: /home/gowheel/gowheel_ws/install/sllidar_ros2/share/sllidar_ros2/launch/sllidar_s1_launch.py
[0.696s] -- Up-to-date symlink: /home/gowheel/gowheel_ws/install/sllidar_ros2/share/sllidar_ros2/launch/sllidar_s1_tcp_launch.py
[0.696s] -- Up-to-date symlink: /home/gowheel/gowheel_ws/install/sllidar_ros2/share/sllidar_ros2/launch/sllidar_s2_launch.py
[0.696s] -- Up-to-date symlink: /home/gowheel/gowheel_ws/install/sllidar_ros2/share/sllidar_ros2/launch/sllidar_s2e_launch.py
[0.696s] -- Up-to-date symlink: /home/gowheel/gowheel_ws/install/sllidar_ros2/share/sllidar_ros2/launch/sllidar_s3_launch.py
[0.696s] -- Up-to-date symlink: /home/gowheel/gowheel_ws/install/sllidar_ros2/share/sllidar_ros2/launch/sllidar_t1_launch.py
[0.696s] -- Up-to-date symlink: /home/gowheel/gowheel_ws/install/sllidar_ros2/share/sllidar_ros2/launch/view_sllidar_a1_launch.py
[0.696s] -- Up-to-date symlink: /home/gowheel/gowheel_ws/install/sllidar_ros2/share/sllidar_ros2/launch/view_sllidar_a2m12_launch.py
[0.697s] -- Up-to-date symlink: /home/gowheel/gowheel_ws/install/sllidar_ros2/share/sllidar_ros2/launch/view_sllidar_a2m7_launch.py
[0.697s] -- Up-to-date symlink: /home/gowheel/gowheel_ws/install/sllidar_ros2/share/sllidar_ros2/launch/view_sllidar_a2m8_launch.py
[0.697s] -- Up-to-date symlink: /home/gowheel/gowheel_ws/install/sllidar_ros2/share/sllidar_ros2/launch/view_sllidar_a3_launch.py
[0.697s] -- Up-to-date symlink: /home/gowheel/gowheel_ws/install/sllidar_ros2/share/sllidar_ros2/launch/view_sllidar_c1_launch.py
[0.697s] -- Up-to-date symlink: /home/gowheel/gowheel_ws/install/sllidar_ros2/share/sllidar_ros2/launch/view_sllidar_s1_launch.py
[0.697s] -- Up-to-date symlink: /home/gowheel/gowheel_ws/install/sllidar_ros2/share/sllidar_ros2/launch/view_sllidar_s1_tcp_launch.py
[0.697s] -- Up-to-date symlink: /home/gowheel/gowheel_ws/install/sllidar_ros2/share/sllidar_ros2/launch/view_sllidar_s2_launch.py
[0.698s] -- Up-to-date symlink: /home/gowheel/gowheel_ws/install/sllidar_ros2/share/sllidar_ros2/launch/view_sllidar_s2e_launch.py
[0.698s] -- Up-to-date symlink: /home/gowheel/gowheel_ws/install/sllidar_ros2/share/sllidar_ros2/launch/view_sllidar_s3_launch.py
[0.698s] -- Up-to-date symlink: /home/gowheel/gowheel_ws/install/sllidar_ros2/share/sllidar_ros2/launch/view_sllidar_t1_launch.py
[0.698s] -- Up-to-date symlink: /home/gowheel/gowheel_ws/install/sllidar_ros2/share/sllidar_ros2/rviz/sllidar_ros2.rviz
[0.700s] -- Up-to-date symlink: /home/gowheel/gowheel_ws/install/sllidar_ros2/lib/sllidar_ros2/sllidar_node
[0.700s] -- Up-to-date symlink: /home/gowheel/gowheel_ws/install/sllidar_ros2/lib/sllidar_ros2/sllidar_client
[0.700s] -- Up-to-date symlink: /home/gowheel/gowheel_ws/install/sllidar_ros2/share/ament_index/resource_index/package_run_dependencies/sllidar_ros2
[0.701s] -- Up-to-date symlink: /home/gowheel/gowheel_ws/install/sllidar_ros2/share/ament_index/resource_index/parent_prefix_path/sllidar_ros2
[0.701s] -- Up-to-date symlink: /home/gowheel/gowheel_ws/install/sllidar_ros2/share/sllidar_ros2/environment/ament_prefix_path.sh
[0.702s] -- Up-to-date symlink: /home/gowheel/gowheel_ws/install/sllidar_ros2/share/sllidar_ros2/environment/ament_prefix_path.dsv
[0.702s] -- Up-to-date symlink: /home/gowheel/gowheel_ws/install/sllidar_ros2/share/sllidar_ros2/environment/path.sh
[0.702s] -- Up-to-date symlink: /home/gowheel/gowheel_ws/install/sllidar_ros2/share/sllidar_ros2/environment/path.dsv
[0.704s] -- Up-to-date symlink: /home/gowheel/gowheel_ws/install/sllidar_ros2/share/sllidar_ros2/local_setup.bash
[0.704s] -- Up-to-date symlink: /home/gowheel/gowheel_ws/install/sllidar_ros2/share/sllidar_ros2/local_setup.sh
[0.704s] -- Up-to-date symlink: /home/gowheel/gowheel_ws/install/sllidar_ros2/share/sllidar_ros2/local_setup.zsh
[0.704s] -- Up-to-date symlink: /home/gowheel/gowheel_ws/install/sllidar_ros2/share/sllidar_ros2/local_setup.dsv
[0.704s] -- Symlinking: /home/gowheel/gowheel_ws/install/sllidar_ros2/share/sllidar_ros2/package.dsv
[0.726s] -- Up-to-date symlink: /home/gowheel/gowheel_ws/install/sllidar_ros2/share/ament_index/resource_index/packages/sllidar_ros2
[0.726s] -- Up-to-date symlink: /home/gowheel/gowheel_ws/install/sllidar_ros2/share/sllidar_ros2/cmake/ament_cmake_export_dependencies-extras.cmake
[0.727s] -- Up-to-date symlink: /home/gowheel/gowheel_ws/install/sllidar_ros2/share/sllidar_ros2/cmake/ament_cmake_export_include_directories-extras.cmake
[0.727s] -- Up-to-date symlink: /home/gowheel/gowheel_ws/install/sllidar_ros2/share/sllidar_ros2/cmake/sllidar_ros2Config.cmake
[0.727s] -- Up-to-date symlink: /home/gowheel/gowheel_ws/install/sllidar_ros2/share/sllidar_ros2/cmake/sllidar_ros2Config-version.cmake
[0.727s] -- Up-to-date symlink: /home/gowheel/gowheel_ws/install/sllidar_ros2/share/sllidar_ros2/package.xml
[0.749s] Invoked command in '/home/gowheel/gowheel_ws/build/sllidar_ros2' returned '0': CMAKE_PREFIX_PATH=${CMAKE_PREFIX_PATH}:/home/gowheel/gowheel_ws/install/servo_node:/home/gowheel/gowheel_ws/install/robot_controller:/home/gowheel/gowheel_ws/install/lidar_node:/home/gowheel/gowheel_ws/install/camera_node:/opt/ros/jazzy DEBUGINFOD_URLS=https://debuginfod.ubuntu.com /usr/bin/cmake --install /home/gowheel/gowheel_ws/build/sllidar_ros2
