running develop
Removing /home/gowheel/gowheel_ws/install/servo_node/lib/python3.12/site-packages/servo-node.egg-link (link to .)
running egg_info
writing ../../build/servo_node/servo_node.egg-info/PKG-INFO
writing dependency_links to ../../build/servo_node/servo_node.egg-info/dependency_links.txt
writing entry points to ../../build/servo_node/servo_node.egg-info/entry_points.txt
writing requirements to ../../build/servo_node/servo_node.egg-info/requires.txt
writing top-level names to ../../build/servo_node/servo_node.egg-info/top_level.txt
reading manifest file '../../build/servo_node/servo_node.egg-info/SOURCES.txt'
writing manifest file '../../build/servo_node/servo_node.egg-info/SOURCES.txt'
running build
running build_py
running install
running install_lib
creating /home/gowheel/gowheel_ws/install/servo_node/lib/python3.12/site-packages/servo_node
copying /home/gowheel/gowheel_ws/build/servo_node/build/lib/servo_node/__init__.py -> /home/gowheel/gowheel_ws/install/servo_node/lib/python3.12/site-packages/servo_node
copying /home/gowheel/gowheel_ws/build/servo_node/build/lib/servo_node/servo_node.py -> /home/gowheel/gowheel_ws/install/servo_node/lib/python3.12/site-packages/servo_node
byte-compiling /home/gowheel/gowheel_ws/install/servo_node/lib/python3.12/site-packages/servo_node/__init__.py to __init__.cpython-312.pyc
byte-compiling /home/gowheel/gowheel_ws/install/servo_node/lib/python3.12/site-packages/servo_node/servo_node.py to servo_node.cpython-312.pyc
running install_data
copying resource/servo_node -> /home/gowheel/gowheel_ws/install/servo_node/share/ament_index/resource_index/packages
copying package.xml -> /home/gowheel/gowheel_ws/install/servo_node/share/servo_node
running install_egg_info
Copying ../../build/servo_node/servo_node.egg-info to /home/gowheel/gowheel_ws/install/servo_node/lib/python3.12/site-packages/servo_node-0.0.0-py3.12.egg-info
running install_scripts
Installing servo_node script to /home/gowheel/gowheel_ws/install/servo_node/lib/servo_node
writing list of installed files to '/home/gowheel/gowheel_ws/build/servo_node/install.log'
