[2.669s] Invoking command in '/home/gowheel/gowheel_ws/build/robot_controller': DEBUGINFOD_URLS=https://debuginfod.ubuntu.com PYTHONPATH=/home/gowheel/gowheel_ws/build/robot_controller/prefix_override:/usr/lib/python3/dist-packages/colcon_core/task/python/colcon_distutils_commands:/home/gowheel/gowheel_ws/install/robot_controller/lib/python3.12/site-packages:${PYTHONPATH} /usr/bin/python3 -W ignore:setup.py install is deprecated -W ignore:easy_install command is deprecated setup.py develop --editable --build-directory /home/gowheel/gowheel_ws/build/robot_controller/build --no-deps symlink_data --force
[3.291s] running develop
[3.594s] running egg_info
[3.627s] writing robot_controller.egg-info/PKG-INFO
[3.627s] writing dependency_links to robot_controller.egg-info/dependency_links.txt
[3.628s] writing entry points to robot_controller.egg-info/entry_points.txt
[3.629s] writing requirements to robot_controller.egg-info/requires.txt
[3.630s] writing top-level names to robot_controller.egg-info/top_level.txt
[3.686s] reading manifest file 'robot_controller.egg-info/SOURCES.txt'
[3.688s] writing manifest file 'robot_controller.egg-info/SOURCES.txt'
[3.724s] running build_ext
[3.724s] Creating /home/gowheel/gowheel_ws/install/robot_controller/lib/python3.12/site-packages/robot-controller.egg-link (link to .)
[3.725s] Installing controller_node script to /home/gowheel/gowheel_ws/install/robot_controller/lib/robot_controller
[3.725s] Installing launch_node script to /home/gowheel/gowheel_ws/install/robot_controller/lib/robot_controller
[3.725s] 
[3.725s] Installed /home/gowheel/gowheel_ws/build/robot_controller
[3.727s] running symlink_data
[3.727s] symbolically linking /home/gowheel/gowheel_ws/build/robot_controller/resource/robot_controller -> /home/gowheel/gowheel_ws/install/robot_controller/share/ament_index/resource_index/packages
[3.727s] symbolically linking /home/gowheel/gowheel_ws/build/robot_controller/package.xml -> /home/gowheel/gowheel_ws/install/robot_controller/share/robot_controller
[3.865s] Invoked command in '/home/gowheel/gowheel_ws/build/robot_controller' returned '0': DEBUGINFOD_URLS=https://debuginfod.ubuntu.com PYTHONPATH=/home/gowheel/gowheel_ws/build/robot_controller/prefix_override:/usr/lib/python3/dist-packages/colcon_core/task/python/colcon_distutils_commands:/home/gowheel/gowheel_ws/install/robot_controller/lib/python3.12/site-packages:${PYTHONPATH} /usr/bin/python3 -W ignore:setup.py install is deprecated -W ignore:easy_install command is deprecated setup.py develop --editable --build-directory /home/gowheel/gowheel_ws/build/robot_controller/build --no-deps symlink_data --force
