running develop
Removing /home/gowheel/gowheel_ws/install/robot_controller/lib/python3.12/site-packages/robot-controller.egg-link (link to .)
running egg_info
writing ../../build/robot_controller/robot_controller.egg-info/PKG-INFO
writing dependency_links to ../../build/robot_controller/robot_controller.egg-info/dependency_links.txt
writing entry points to ../../build/robot_controller/robot_controller.egg-info/entry_points.txt
writing requirements to ../../build/robot_controller/robot_controller.egg-info/requires.txt
writing top-level names to ../../build/robot_controller/robot_controller.egg-info/top_level.txt
reading manifest file '../../build/robot_controller/robot_controller.egg-info/SOURCES.txt'
writing manifest file '../../build/robot_controller/robot_controller.egg-info/SOURCES.txt'
running build
running build_py
running install
running install_lib
creating /home/gowheel/gowheel_ws/install/robot_controller/lib/python3.12/site-packages/robot_controller
copying /home/gowheel/gowheel_ws/build/robot_controller/build/lib/robot_controller/__init__.py -> /home/gowheel/gowheel_ws/install/robot_controller/lib/python3.12/site-packages/robot_controller
copying /home/gowheel/gowheel_ws/build/robot_controller/build/lib/robot_controller/first_node.py -> /home/gowheel/gowheel_ws/install/robot_controller/lib/python3.12/site-packages/robot_controller
copying /home/gowheel/gowheel_ws/build/robot_controller/build/lib/robot_controller/launch.py -> /home/gowheel/gowheel_ws/install/robot_controller/lib/python3.12/site-packages/robot_controller
byte-compiling /home/gowheel/gowheel_ws/install/robot_controller/lib/python3.12/site-packages/robot_controller/__init__.py to __init__.cpython-312.pyc
byte-compiling /home/gowheel/gowheel_ws/install/robot_controller/lib/python3.12/site-packages/robot_controller/first_node.py to first_node.cpython-312.pyc
byte-compiling /home/gowheel/gowheel_ws/install/robot_controller/lib/python3.12/site-packages/robot_controller/launch.py to launch.cpython-312.pyc
running install_data
copying resource/robot_controller -> /home/gowheel/gowheel_ws/install/robot_controller/share/ament_index/resource_index/packages
copying package.xml -> /home/gowheel/gowheel_ws/install/robot_controller/share/robot_controller
running install_egg_info
Copying ../../build/robot_controller/robot_controller.egg-info to /home/gowheel/gowheel_ws/install/robot_controller/lib/python3.12/site-packages/robot_controller-0.0.0-py3.12.egg-info
running install_scripts
Installing controller_node script to /home/gowheel/gowheel_ws/install/robot_controller/lib/robot_controller
Installing launch_node script to /home/gowheel/gowheel_ws/install/robot_controller/lib/robot_controller
writing list of installed files to '/home/gowheel/gowheel_ws/build/robot_controller/install.log'
