[0.148s] DEBUG:colcon:Command line arguments: ['/usr/bin/colcon', 'build', '--symlink-install']
[0.148s] DEBUG:colcon:Parsed command line arguments: Namespace(log_base=None, log_level=None, verb_name='build', build_base='build', install_base='install', merge_install=False, symlink_install=True, test_result_base=None, continue_on_error=False, executor='parallel', parallel_workers=4, event_handlers=None, ignore_user_meta=False, metas=['./colcon.meta'], base_paths=['.'], packages_ignore=None, packages_ignore_regex=None, paths=None, packages_up_to=None, packages_up_to_regex=None, packages_above=None, packages_above_and_dependencies=None, packages_above_depth=None, packages_select_by_dep=None, packages_skip_by_dep=None, packages_skip_up_to=None, packages_select_build_failed=False, packages_skip_build_finished=False, packages_select_test_failures=False, packages_skip_test_passed=False, packages_select=None, packages_skip=None, packages_select_regex=None, packages_skip_regex=None, packages_start=None, packages_end=None, allow_overriding=[], cmake_args=None, cmake_target=None, cmake_target_skip_unavailable=False, cmake_clean_cache=False, cmake_clean_first=False, cmake_force_configure=False, ament_cmake_args=None, catkin_cmake_args=None, catkin_skip_building_tests=False, mixin_files=None, mixin=None, verb_parser=<colcon_mixin.mixin.mixin_argument.MixinArgumentDecorator object at 0xffffbafbbcb0>, verb_extension=<colcon_core.verb.build.BuildVerb object at 0xffffbb19c4a0>, main=<bound method BuildVerb.main of <colcon_core.verb.build.BuildVerb object at 0xffffbb19c4a0>>, mixin_verb=('build',))
[0.205s] Level 1:colcon.colcon_core.package_discovery:discover_packages(colcon_meta) check parameters
[0.206s] Level 1:colcon.colcon_core.package_discovery:discover_packages(recursive) check parameters
[0.206s] Level 1:colcon.colcon_core.package_discovery:discover_packages(ignore) check parameters
[0.206s] Level 1:colcon.colcon_core.package_discovery:discover_packages(path) check parameters
[0.206s] Level 1:colcon.colcon_core.package_discovery:discover_packages(colcon_meta) discover
[0.206s] Level 1:colcon.colcon_core.package_discovery:discover_packages(recursive) discover
[0.206s] INFO:colcon.colcon_core.package_discovery:Crawling recursively for packages in '/home/gowheel/gowheel_ws'
[0.206s] Level 1:colcon.colcon_core.package_identification:_identify(.) by extensions ['ignore', 'ignore_ament_install']
[0.206s] Level 1:colcon.colcon_core.package_identification:_identify(.) by extension 'ignore'
[0.206s] Level 1:colcon.colcon_core.package_identification:_identify(.) by extension 'ignore_ament_install'
[0.206s] Level 1:colcon.colcon_core.package_identification:_identify(.) by extensions ['colcon_pkg']
[0.206s] Level 1:colcon.colcon_core.package_identification:_identify(.) by extension 'colcon_pkg'
[0.206s] Level 1:colcon.colcon_core.package_identification:_identify(.) by extensions ['colcon_meta']
[0.206s] Level 1:colcon.colcon_core.package_identification:_identify(.) by extension 'colcon_meta'
[0.206s] Level 1:colcon.colcon_core.package_identification:_identify(.) by extensions ['ros']
[0.206s] Level 1:colcon.colcon_core.package_identification:_identify(.) by extension 'ros'
[0.243s] Level 1:colcon.colcon_core.package_identification:_identify(.) by extensions ['cmake', 'python']
[0.243s] Level 1:colcon.colcon_core.package_identification:_identify(.) by extension 'cmake'
[0.243s] Level 1:colcon.colcon_core.package_identification:_identify(.) by extension 'python'
[0.243s] Level 1:colcon.colcon_core.package_identification:_identify(.) by extensions ['python_setup_py']
[0.243s] Level 1:colcon.colcon_core.package_identification:_identify(.) by extension 'python_setup_py'
[0.243s] Level 1:colcon.colcon_core.package_identification:_identify(build) by extensions ['ignore', 'ignore_ament_install']
[0.244s] Level 1:colcon.colcon_core.package_identification:_identify(build) by extension 'ignore'
[0.244s] Level 1:colcon.colcon_core.package_identification:_identify(build) ignored
[0.244s] Level 1:colcon.colcon_core.package_identification:_identify(install) by extensions ['ignore', 'ignore_ament_install']
[0.244s] Level 1:colcon.colcon_core.package_identification:_identify(install) by extension 'ignore'
[0.244s] Level 1:colcon.colcon_core.package_identification:_identify(install) ignored
[0.244s] Level 1:colcon.colcon_core.package_identification:_identify(log) by extensions ['ignore', 'ignore_ament_install']
[0.244s] Level 1:colcon.colcon_core.package_identification:_identify(log) by extension 'ignore'
[0.244s] Level 1:colcon.colcon_core.package_identification:_identify(log) ignored
[0.244s] Level 1:colcon.colcon_core.package_identification:_identify(src) by extensions ['ignore', 'ignore_ament_install']
[0.244s] Level 1:colcon.colcon_core.package_identification:_identify(src) by extension 'ignore'
[0.244s] Level 1:colcon.colcon_core.package_identification:_identify(src) by extension 'ignore_ament_install'
[0.245s] Level 1:colcon.colcon_core.package_identification:_identify(src) by extensions ['colcon_pkg']
[0.245s] Level 1:colcon.colcon_core.package_identification:_identify(src) by extension 'colcon_pkg'
[0.245s] Level 1:colcon.colcon_core.package_identification:_identify(src) by extensions ['colcon_meta']
[0.245s] Level 1:colcon.colcon_core.package_identification:_identify(src) by extension 'colcon_meta'
[0.245s] Level 1:colcon.colcon_core.package_identification:_identify(src) by extensions ['ros']
[0.245s] Level 1:colcon.colcon_core.package_identification:_identify(src) by extension 'ros'
[0.245s] Level 1:colcon.colcon_core.package_identification:_identify(src) by extensions ['cmake', 'python']
[0.245s] Level 1:colcon.colcon_core.package_identification:_identify(src) by extension 'cmake'
[0.245s] Level 1:colcon.colcon_core.package_identification:_identify(src) by extension 'python'
[0.245s] Level 1:colcon.colcon_core.package_identification:_identify(src) by extensions ['python_setup_py']
[0.245s] Level 1:colcon.colcon_core.package_identification:_identify(src) by extension 'python_setup_py'
[0.245s] Level 1:colcon.colcon_core.package_identification:_identify(src/camera_node) by extensions ['ignore', 'ignore_ament_install']
[0.245s] Level 1:colcon.colcon_core.package_identification:_identify(src/camera_node) by extension 'ignore'
[0.245s] Level 1:colcon.colcon_core.package_identification:_identify(src/camera_node) by extension 'ignore_ament_install'
[0.245s] Level 1:colcon.colcon_core.package_identification:_identify(src/camera_node) by extensions ['colcon_pkg']
[0.245s] Level 1:colcon.colcon_core.package_identification:_identify(src/camera_node) by extension 'colcon_pkg'
[0.245s] Level 1:colcon.colcon_core.package_identification:_identify(src/camera_node) by extensions ['colcon_meta']
[0.245s] Level 1:colcon.colcon_core.package_identification:_identify(src/camera_node) by extension 'colcon_meta'
[0.245s] Level 1:colcon.colcon_core.package_identification:_identify(src/camera_node) by extensions ['ros']
[0.245s] Level 1:colcon.colcon_core.package_identification:_identify(src/camera_node) by extension 'ros'
[0.249s] DEBUG:colcon.colcon_core.package_identification:Package 'src/camera_node' with type 'ros.ament_python' and name 'camera_node'
[0.249s] Level 1:colcon.colcon_core.package_identification:_identify(src/lidar_node) by extensions ['ignore', 'ignore_ament_install']
[0.249s] Level 1:colcon.colcon_core.package_identification:_identify(src/lidar_node) by extension 'ignore'
[0.249s] Level 1:colcon.colcon_core.package_identification:_identify(src/lidar_node) by extension 'ignore_ament_install'
[0.249s] Level 1:colcon.colcon_core.package_identification:_identify(src/lidar_node) by extensions ['colcon_pkg']
[0.249s] Level 1:colcon.colcon_core.package_identification:_identify(src/lidar_node) by extension 'colcon_pkg'
[0.249s] Level 1:colcon.colcon_core.package_identification:_identify(src/lidar_node) by extensions ['colcon_meta']
[0.249s] Level 1:colcon.colcon_core.package_identification:_identify(src/lidar_node) by extension 'colcon_meta'
[0.249s] Level 1:colcon.colcon_core.package_identification:_identify(src/lidar_node) by extensions ['ros']
[0.249s] Level 1:colcon.colcon_core.package_identification:_identify(src/lidar_node) by extension 'ros'
[0.250s] DEBUG:colcon.colcon_core.package_identification:Package 'src/lidar_node' with type 'ros.ament_python' and name 'lidar_node'
[0.250s] Level 1:colcon.colcon_core.package_identification:_identify(src/robot_controller) by extensions ['ignore', 'ignore_ament_install']
[0.250s] Level 1:colcon.colcon_core.package_identification:_identify(src/robot_controller) by extension 'ignore'
[0.250s] Level 1:colcon.colcon_core.package_identification:_identify(src/robot_controller) by extension 'ignore_ament_install'
[0.250s] Level 1:colcon.colcon_core.package_identification:_identify(src/robot_controller) by extensions ['colcon_pkg']
[0.250s] Level 1:colcon.colcon_core.package_identification:_identify(src/robot_controller) by extension 'colcon_pkg'
[0.250s] Level 1:colcon.colcon_core.package_identification:_identify(src/robot_controller) by extensions ['colcon_meta']
[0.250s] Level 1:colcon.colcon_core.package_identification:_identify(src/robot_controller) by extension 'colcon_meta'
[0.250s] Level 1:colcon.colcon_core.package_identification:_identify(src/robot_controller) by extensions ['ros']
[0.251s] Level 1:colcon.colcon_core.package_identification:_identify(src/robot_controller) by extension 'ros'
[0.251s] DEBUG:colcon.colcon_core.package_identification:Package 'src/robot_controller' with type 'ros.ament_python' and name 'robot_controller'
[0.251s] Level 1:colcon.colcon_core.package_identification:_identify(src/servo_node) by extensions ['ignore', 'ignore_ament_install']
[0.251s] Level 1:colcon.colcon_core.package_identification:_identify(src/servo_node) by extension 'ignore'
[0.251s] Level 1:colcon.colcon_core.package_identification:_identify(src/servo_node) by extension 'ignore_ament_install'
[0.251s] Level 1:colcon.colcon_core.package_identification:_identify(src/servo_node) by extensions ['colcon_pkg']
[0.251s] Level 1:colcon.colcon_core.package_identification:_identify(src/servo_node) by extension 'colcon_pkg'
[0.251s] Level 1:colcon.colcon_core.package_identification:_identify(src/servo_node) by extensions ['colcon_meta']
[0.251s] Level 1:colcon.colcon_core.package_identification:_identify(src/servo_node) by extension 'colcon_meta'
[0.252s] Level 1:colcon.colcon_core.package_identification:_identify(src/servo_node) by extensions ['ros']
[0.252s] Level 1:colcon.colcon_core.package_identification:_identify(src/servo_node) by extension 'ros'
[0.252s] DEBUG:colcon.colcon_core.package_identification:Package 'src/servo_node' with type 'ros.ament_python' and name 'servo_node'
[0.252s] Level 1:colcon.colcon_core.package_identification:_identify(src/sllidar_ros2) by extensions ['ignore', 'ignore_ament_install']
[0.253s] Level 1:colcon.colcon_core.package_identification:_identify(src/sllidar_ros2) by extension 'ignore'
[0.253s] Level 1:colcon.colcon_core.package_identification:_identify(src/sllidar_ros2) by extension 'ignore_ament_install'
[0.253s] Level 1:colcon.colcon_core.package_identification:_identify(src/sllidar_ros2) by extensions ['colcon_pkg']
[0.253s] Level 1:colcon.colcon_core.package_identification:_identify(src/sllidar_ros2) by extension 'colcon_pkg'
[0.253s] Level 1:colcon.colcon_core.package_identification:_identify(src/sllidar_ros2) by extensions ['colcon_meta']
[0.253s] Level 1:colcon.colcon_core.package_identification:_identify(src/sllidar_ros2) by extension 'colcon_meta'
[0.253s] Level 1:colcon.colcon_core.package_identification:_identify(src/sllidar_ros2) by extensions ['ros']
[0.253s] Level 1:colcon.colcon_core.package_identification:_identify(src/sllidar_ros2) by extension 'ros'
[0.253s] DEBUG:colcon.colcon_core.package_identification:Package 'src/sllidar_ros2' with type 'ros.ament_cmake' and name 'sllidar_ros2'
[0.254s] Level 1:colcon.colcon_core.package_discovery:discover_packages(recursive) using defaults
[0.254s] Level 1:colcon.colcon_core.package_discovery:discover_packages(ignore) discover
[0.254s] Level 1:colcon.colcon_core.package_discovery:discover_packages(ignore) using defaults
[0.254s] Level 1:colcon.colcon_core.package_discovery:discover_packages(path) discover
[0.254s] Level 1:colcon.colcon_core.package_discovery:discover_packages(path) using defaults
[0.278s] Level 1:colcon.colcon_core.package_discovery:discover_packages(prefix_path) check parameters
[0.278s] Level 1:colcon.colcon_core.package_discovery:discover_packages(prefix_path) discover
[0.280s] DEBUG:colcon.colcon_installed_package_information.package_discovery:Found 5 installed packages in /home/gowheel/gowheel_ws/install
[0.282s] DEBUG:colcon.colcon_installed_package_information.package_discovery:Found 285 installed packages in /opt/ros/jazzy
[0.285s] Level 1:colcon.colcon_core.package_discovery:discover_packages(prefix_path) using defaults
[0.343s] Level 5:colcon.colcon_core.verb:set package 'camera_node' build argument 'cmake_args' from command line to 'None'
[0.343s] Level 5:colcon.colcon_core.verb:set package 'camera_node' build argument 'cmake_target' from command line to 'None'
[0.343s] Level 5:colcon.colcon_core.verb:set package 'camera_node' build argument 'cmake_target_skip_unavailable' from command line to 'False'
[0.343s] Level 5:colcon.colcon_core.verb:set package 'camera_node' build argument 'cmake_clean_cache' from command line to 'False'
[0.343s] Level 5:colcon.colcon_core.verb:set package 'camera_node' build argument 'cmake_clean_first' from command line to 'False'
[0.343s] Level 5:colcon.colcon_core.verb:set package 'camera_node' build argument 'cmake_force_configure' from command line to 'False'
[0.343s] Level 5:colcon.colcon_core.verb:set package 'camera_node' build argument 'ament_cmake_args' from command line to 'None'
[0.343s] Level 5:colcon.colcon_core.verb:set package 'camera_node' build argument 'catkin_cmake_args' from command line to 'None'
[0.343s] Level 5:colcon.colcon_core.verb:set package 'camera_node' build argument 'catkin_skip_building_tests' from command line to 'False'
[0.343s] DEBUG:colcon.colcon_core.verb:Building package 'camera_node' with the following arguments: {'ament_cmake_args': None, 'build_base': '/home/gowheel/gowheel_ws/build/camera_node', 'catkin_cmake_args': None, 'catkin_skip_building_tests': False, 'cmake_args': None, 'cmake_clean_cache': False, 'cmake_clean_first': False, 'cmake_force_configure': False, 'cmake_target': None, 'cmake_target_skip_unavailable': False, 'install_base': '/home/gowheel/gowheel_ws/install/camera_node', 'merge_install': False, 'path': '/home/gowheel/gowheel_ws/src/camera_node', 'symlink_install': True, 'test_result_base': None}
[0.343s] Level 5:colcon.colcon_core.verb:set package 'lidar_node' build argument 'cmake_args' from command line to 'None'
[0.343s] Level 5:colcon.colcon_core.verb:set package 'lidar_node' build argument 'cmake_target' from command line to 'None'
[0.344s] Level 5:colcon.colcon_core.verb:set package 'lidar_node' build argument 'cmake_target_skip_unavailable' from command line to 'False'
[0.344s] Level 5:colcon.colcon_core.verb:set package 'lidar_node' build argument 'cmake_clean_cache' from command line to 'False'
[0.344s] Level 5:colcon.colcon_core.verb:set package 'lidar_node' build argument 'cmake_clean_first' from command line to 'False'
[0.344s] Level 5:colcon.colcon_core.verb:set package 'lidar_node' build argument 'cmake_force_configure' from command line to 'False'
[0.344s] Level 5:colcon.colcon_core.verb:set package 'lidar_node' build argument 'ament_cmake_args' from command line to 'None'
[0.344s] Level 5:colcon.colcon_core.verb:set package 'lidar_node' build argument 'catkin_cmake_args' from command line to 'None'
[0.344s] Level 5:colcon.colcon_core.verb:set package 'lidar_node' build argument 'catkin_skip_building_tests' from command line to 'False'
[0.344s] DEBUG:colcon.colcon_core.verb:Building package 'lidar_node' with the following arguments: {'ament_cmake_args': None, 'build_base': '/home/gowheel/gowheel_ws/build/lidar_node', 'catkin_cmake_args': None, 'catkin_skip_building_tests': False, 'cmake_args': None, 'cmake_clean_cache': False, 'cmake_clean_first': False, 'cmake_force_configure': False, 'cmake_target': None, 'cmake_target_skip_unavailable': False, 'install_base': '/home/gowheel/gowheel_ws/install/lidar_node', 'merge_install': False, 'path': '/home/gowheel/gowheel_ws/src/lidar_node', 'symlink_install': True, 'test_result_base': None}
[0.344s] Level 5:colcon.colcon_core.verb:set package 'robot_controller' build argument 'cmake_args' from command line to 'None'
[0.344s] Level 5:colcon.colcon_core.verb:set package 'robot_controller' build argument 'cmake_target' from command line to 'None'
[0.344s] Level 5:colcon.colcon_core.verb:set package 'robot_controller' build argument 'cmake_target_skip_unavailable' from command line to 'False'
[0.344s] Level 5:colcon.colcon_core.verb:set package 'robot_controller' build argument 'cmake_clean_cache' from command line to 'False'
[0.344s] Level 5:colcon.colcon_core.verb:set package 'robot_controller' build argument 'cmake_clean_first' from command line to 'False'
[0.344s] Level 5:colcon.colcon_core.verb:set package 'robot_controller' build argument 'cmake_force_configure' from command line to 'False'
[0.344s] Level 5:colcon.colcon_core.verb:set package 'robot_controller' build argument 'ament_cmake_args' from command line to 'None'
[0.344s] Level 5:colcon.colcon_core.verb:set package 'robot_controller' build argument 'catkin_cmake_args' from command line to 'None'
[0.344s] Level 5:colcon.colcon_core.verb:set package 'robot_controller' build argument 'catkin_skip_building_tests' from command line to 'False'
[0.344s] DEBUG:colcon.colcon_core.verb:Building package 'robot_controller' with the following arguments: {'ament_cmake_args': None, 'build_base': '/home/gowheel/gowheel_ws/build/robot_controller', 'catkin_cmake_args': None, 'catkin_skip_building_tests': False, 'cmake_args': None, 'cmake_clean_cache': False, 'cmake_clean_first': False, 'cmake_force_configure': False, 'cmake_target': None, 'cmake_target_skip_unavailable': False, 'install_base': '/home/gowheel/gowheel_ws/install/robot_controller', 'merge_install': False, 'path': '/home/gowheel/gowheel_ws/src/robot_controller', 'symlink_install': True, 'test_result_base': None}
[0.345s] Level 5:colcon.colcon_core.verb:set package 'servo_node' build argument 'cmake_args' from command line to 'None'
[0.345s] Level 5:colcon.colcon_core.verb:set package 'servo_node' build argument 'cmake_target' from command line to 'None'
[0.345s] Level 5:colcon.colcon_core.verb:set package 'servo_node' build argument 'cmake_target_skip_unavailable' from command line to 'False'
[0.345s] Level 5:colcon.colcon_core.verb:set package 'servo_node' build argument 'cmake_clean_cache' from command line to 'False'
[0.345s] Level 5:colcon.colcon_core.verb:set package 'servo_node' build argument 'cmake_clean_first' from command line to 'False'
[0.345s] Level 5:colcon.colcon_core.verb:set package 'servo_node' build argument 'cmake_force_configure' from command line to 'False'
[0.345s] Level 5:colcon.colcon_core.verb:set package 'servo_node' build argument 'ament_cmake_args' from command line to 'None'
[0.345s] Level 5:colcon.colcon_core.verb:set package 'servo_node' build argument 'catkin_cmake_args' from command line to 'None'
[0.345s] Level 5:colcon.colcon_core.verb:set package 'servo_node' build argument 'catkin_skip_building_tests' from command line to 'False'
[0.345s] DEBUG:colcon.colcon_core.verb:Building package 'servo_node' with the following arguments: {'ament_cmake_args': None, 'build_base': '/home/gowheel/gowheel_ws/build/servo_node', 'catkin_cmake_args': None, 'catkin_skip_building_tests': False, 'cmake_args': None, 'cmake_clean_cache': False, 'cmake_clean_first': False, 'cmake_force_configure': False, 'cmake_target': None, 'cmake_target_skip_unavailable': False, 'install_base': '/home/gowheel/gowheel_ws/install/servo_node', 'merge_install': False, 'path': '/home/gowheel/gowheel_ws/src/servo_node', 'symlink_install': True, 'test_result_base': None}
[0.345s] Level 5:colcon.colcon_core.verb:set package 'sllidar_ros2' build argument 'cmake_args' from command line to 'None'
[0.345s] Level 5:colcon.colcon_core.verb:set package 'sllidar_ros2' build argument 'cmake_target' from command line to 'None'
[0.345s] Level 5:colcon.colcon_core.verb:set package 'sllidar_ros2' build argument 'cmake_target_skip_unavailable' from command line to 'False'
[0.345s] Level 5:colcon.colcon_core.verb:set package 'sllidar_ros2' build argument 'cmake_clean_cache' from command line to 'False'
[0.345s] Level 5:colcon.colcon_core.verb:set package 'sllidar_ros2' build argument 'cmake_clean_first' from command line to 'False'
[0.345s] Level 5:colcon.colcon_core.verb:set package 'sllidar_ros2' build argument 'cmake_force_configure' from command line to 'False'
[0.345s] Level 5:colcon.colcon_core.verb:set package 'sllidar_ros2' build argument 'ament_cmake_args' from command line to 'None'
[0.345s] Level 5:colcon.colcon_core.verb:set package 'sllidar_ros2' build argument 'catkin_cmake_args' from command line to 'None'
[0.345s] Level 5:colcon.colcon_core.verb:set package 'sllidar_ros2' build argument 'catkin_skip_building_tests' from command line to 'False'
[0.345s] DEBUG:colcon.colcon_core.verb:Building package 'sllidar_ros2' with the following arguments: {'ament_cmake_args': None, 'build_base': '/home/gowheel/gowheel_ws/build/sllidar_ros2', 'catkin_cmake_args': None, 'catkin_skip_building_tests': False, 'cmake_args': None, 'cmake_clean_cache': False, 'cmake_clean_first': False, 'cmake_force_configure': False, 'cmake_target': None, 'cmake_target_skip_unavailable': False, 'install_base': '/home/gowheel/gowheel_ws/install/sllidar_ros2', 'merge_install': False, 'path': '/home/gowheel/gowheel_ws/src/sllidar_ros2', 'symlink_install': True, 'test_result_base': None}
[0.345s] INFO:colcon.colcon_core.executor:Executing jobs using 'parallel' executor
[0.347s] DEBUG:colcon.colcon_parallel_executor.executor.parallel:run_until_complete
[0.347s] INFO:colcon.colcon_ros.task.ament_python.build:Building ROS package in '/home/gowheel/gowheel_ws/src/camera_node' with build type 'ament_python'
[0.348s] Level 1:colcon.colcon_core.shell:create_environment_hook('camera_node', 'ament_prefix_path')
[0.353s] INFO:colcon.colcon_core.plugin_system:Skipping extension 'colcon_core.shell.bat': Not used on non-Windows systems
[0.353s] INFO:colcon.colcon_core.shell:Creating environment hook '/home/gowheel/gowheel_ws/install/camera_node/share/camera_node/hook/ament_prefix_path.ps1'
[0.354s] INFO:colcon.colcon_core.shell:Creating environment descriptor '/home/gowheel/gowheel_ws/install/camera_node/share/camera_node/hook/ament_prefix_path.dsv'
[0.356s] INFO:colcon.colcon_core.shell:Creating environment hook '/home/gowheel/gowheel_ws/install/camera_node/share/camera_node/hook/ament_prefix_path.sh'
[0.359s] INFO:colcon.colcon_core.shell:Skip shell extension 'powershell' for command environment: Not usable outside of PowerShell
[0.359s] DEBUG:colcon.colcon_core.shell:Skip shell extension 'dsv' for command environment
[0.366s] INFO:colcon.colcon_ros.task.ament_python.build:Building ROS package in '/home/gowheel/gowheel_ws/src/lidar_node' with build type 'ament_python'
[0.366s] Level 1:colcon.colcon_core.shell:create_environment_hook('lidar_node', 'ament_prefix_path')
[0.367s] INFO:colcon.colcon_core.shell:Creating environment hook '/home/gowheel/gowheel_ws/install/lidar_node/share/lidar_node/hook/ament_prefix_path.ps1'
[0.368s] INFO:colcon.colcon_core.shell:Creating environment descriptor '/home/gowheel/gowheel_ws/install/lidar_node/share/lidar_node/hook/ament_prefix_path.dsv'
[0.369s] INFO:colcon.colcon_core.shell:Creating environment hook '/home/gowheel/gowheel_ws/install/lidar_node/share/lidar_node/hook/ament_prefix_path.sh'
[0.371s] INFO:colcon.colcon_core.shell:Skip shell extension 'powershell' for command environment: Not usable outside of PowerShell
[0.371s] DEBUG:colcon.colcon_core.shell:Skip shell extension 'dsv' for command environment
[0.376s] INFO:colcon.colcon_ros.task.ament_python.build:Building ROS package in '/home/gowheel/gowheel_ws/src/robot_controller' with build type 'ament_python'
[0.376s] Level 1:colcon.colcon_core.shell:create_environment_hook('robot_controller', 'ament_prefix_path')
[0.377s] INFO:colcon.colcon_core.shell:Creating environment hook '/home/gowheel/gowheel_ws/install/robot_controller/share/robot_controller/hook/ament_prefix_path.ps1'
[0.378s] INFO:colcon.colcon_core.shell:Creating environment descriptor '/home/gowheel/gowheel_ws/install/robot_controller/share/robot_controller/hook/ament_prefix_path.dsv'
[0.382s] INFO:colcon.colcon_core.shell:Creating environment hook '/home/gowheel/gowheel_ws/install/robot_controller/share/robot_controller/hook/ament_prefix_path.sh'
[0.383s] INFO:colcon.colcon_core.shell:Skip shell extension 'powershell' for command environment: Not usable outside of PowerShell
[0.383s] DEBUG:colcon.colcon_core.shell:Skip shell extension 'dsv' for command environment
[0.390s] INFO:colcon.colcon_ros.task.ament_python.build:Building ROS package in '/home/gowheel/gowheel_ws/src/servo_node' with build type 'ament_python'
[0.391s] Level 1:colcon.colcon_core.shell:create_environment_hook('servo_node', 'ament_prefix_path')
[0.391s] INFO:colcon.colcon_core.shell:Creating environment hook '/home/gowheel/gowheel_ws/install/servo_node/share/servo_node/hook/ament_prefix_path.ps1'
[0.392s] INFO:colcon.colcon_core.shell:Creating environment descriptor '/home/gowheel/gowheel_ws/install/servo_node/share/servo_node/hook/ament_prefix_path.dsv'
[0.393s] INFO:colcon.colcon_core.shell:Creating environment hook '/home/gowheel/gowheel_ws/install/servo_node/share/servo_node/hook/ament_prefix_path.sh'
[0.394s] INFO:colcon.colcon_core.shell:Skip shell extension 'powershell' for command environment: Not usable outside of PowerShell
[0.395s] DEBUG:colcon.colcon_core.shell:Skip shell extension 'dsv' for command environment
[0.733s] INFO:colcon.colcon_core.task.python.build:Building Python package in '/home/gowheel/gowheel_ws/src/camera_node'
[0.734s] INFO:colcon.colcon_core.shell:Skip shell extension 'powershell' for command environment: Not usable outside of PowerShell
[0.734s] DEBUG:colcon.colcon_core.shell:Skip shell extension 'dsv' for command environment
[1.072s] INFO:colcon.colcon_core.task.python.build:Building Python package in '/home/gowheel/gowheel_ws/src/lidar_node'
[1.072s] INFO:colcon.colcon_core.shell:Skip shell extension 'powershell' for command environment: Not usable outside of PowerShell
[1.072s] DEBUG:colcon.colcon_core.shell:Skip shell extension 'dsv' for command environment
[1.427s] INFO:colcon.colcon_core.task.python.build:Building Python package in '/home/gowheel/gowheel_ws/src/robot_controller'
[1.427s] INFO:colcon.colcon_core.shell:Skip shell extension 'powershell' for command environment: Not usable outside of PowerShell
[1.428s] DEBUG:colcon.colcon_core.shell:Skip shell extension 'dsv' for command environment
[2.017s] INFO:colcon.colcon_core.task.python.build:Building Python package in '/home/gowheel/gowheel_ws/src/servo_node'
[2.018s] INFO:colcon.colcon_core.shell:Skip shell extension 'powershell' for command environment: Not usable outside of PowerShell
[2.018s] DEBUG:colcon.colcon_core.shell:Skip shell extension 'dsv' for command environment
[3.570s] DEBUG:colcon.colcon_core.task.python.build:While undoing a previous installation files outside the Python library path are being ignored: /home/gowheel/gowheel_ws/install/robot_controller/share/ament_index/resource_index/packages/robot_controller
[3.570s] DEBUG:colcon.colcon_core.task.python.build:While undoing a previous installation files outside the Python library path are being ignored: /home/gowheel/gowheel_ws/install/robot_controller/share/robot_controller/package.xml
[3.570s] DEBUG:colcon.colcon_core.task.python.build:While undoing a previous installation files outside the Python library path are being ignored: /home/gowheel/gowheel_ws/install/robot_controller/lib/robot_controller/controller_node
[3.571s] DEBUG:colcon.colcon_core.task.python.build:While undoing a previous installation files outside the Python library path are being ignored: /home/gowheel/gowheel_ws/install/robot_controller/lib/robot_controller/launch_node
[3.574s] DEBUG:colcon.colcon_core.event_handler.log_command:Invoking command in '/home/gowheel/gowheel_ws/build/robot_controller': DEBUGINFOD_URLS=https://debuginfod.ubuntu.com PYTHONPATH=/home/gowheel/gowheel_ws/build/robot_controller/prefix_override:/usr/lib/python3/dist-packages/colcon_core/task/python/colcon_distutils_commands:/home/gowheel/gowheel_ws/install/robot_controller/lib/python3.12/site-packages:${PYTHONPATH} /usr/bin/python3 -W ignore:setup.py install is deprecated -W ignore:easy_install command is deprecated setup.py develop --editable --build-directory /home/gowheel/gowheel_ws/build/robot_controller/build --no-deps symlink_data --force
[3.640s] DEBUG:colcon.colcon_core.task.python.build:While undoing a previous installation files outside the Python library path are being ignored: /home/gowheel/gowheel_ws/install/camera_node/share/ament_index/resource_index/packages/camera_node
[3.640s] DEBUG:colcon.colcon_core.task.python.build:While undoing a previous installation files outside the Python library path are being ignored: /home/gowheel/gowheel_ws/install/camera_node/share/camera_node/package.xml
[3.641s] DEBUG:colcon.colcon_core.task.python.build:While undoing a previous installation files outside the Python library path are being ignored: /home/gowheel/gowheel_ws/install/camera_node/lib/camera_node/camera_node
[3.648s] DEBUG:colcon.colcon_core.event_handler.log_command:Invoking command in '/home/gowheel/gowheel_ws/build/camera_node': DEBUGINFOD_URLS=https://debuginfod.ubuntu.com PYTHONPATH=/home/gowheel/gowheel_ws/build/camera_node/prefix_override:/usr/lib/python3/dist-packages/colcon_core/task/python/colcon_distutils_commands:/home/gowheel/gowheel_ws/install/camera_node/lib/python3.12/site-packages:${PYTHONPATH} /usr/bin/python3 -W ignore:setup.py install is deprecated -W ignore:easy_install command is deprecated setup.py develop --editable --build-directory /home/gowheel/gowheel_ws/build/camera_node/build --no-deps symlink_data --force
[3.803s] DEBUG:colcon.colcon_core.task.python.build:While undoing a previous installation files outside the Python library path are being ignored: /home/gowheel/gowheel_ws/install/lidar_node/share/ament_index/resource_index/packages/lidar_node
[3.803s] DEBUG:colcon.colcon_core.task.python.build:While undoing a previous installation files outside the Python library path are being ignored: /home/gowheel/gowheel_ws/install/lidar_node/share/lidar_node/package.xml
[3.804s] DEBUG:colcon.colcon_core.task.python.build:While undoing a previous installation files outside the Python library path are being ignored: /home/gowheel/gowheel_ws/install/lidar_node/lib/lidar_node/lidar_node
[3.812s] DEBUG:colcon.colcon_core.event_handler.log_command:Invoking command in '/home/gowheel/gowheel_ws/build/lidar_node': DEBUGINFOD_URLS=https://debuginfod.ubuntu.com PYTHONPATH=/home/gowheel/gowheel_ws/build/lidar_node/prefix_override:/usr/lib/python3/dist-packages/colcon_core/task/python/colcon_distutils_commands:/home/gowheel/gowheel_ws/install/lidar_node/lib/python3.12/site-packages:${PYTHONPATH} /usr/bin/python3 -W ignore:setup.py install is deprecated -W ignore:easy_install command is deprecated setup.py develop --editable --build-directory /home/gowheel/gowheel_ws/build/lidar_node/build --no-deps symlink_data --force
[3.869s] DEBUG:colcon.colcon_core.task.python.build:While undoing a previous installation files outside the Python library path are being ignored: /home/gowheel/gowheel_ws/install/servo_node/share/ament_index/resource_index/packages/servo_node
[3.869s] DEBUG:colcon.colcon_core.task.python.build:While undoing a previous installation files outside the Python library path are being ignored: /home/gowheel/gowheel_ws/install/servo_node/share/servo_node/package.xml
[3.870s] DEBUG:colcon.colcon_core.task.python.build:While undoing a previous installation files outside the Python library path are being ignored: /home/gowheel/gowheel_ws/install/servo_node/lib/servo_node/servo_node
[3.876s] DEBUG:colcon.colcon_core.event_handler.log_command:Invoking command in '/home/gowheel/gowheel_ws/build/servo_node': DEBUGINFOD_URLS=https://debuginfod.ubuntu.com PYTHONPATH=/home/gowheel/gowheel_ws/build/servo_node/prefix_override:/usr/lib/python3/dist-packages/colcon_core/task/python/colcon_distutils_commands:/home/gowheel/gowheel_ws/install/servo_node/lib/python3.12/site-packages:${PYTHONPATH} /usr/bin/python3 -W ignore:setup.py install is deprecated -W ignore:easy_install command is deprecated setup.py develop --editable --build-directory /home/gowheel/gowheel_ws/build/servo_node/build --no-deps symlink_data --force
[4.960s] Level 1:colcon.colcon_core.shell:create_environment_hook('robot_controller', 'pythonpath_develop')
[4.962s] INFO:colcon.colcon_core.shell:Creating environment hook '/home/gowheel/gowheel_ws/build/robot_controller/share/robot_controller/hook/pythonpath_develop.ps1'
[4.963s] INFO:colcon.colcon_core.shell:Creating environment descriptor '/home/gowheel/gowheel_ws/build/robot_controller/share/robot_controller/hook/pythonpath_develop.dsv'
[4.961s] DEBUG:colcon.colcon_core.event_handler.log_command:Invoked command in '/home/gowheel/gowheel_ws/build/robot_controller' returned '0': DEBUGINFOD_URLS=https://debuginfod.ubuntu.com PYTHONPATH=/home/gowheel/gowheel_ws/build/robot_controller/prefix_override:/usr/lib/python3/dist-packages/colcon_core/task/python/colcon_distutils_commands:/home/gowheel/gowheel_ws/install/robot_controller/lib/python3.12/site-packages:${PYTHONPATH} /usr/bin/python3 -W ignore:setup.py install is deprecated -W ignore:easy_install command is deprecated setup.py develop --editable --build-directory /home/gowheel/gowheel_ws/build/robot_controller/build --no-deps symlink_data --force
[4.968s] INFO:colcon.colcon_core.shell:Creating environment hook '/home/gowheel/gowheel_ws/build/robot_controller/share/robot_controller/hook/pythonpath_develop.sh'
[4.973s] Level 1:colcon.colcon_core.environment:checking '/home/gowheel/gowheel_ws/install/robot_controller' for CMake module files
[4.975s] Level 1:colcon.colcon_core.environment:checking '/home/gowheel/gowheel_ws/install/robot_controller' for CMake config files
[4.976s] Level 1:colcon.colcon_core.environment:checking '/home/gowheel/gowheel_ws/install/robot_controller/lib'
[4.977s] Level 1:colcon.colcon_core.environment:checking '/home/gowheel/gowheel_ws/install/robot_controller/bin'
[4.977s] Level 1:colcon.colcon_core.environment:checking '/home/gowheel/gowheel_ws/install/robot_controller/lib/pkgconfig/robot_controller.pc'
[4.977s] Level 1:colcon.colcon_core.environment:checking '/home/gowheel/gowheel_ws/install/robot_controller/lib/python3.12/site-packages'
[4.978s] Level 1:colcon.colcon_core.shell:create_environment_hook('robot_controller', 'pythonpath')
[4.978s] INFO:colcon.colcon_core.shell:Creating environment hook '/home/gowheel/gowheel_ws/install/robot_controller/share/robot_controller/hook/pythonpath.ps1'
[4.979s] INFO:colcon.colcon_core.shell:Creating environment descriptor '/home/gowheel/gowheel_ws/install/robot_controller/share/robot_controller/hook/pythonpath.dsv'
[4.980s] INFO:colcon.colcon_core.shell:Creating environment hook '/home/gowheel/gowheel_ws/install/robot_controller/share/robot_controller/hook/pythonpath.sh'
[4.981s] Level 1:colcon.colcon_core.environment:checking '/home/gowheel/gowheel_ws/install/robot_controller/bin'
[4.981s] Level 1:colcon.colcon_core.environment:create_environment_scripts_only(robot_controller)
[4.982s] INFO:colcon.colcon_core.shell:Creating package script '/home/gowheel/gowheel_ws/install/robot_controller/share/robot_controller/package.ps1'
[4.984s] INFO:colcon.colcon_core.shell:Creating package descriptor '/home/gowheel/gowheel_ws/install/robot_controller/share/robot_controller/package.dsv'
[4.986s] INFO:colcon.colcon_core.shell:Creating package script '/home/gowheel/gowheel_ws/install/robot_controller/share/robot_controller/package.sh'
[4.987s] INFO:colcon.colcon_core.shell:Creating package script '/home/gowheel/gowheel_ws/install/robot_controller/share/robot_controller/package.bash'
[4.989s] INFO:colcon.colcon_core.shell:Creating package script '/home/gowheel/gowheel_ws/install/robot_controller/share/robot_controller/package.zsh'
[4.990s] Level 1:colcon.colcon_core.environment:create_file_with_runtime_dependencies(/home/gowheel/gowheel_ws/install/robot_controller/share/colcon-core/packages/robot_controller)
[4.997s] INFO:colcon.colcon_ros.task.ament_cmake.build:Building ROS package in '/home/gowheel/gowheel_ws/src/sllidar_ros2' with build type 'ament_cmake'
[4.997s] INFO:colcon.colcon_cmake.task.cmake.build:Building CMake package in '/home/gowheel/gowheel_ws/src/sllidar_ros2'
[4.998s] INFO:colcon.colcon_core.shell:Skip shell extension 'powershell' for command environment: Not usable outside of PowerShell
[4.998s] DEBUG:colcon.colcon_core.shell:Skip shell extension 'dsv' for command environment
[5.040s] DEBUG:colcon.colcon_core.event_handler.log_command:Invoking command in '/home/gowheel/gowheel_ws/build/sllidar_ros2': CMAKE_PREFIX_PATH=${CMAKE_PREFIX_PATH}:/home/gowheel/gowheel_ws/install/servo_node:/home/gowheel/gowheel_ws/install/robot_controller:/home/gowheel/gowheel_ws/install/lidar_node:/home/gowheel/gowheel_ws/install/camera_node:/opt/ros/jazzy DEBUGINFOD_URLS=https://debuginfod.ubuntu.com /usr/bin/cmake /home/gowheel/gowheel_ws/src/sllidar_ros2 -DAMENT_CMAKE_SYMLINK_INSTALL=1 -DCMAKE_INSTALL_PREFIX=/home/gowheel/gowheel_ws/install/sllidar_ros2
[5.121s] Level 1:colcon.colcon_core.shell:create_environment_hook('camera_node', 'pythonpath_develop')
[5.122s] INFO:colcon.colcon_core.shell:Creating environment hook '/home/gowheel/gowheel_ws/build/camera_node/share/camera_node/hook/pythonpath_develop.ps1'
[5.123s] DEBUG:colcon.colcon_core.event_handler.log_command:Invoked command in '/home/gowheel/gowheel_ws/build/camera_node' returned '0': DEBUGINFOD_URLS=https://debuginfod.ubuntu.com PYTHONPATH=/home/gowheel/gowheel_ws/build/camera_node/prefix_override:/usr/lib/python3/dist-packages/colcon_core/task/python/colcon_distutils_commands:/home/gowheel/gowheel_ws/install/camera_node/lib/python3.12/site-packages:${PYTHONPATH} /usr/bin/python3 -W ignore:setup.py install is deprecated -W ignore:easy_install command is deprecated setup.py develop --editable --build-directory /home/gowheel/gowheel_ws/build/camera_node/build --no-deps symlink_data --force
[5.124s] INFO:colcon.colcon_core.shell:Creating environment descriptor '/home/gowheel/gowheel_ws/build/camera_node/share/camera_node/hook/pythonpath_develop.dsv'
[5.126s] INFO:colcon.colcon_core.shell:Creating environment hook '/home/gowheel/gowheel_ws/build/camera_node/share/camera_node/hook/pythonpath_develop.sh'
[5.129s] Level 1:colcon.colcon_core.environment:checking '/home/gowheel/gowheel_ws/install/camera_node' for CMake module files
[5.130s] Level 1:colcon.colcon_core.environment:checking '/home/gowheel/gowheel_ws/install/camera_node' for CMake config files
[5.131s] Level 1:colcon.colcon_core.environment:checking '/home/gowheel/gowheel_ws/install/camera_node/lib'
[5.132s] Level 1:colcon.colcon_core.environment:checking '/home/gowheel/gowheel_ws/install/camera_node/bin'
[5.132s] Level 1:colcon.colcon_core.environment:checking '/home/gowheel/gowheel_ws/install/camera_node/lib/pkgconfig/camera_node.pc'
[5.132s] Level 1:colcon.colcon_core.environment:checking '/home/gowheel/gowheel_ws/install/camera_node/lib/python3.12/site-packages'
[5.133s] Level 1:colcon.colcon_core.shell:create_environment_hook('camera_node', 'pythonpath')
[5.134s] INFO:colcon.colcon_core.shell:Creating environment hook '/home/gowheel/gowheel_ws/install/camera_node/share/camera_node/hook/pythonpath.ps1'
[5.135s] INFO:colcon.colcon_core.shell:Creating environment descriptor '/home/gowheel/gowheel_ws/install/camera_node/share/camera_node/hook/pythonpath.dsv'
[5.137s] INFO:colcon.colcon_core.shell:Creating environment hook '/home/gowheel/gowheel_ws/install/camera_node/share/camera_node/hook/pythonpath.sh'
[5.139s] Level 1:colcon.colcon_core.environment:checking '/home/gowheel/gowheel_ws/install/camera_node/bin'
[5.139s] Level 1:colcon.colcon_core.environment:create_environment_scripts_only(camera_node)
[5.140s] INFO:colcon.colcon_core.shell:Creating package script '/home/gowheel/gowheel_ws/install/camera_node/share/camera_node/package.ps1'
[5.141s] INFO:colcon.colcon_core.shell:Creating package descriptor '/home/gowheel/gowheel_ws/install/camera_node/share/camera_node/package.dsv'
[5.145s] INFO:colcon.colcon_core.shell:Creating package script '/home/gowheel/gowheel_ws/install/camera_node/share/camera_node/package.sh'
[5.151s] INFO:colcon.colcon_core.shell:Creating package script '/home/gowheel/gowheel_ws/install/camera_node/share/camera_node/package.bash'
[5.153s] INFO:colcon.colcon_core.shell:Creating package script '/home/gowheel/gowheel_ws/install/camera_node/share/camera_node/package.zsh'
[5.155s] Level 1:colcon.colcon_core.environment:create_file_with_runtime_dependencies(/home/gowheel/gowheel_ws/install/camera_node/share/colcon-core/packages/camera_node)
[5.238s] Level 1:colcon.colcon_core.shell:create_environment_hook('lidar_node', 'pythonpath_develop')
[5.239s] INFO:colcon.colcon_core.shell:Creating environment hook '/home/gowheel/gowheel_ws/build/lidar_node/share/lidar_node/hook/pythonpath_develop.ps1'
[5.240s] DEBUG:colcon.colcon_core.event_handler.log_command:Invoked command in '/home/gowheel/gowheel_ws/build/lidar_node' returned '0': DEBUGINFOD_URLS=https://debuginfod.ubuntu.com PYTHONPATH=/home/gowheel/gowheel_ws/build/lidar_node/prefix_override:/usr/lib/python3/dist-packages/colcon_core/task/python/colcon_distutils_commands:/home/gowheel/gowheel_ws/install/lidar_node/lib/python3.12/site-packages:${PYTHONPATH} /usr/bin/python3 -W ignore:setup.py install is deprecated -W ignore:easy_install command is deprecated setup.py develop --editable --build-directory /home/gowheel/gowheel_ws/build/lidar_node/build --no-deps symlink_data --force
[5.241s] INFO:colcon.colcon_core.shell:Creating environment descriptor '/home/gowheel/gowheel_ws/build/lidar_node/share/lidar_node/hook/pythonpath_develop.dsv'
[5.243s] INFO:colcon.colcon_core.shell:Creating environment hook '/home/gowheel/gowheel_ws/build/lidar_node/share/lidar_node/hook/pythonpath_develop.sh'
[5.245s] Level 1:colcon.colcon_core.environment:checking '/home/gowheel/gowheel_ws/install/lidar_node' for CMake module files
[5.246s] Level 1:colcon.colcon_core.environment:checking '/home/gowheel/gowheel_ws/install/lidar_node' for CMake config files
[5.247s] Level 1:colcon.colcon_core.environment:checking '/home/gowheel/gowheel_ws/install/lidar_node/lib'
[5.248s] Level 1:colcon.colcon_core.environment:checking '/home/gowheel/gowheel_ws/install/lidar_node/bin'
[5.248s] Level 1:colcon.colcon_core.environment:checking '/home/gowheel/gowheel_ws/install/lidar_node/lib/pkgconfig/lidar_node.pc'
[5.248s] Level 1:colcon.colcon_core.environment:checking '/home/gowheel/gowheel_ws/install/lidar_node/lib/python3.12/site-packages'
[5.248s] Level 1:colcon.colcon_core.shell:create_environment_hook('lidar_node', 'pythonpath')
[5.249s] INFO:colcon.colcon_core.shell:Creating environment hook '/home/gowheel/gowheel_ws/install/lidar_node/share/lidar_node/hook/pythonpath.ps1'
[5.250s] INFO:colcon.colcon_core.shell:Creating environment descriptor '/home/gowheel/gowheel_ws/install/lidar_node/share/lidar_node/hook/pythonpath.dsv'
[5.251s] INFO:colcon.colcon_core.shell:Creating environment hook '/home/gowheel/gowheel_ws/install/lidar_node/share/lidar_node/hook/pythonpath.sh'
[5.253s] Level 1:colcon.colcon_core.environment:checking '/home/gowheel/gowheel_ws/install/lidar_node/bin'
[5.253s] Level 1:colcon.colcon_core.environment:create_environment_scripts_only(lidar_node)
[5.254s] INFO:colcon.colcon_core.shell:Creating package script '/home/gowheel/gowheel_ws/install/lidar_node/share/lidar_node/package.ps1'
[5.256s] INFO:colcon.colcon_core.shell:Creating package descriptor '/home/gowheel/gowheel_ws/install/lidar_node/share/lidar_node/package.dsv'
[5.257s] INFO:colcon.colcon_core.shell:Creating package script '/home/gowheel/gowheel_ws/install/lidar_node/share/lidar_node/package.sh'
[5.258s] INFO:colcon.colcon_core.shell:Creating package script '/home/gowheel/gowheel_ws/install/lidar_node/share/lidar_node/package.bash'
[5.259s] INFO:colcon.colcon_core.shell:Creating package script '/home/gowheel/gowheel_ws/install/lidar_node/share/lidar_node/package.zsh'
[5.261s] Level 1:colcon.colcon_core.environment:create_file_with_runtime_dependencies(/home/gowheel/gowheel_ws/install/lidar_node/share/colcon-core/packages/lidar_node)
[5.301s] Level 1:colcon.colcon_core.shell:create_environment_hook('servo_node', 'pythonpath_develop')
[5.303s] INFO:colcon.colcon_core.shell:Creating environment hook '/home/gowheel/gowheel_ws/build/servo_node/share/servo_node/hook/pythonpath_develop.ps1'
[5.304s] INFO:colcon.colcon_core.shell:Creating environment descriptor '/home/gowheel/gowheel_ws/build/servo_node/share/servo_node/hook/pythonpath_develop.dsv'
[5.307s] INFO:colcon.colcon_core.shell:Creating environment hook '/home/gowheel/gowheel_ws/build/servo_node/share/servo_node/hook/pythonpath_develop.sh'
[5.307s] DEBUG:colcon.colcon_core.event_handler.log_command:Invoked command in '/home/gowheel/gowheel_ws/build/servo_node' returned '0': DEBUGINFOD_URLS=https://debuginfod.ubuntu.com PYTHONPATH=/home/gowheel/gowheel_ws/build/servo_node/prefix_override:/usr/lib/python3/dist-packages/colcon_core/task/python/colcon_distutils_commands:/home/gowheel/gowheel_ws/install/servo_node/lib/python3.12/site-packages:${PYTHONPATH} /usr/bin/python3 -W ignore:setup.py install is deprecated -W ignore:easy_install command is deprecated setup.py develop --editable --build-directory /home/gowheel/gowheel_ws/build/servo_node/build --no-deps symlink_data --force
[5.310s] Level 1:colcon.colcon_core.environment:checking '/home/gowheel/gowheel_ws/install/servo_node' for CMake module files
[5.311s] Level 1:colcon.colcon_core.environment:checking '/home/gowheel/gowheel_ws/install/servo_node' for CMake config files
[5.312s] Level 1:colcon.colcon_core.environment:checking '/home/gowheel/gowheel_ws/install/servo_node/lib'
[5.312s] Level 1:colcon.colcon_core.environment:checking '/home/gowheel/gowheel_ws/install/servo_node/bin'
[5.312s] Level 1:colcon.colcon_core.environment:checking '/home/gowheel/gowheel_ws/install/servo_node/lib/pkgconfig/servo_node.pc'
[5.312s] Level 1:colcon.colcon_core.environment:checking '/home/gowheel/gowheel_ws/install/servo_node/lib/python3.12/site-packages'
[5.313s] Level 1:colcon.colcon_core.shell:create_environment_hook('servo_node', 'pythonpath')
[5.313s] INFO:colcon.colcon_core.shell:Creating environment hook '/home/gowheel/gowheel_ws/install/servo_node/share/servo_node/hook/pythonpath.ps1'
[5.314s] INFO:colcon.colcon_core.shell:Creating environment descriptor '/home/gowheel/gowheel_ws/install/servo_node/share/servo_node/hook/pythonpath.dsv'
[5.315s] INFO:colcon.colcon_core.shell:Creating environment hook '/home/gowheel/gowheel_ws/install/servo_node/share/servo_node/hook/pythonpath.sh'
[5.319s] Level 1:colcon.colcon_core.environment:checking '/home/gowheel/gowheel_ws/install/servo_node/bin'
[5.320s] Level 1:colcon.colcon_core.environment:create_environment_scripts_only(servo_node)
[5.320s] INFO:colcon.colcon_core.shell:Creating package script '/home/gowheel/gowheel_ws/install/servo_node/share/servo_node/package.ps1'
[5.321s] INFO:colcon.colcon_core.shell:Creating package descriptor '/home/gowheel/gowheel_ws/install/servo_node/share/servo_node/package.dsv'
[5.321s] INFO:colcon.colcon_core.shell:Creating package script '/home/gowheel/gowheel_ws/install/servo_node/share/servo_node/package.sh'
[5.322s] INFO:colcon.colcon_core.shell:Creating package script '/home/gowheel/gowheel_ws/install/servo_node/share/servo_node/package.bash'
[5.323s] INFO:colcon.colcon_core.shell:Creating package script '/home/gowheel/gowheel_ws/install/servo_node/share/servo_node/package.zsh'
[5.324s] Level 1:colcon.colcon_core.environment:create_file_with_runtime_dependencies(/home/gowheel/gowheel_ws/install/servo_node/share/colcon-core/packages/servo_node)
[6.315s] DEBUG:colcon.colcon_core.event_handler.log_command:Invoked command in '/home/gowheel/gowheel_ws/build/sllidar_ros2' returned '0': CMAKE_PREFIX_PATH=${CMAKE_PREFIX_PATH}:/home/gowheel/gowheel_ws/install/servo_node:/home/gowheel/gowheel_ws/install/robot_controller:/home/gowheel/gowheel_ws/install/lidar_node:/home/gowheel/gowheel_ws/install/camera_node:/opt/ros/jazzy DEBUGINFOD_URLS=https://debuginfod.ubuntu.com /usr/bin/cmake /home/gowheel/gowheel_ws/src/sllidar_ros2 -DAMENT_CMAKE_SYMLINK_INSTALL=1 -DCMAKE_INSTALL_PREFIX=/home/gowheel/gowheel_ws/install/sllidar_ros2
[6.317s] DEBUG:colcon.colcon_core.event_handler.log_command:Invoking command in '/home/gowheel/gowheel_ws/build/sllidar_ros2': CMAKE_PREFIX_PATH=${CMAKE_PREFIX_PATH}:/home/gowheel/gowheel_ws/install/servo_node:/home/gowheel/gowheel_ws/install/robot_controller:/home/gowheel/gowheel_ws/install/lidar_node:/home/gowheel/gowheel_ws/install/camera_node:/opt/ros/jazzy DEBUGINFOD_URLS=https://debuginfod.ubuntu.com /usr/bin/cmake --build /home/gowheel/gowheel_ws/build/sllidar_ros2 -- -j4 -l4
[6.462s] DEBUG:colcon.colcon_core.event_handler.log_command:Invoked command in '/home/gowheel/gowheel_ws/build/sllidar_ros2' returned '0': CMAKE_PREFIX_PATH=${CMAKE_PREFIX_PATH}:/home/gowheel/gowheel_ws/install/servo_node:/home/gowheel/gowheel_ws/install/robot_controller:/home/gowheel/gowheel_ws/install/lidar_node:/home/gowheel/gowheel_ws/install/camera_node:/opt/ros/jazzy DEBUGINFOD_URLS=https://debuginfod.ubuntu.com /usr/bin/cmake --build /home/gowheel/gowheel_ws/build/sllidar_ros2 -- -j4 -l4
[6.481s] DEBUG:colcon.colcon_core.event_handler.log_command:Invoking command in '/home/gowheel/gowheel_ws/build/sllidar_ros2': CMAKE_PREFIX_PATH=${CMAKE_PREFIX_PATH}:/home/gowheel/gowheel_ws/install/servo_node:/home/gowheel/gowheel_ws/install/robot_controller:/home/gowheel/gowheel_ws/install/lidar_node:/home/gowheel/gowheel_ws/install/camera_node:/opt/ros/jazzy DEBUGINFOD_URLS=https://debuginfod.ubuntu.com /usr/bin/cmake --install /home/gowheel/gowheel_ws/build/sllidar_ros2
[6.525s] Level 1:colcon.colcon_core.environment:create_environment_scripts_only(sllidar_ros2)
[6.525s] Level 1:colcon.colcon_core.environment:checking '/home/gowheel/gowheel_ws/install/sllidar_ros2' for CMake module files
[6.526s] DEBUG:colcon.colcon_core.event_handler.log_command:Invoked command in '/home/gowheel/gowheel_ws/build/sllidar_ros2' returned '0': CMAKE_PREFIX_PATH=${CMAKE_PREFIX_PATH}:/home/gowheel/gowheel_ws/install/servo_node:/home/gowheel/gowheel_ws/install/robot_controller:/home/gowheel/gowheel_ws/install/lidar_node:/home/gowheel/gowheel_ws/install/camera_node:/opt/ros/jazzy DEBUGINFOD_URLS=https://debuginfod.ubuntu.com /usr/bin/cmake --install /home/gowheel/gowheel_ws/build/sllidar_ros2
[6.526s] Level 1:colcon.colcon_core.environment:checking '/home/gowheel/gowheel_ws/install/sllidar_ros2' for CMake config files
[6.527s] Level 1:colcon.colcon_core.shell:create_environment_hook('sllidar_ros2', 'cmake_prefix_path')
[6.527s] INFO:colcon.colcon_core.shell:Creating environment hook '/home/gowheel/gowheel_ws/install/sllidar_ros2/share/sllidar_ros2/hook/cmake_prefix_path.ps1'
[6.529s] INFO:colcon.colcon_core.shell:Creating environment descriptor '/home/gowheel/gowheel_ws/install/sllidar_ros2/share/sllidar_ros2/hook/cmake_prefix_path.dsv'
[6.530s] INFO:colcon.colcon_core.shell:Creating environment hook '/home/gowheel/gowheel_ws/install/sllidar_ros2/share/sllidar_ros2/hook/cmake_prefix_path.sh'
[6.531s] Level 1:colcon.colcon_core.environment:checking '/home/gowheel/gowheel_ws/install/sllidar_ros2/lib'
[6.531s] Level 1:colcon.colcon_core.environment:checking '/home/gowheel/gowheel_ws/install/sllidar_ros2/bin'
[6.532s] Level 1:colcon.colcon_core.environment:checking '/home/gowheel/gowheel_ws/install/sllidar_ros2/lib/pkgconfig/sllidar_ros2.pc'
[6.532s] Level 1:colcon.colcon_core.environment:checking '/home/gowheel/gowheel_ws/install/sllidar_ros2/lib/python3.12/site-packages'
[6.532s] Level 1:colcon.colcon_core.environment:checking '/home/gowheel/gowheel_ws/install/sllidar_ros2/bin'
[6.533s] INFO:colcon.colcon_core.shell:Creating package script '/home/gowheel/gowheel_ws/install/sllidar_ros2/share/sllidar_ros2/package.ps1'
[6.533s] INFO:colcon.colcon_core.shell:Creating package descriptor '/home/gowheel/gowheel_ws/install/sllidar_ros2/share/sllidar_ros2/package.dsv'
[6.534s] INFO:colcon.colcon_core.shell:Creating package script '/home/gowheel/gowheel_ws/install/sllidar_ros2/share/sllidar_ros2/package.sh'
[6.534s] INFO:colcon.colcon_core.shell:Creating package script '/home/gowheel/gowheel_ws/install/sllidar_ros2/share/sllidar_ros2/package.bash'
[6.536s] INFO:colcon.colcon_core.shell:Creating package script '/home/gowheel/gowheel_ws/install/sllidar_ros2/share/sllidar_ros2/package.zsh'
[6.537s] Level 1:colcon.colcon_core.environment:create_file_with_runtime_dependencies(/home/gowheel/gowheel_ws/install/sllidar_ros2/share/colcon-core/packages/sllidar_ros2)
[6.539s] Level 1:colcon.colcon_core.environment:create_environment_scripts_only(sllidar_ros2)
[6.539s] Level 1:colcon.colcon_core.environment:checking '/home/gowheel/gowheel_ws/install/sllidar_ros2' for CMake module files
[6.540s] Level 1:colcon.colcon_core.environment:checking '/home/gowheel/gowheel_ws/install/sllidar_ros2' for CMake config files
[6.540s] Level 1:colcon.colcon_core.shell:create_environment_hook('sllidar_ros2', 'cmake_prefix_path')
[6.541s] INFO:colcon.colcon_core.shell:Creating environment hook '/home/gowheel/gowheel_ws/install/sllidar_ros2/share/sllidar_ros2/hook/cmake_prefix_path.ps1'
[6.541s] INFO:colcon.colcon_core.shell:Creating environment descriptor '/home/gowheel/gowheel_ws/install/sllidar_ros2/share/sllidar_ros2/hook/cmake_prefix_path.dsv'
[6.543s] INFO:colcon.colcon_core.shell:Creating environment hook '/home/gowheel/gowheel_ws/install/sllidar_ros2/share/sllidar_ros2/hook/cmake_prefix_path.sh'
[6.544s] Level 1:colcon.colcon_core.environment:checking '/home/gowheel/gowheel_ws/install/sllidar_ros2/lib'
[6.545s] Level 1:colcon.colcon_core.environment:checking '/home/gowheel/gowheel_ws/install/sllidar_ros2/bin'
[6.545s] Level 1:colcon.colcon_core.environment:checking '/home/gowheel/gowheel_ws/install/sllidar_ros2/lib/pkgconfig/sllidar_ros2.pc'
[6.545s] Level 1:colcon.colcon_core.environment:checking '/home/gowheel/gowheel_ws/install/sllidar_ros2/lib/python3.12/site-packages'
[6.545s] Level 1:colcon.colcon_core.environment:checking '/home/gowheel/gowheel_ws/install/sllidar_ros2/bin'
[6.546s] INFO:colcon.colcon_core.shell:Creating package script '/home/gowheel/gowheel_ws/install/sllidar_ros2/share/sllidar_ros2/package.ps1'
[6.546s] INFO:colcon.colcon_core.shell:Creating package descriptor '/home/gowheel/gowheel_ws/install/sllidar_ros2/share/sllidar_ros2/package.dsv'
[6.548s] INFO:colcon.colcon_core.shell:Creating package script '/home/gowheel/gowheel_ws/install/sllidar_ros2/share/sllidar_ros2/package.sh'
[6.549s] INFO:colcon.colcon_core.shell:Creating package script '/home/gowheel/gowheel_ws/install/sllidar_ros2/share/sllidar_ros2/package.bash'
[6.553s] INFO:colcon.colcon_core.shell:Creating package script '/home/gowheel/gowheel_ws/install/sllidar_ros2/share/sllidar_ros2/package.zsh'
[6.554s] Level 1:colcon.colcon_core.environment:create_file_with_runtime_dependencies(/home/gowheel/gowheel_ws/install/sllidar_ros2/share/colcon-core/packages/sllidar_ros2)
[6.555s] DEBUG:colcon.colcon_parallel_executor.executor.parallel:closing loop
[6.555s] DEBUG:colcon.colcon_parallel_executor.executor.parallel:loop closed
[6.556s] DEBUG:colcon.colcon_parallel_executor.executor.parallel:run_until_complete finished with '0'
[6.556s] DEBUG:colcon.colcon_core.event_reactor:joining thread
[6.573s] INFO:colcon.colcon_core.plugin_system:Skipping extension 'colcon_notification.desktop_notification.terminal_notifier': Not used on non-Darwin systems
[6.573s] INFO:colcon.colcon_core.plugin_system:Skipping extension 'colcon_notification.desktop_notification.win32': Not used on non-Windows systems
[6.573s] INFO:colcon.colcon_notification.desktop_notification:Sending desktop notification using 'notify2'
[6.598s] DEBUG:colcon.colcon_core.event_reactor:joined thread
[6.598s] INFO:colcon.colcon_core.shell:Creating prefix script '/home/gowheel/gowheel_ws/install/local_setup.ps1'
[6.600s] INFO:colcon.colcon_core.shell:Creating prefix util module '/home/gowheel/gowheel_ws/install/_local_setup_util_ps1.py'
[6.602s] INFO:colcon.colcon_core.shell:Creating prefix chain script '/home/gowheel/gowheel_ws/install/setup.ps1'
[6.603s] INFO:colcon.colcon_core.shell:Creating prefix script '/home/gowheel/gowheel_ws/install/local_setup.sh'
[6.605s] INFO:colcon.colcon_core.shell:Creating prefix util module '/home/gowheel/gowheel_ws/install/_local_setup_util_sh.py'
[6.606s] INFO:colcon.colcon_core.shell:Creating prefix chain script '/home/gowheel/gowheel_ws/install/setup.sh'
[6.608s] INFO:colcon.colcon_core.shell:Creating prefix script '/home/gowheel/gowheel_ws/install/local_setup.bash'
[6.609s] INFO:colcon.colcon_core.shell:Creating prefix chain script '/home/gowheel/gowheel_ws/install/setup.bash'
[6.611s] INFO:colcon.colcon_core.shell:Creating prefix script '/home/gowheel/gowheel_ws/install/local_setup.zsh'
[6.612s] INFO:colcon.colcon_core.shell:Creating prefix chain script '/home/gowheel/gowheel_ws/install/setup.zsh'
