[0.146s] DEBUG:colcon:Command line arguments: ['/usr/bin/colcon', 'build']
[0.146s] DEBUG:colcon:Parsed command line arguments: Namespace(log_base=None, log_level=None, verb_name='build', build_base='build', install_base='install', merge_install=False, symlink_install=False, test_result_base=None, continue_on_error=False, executor='parallel', parallel_workers=4, event_handlers=None, ignore_user_meta=False, metas=['./colcon.meta'], base_paths=['.'], packages_ignore=None, packages_ignore_regex=None, paths=None, packages_up_to=None, packages_up_to_regex=None, packages_above=None, packages_above_and_dependencies=None, packages_above_depth=None, packages_select_by_dep=None, packages_skip_by_dep=None, packages_skip_up_to=None, packages_select_build_failed=False, packages_skip_build_finished=False, packages_select_test_failures=False, packages_skip_test_passed=False, packages_select=None, packages_skip=None, packages_select_regex=None, packages_skip_regex=None, packages_start=None, packages_end=None, allow_overriding=[], cmake_args=None, cmake_target=None, cmake_target_skip_unavailable=False, cmake_clean_cache=False, cmake_clean_first=False, cmake_force_configure=False, ament_cmake_args=None, catkin_cmake_args=None, catkin_skip_building_tests=False, mixin_files=None, mixin=None, verb_parser=<colcon_mixin.mixin.mixin_argument.MixinArgumentDecorator object at 0xffff9b3775c0>, verb_extension=<colcon_core.verb.build.BuildVerb object at 0xffff9b49bce0>, main=<bound method BuildVerb.main of <colcon_core.verb.build.BuildVerb object at 0xffff9b49bce0>>, mixin_verb=('build',))
[0.203s] Level 1:colcon.colcon_core.package_discovery:discover_packages(colcon_meta) check parameters
[0.204s] Level 1:colcon.colcon_core.package_discovery:discover_packages(recursive) check parameters
[0.204s] Level 1:colcon.colcon_core.package_discovery:discover_packages(ignore) check parameters
[0.204s] Level 1:colcon.colcon_core.package_discovery:discover_packages(path) check parameters
[0.204s] Level 1:colcon.colcon_core.package_discovery:discover_packages(colcon_meta) discover
[0.204s] Level 1:colcon.colcon_core.package_discovery:discover_packages(recursive) discover
[0.204s] INFO:colcon.colcon_core.package_discovery:Crawling recursively for packages in '/home/gowheel/gowheel_ws'
[0.204s] Level 1:colcon.colcon_core.package_identification:_identify(.) by extensions ['ignore', 'ignore_ament_install']
[0.204s] Level 1:colcon.colcon_core.package_identification:_identify(.) by extension 'ignore'
[0.204s] Level 1:colcon.colcon_core.package_identification:_identify(.) by extension 'ignore_ament_install'
[0.204s] Level 1:colcon.colcon_core.package_identification:_identify(.) by extensions ['colcon_pkg']
[0.204s] Level 1:colcon.colcon_core.package_identification:_identify(.) by extension 'colcon_pkg'
[0.204s] Level 1:colcon.colcon_core.package_identification:_identify(.) by extensions ['colcon_meta']
[0.204s] Level 1:colcon.colcon_core.package_identification:_identify(.) by extension 'colcon_meta'
[0.204s] Level 1:colcon.colcon_core.package_identification:_identify(.) by extensions ['ros']
[0.204s] Level 1:colcon.colcon_core.package_identification:_identify(.) by extension 'ros'
[0.242s] Level 1:colcon.colcon_core.package_identification:_identify(.) by extensions ['cmake', 'python']
[0.242s] Level 1:colcon.colcon_core.package_identification:_identify(.) by extension 'cmake'
[0.242s] Level 1:colcon.colcon_core.package_identification:_identify(.) by extension 'python'
[0.242s] Level 1:colcon.colcon_core.package_identification:_identify(.) by extensions ['python_setup_py']
[0.242s] Level 1:colcon.colcon_core.package_identification:_identify(.) by extension 'python_setup_py'
[0.242s] Level 1:colcon.colcon_core.package_identification:_identify(build) by extensions ['ignore', 'ignore_ament_install']
[0.242s] Level 1:colcon.colcon_core.package_identification:_identify(build) by extension 'ignore'
[0.242s] Level 1:colcon.colcon_core.package_identification:_identify(build) ignored
[0.243s] Level 1:colcon.colcon_core.package_identification:_identify(install) by extensions ['ignore', 'ignore_ament_install']
[0.243s] Level 1:colcon.colcon_core.package_identification:_identify(install) by extension 'ignore'
[0.243s] Level 1:colcon.colcon_core.package_identification:_identify(install) ignored
[0.243s] Level 1:colcon.colcon_core.package_identification:_identify(log) by extensions ['ignore', 'ignore_ament_install']
[0.243s] Level 1:colcon.colcon_core.package_identification:_identify(log) by extension 'ignore'
[0.243s] Level 1:colcon.colcon_core.package_identification:_identify(log) ignored
[0.243s] Level 1:colcon.colcon_core.package_identification:_identify(src) by extensions ['ignore', 'ignore_ament_install']
[0.243s] Level 1:colcon.colcon_core.package_identification:_identify(src) by extension 'ignore'
[0.243s] Level 1:colcon.colcon_core.package_identification:_identify(src) by extension 'ignore_ament_install'
[0.243s] Level 1:colcon.colcon_core.package_identification:_identify(src) by extensions ['colcon_pkg']
[0.243s] Level 1:colcon.colcon_core.package_identification:_identify(src) by extension 'colcon_pkg'
[0.243s] Level 1:colcon.colcon_core.package_identification:_identify(src) by extensions ['colcon_meta']
[0.243s] Level 1:colcon.colcon_core.package_identification:_identify(src) by extension 'colcon_meta'
[0.243s] Level 1:colcon.colcon_core.package_identification:_identify(src) by extensions ['ros']
[0.243s] Level 1:colcon.colcon_core.package_identification:_identify(src) by extension 'ros'
[0.243s] Level 1:colcon.colcon_core.package_identification:_identify(src) by extensions ['cmake', 'python']
[0.244s] Level 1:colcon.colcon_core.package_identification:_identify(src) by extension 'cmake'
[0.244s] Level 1:colcon.colcon_core.package_identification:_identify(src) by extension 'python'
[0.244s] Level 1:colcon.colcon_core.package_identification:_identify(src) by extensions ['python_setup_py']
[0.244s] Level 1:colcon.colcon_core.package_identification:_identify(src) by extension 'python_setup_py'
[0.244s] Level 1:colcon.colcon_core.package_identification:_identify(src/lidar_node) by extensions ['ignore', 'ignore_ament_install']
[0.244s] Level 1:colcon.colcon_core.package_identification:_identify(src/lidar_node) by extension 'ignore'
[0.244s] Level 1:colcon.colcon_core.package_identification:_identify(src/lidar_node) by extension 'ignore_ament_install'
[0.244s] Level 1:colcon.colcon_core.package_identification:_identify(src/lidar_node) by extensions ['colcon_pkg']
[0.244s] Level 1:colcon.colcon_core.package_identification:_identify(src/lidar_node) by extension 'colcon_pkg'
[0.244s] Level 1:colcon.colcon_core.package_identification:_identify(src/lidar_node) by extensions ['colcon_meta']
[0.244s] Level 1:colcon.colcon_core.package_identification:_identify(src/lidar_node) by extension 'colcon_meta'
[0.244s] Level 1:colcon.colcon_core.package_identification:_identify(src/lidar_node) by extensions ['ros']
[0.244s] Level 1:colcon.colcon_core.package_identification:_identify(src/lidar_node) by extension 'ros'
[0.247s] DEBUG:colcon.colcon_core.package_identification:Package 'src/lidar_node' with type 'ros.ament_python' and name 'lidar_node'
[0.248s] Level 1:colcon.colcon_core.package_identification:_identify(src/robot_controller) by extensions ['ignore', 'ignore_ament_install']
[0.248s] Level 1:colcon.colcon_core.package_identification:_identify(src/robot_controller) by extension 'ignore'
[0.248s] Level 1:colcon.colcon_core.package_identification:_identify(src/robot_controller) by extension 'ignore_ament_install'
[0.248s] Level 1:colcon.colcon_core.package_identification:_identify(src/robot_controller) by extensions ['colcon_pkg']
[0.248s] Level 1:colcon.colcon_core.package_identification:_identify(src/robot_controller) by extension 'colcon_pkg'
[0.248s] Level 1:colcon.colcon_core.package_identification:_identify(src/robot_controller) by extensions ['colcon_meta']
[0.248s] Level 1:colcon.colcon_core.package_identification:_identify(src/robot_controller) by extension 'colcon_meta'
[0.248s] Level 1:colcon.colcon_core.package_identification:_identify(src/robot_controller) by extensions ['ros']
[0.248s] Level 1:colcon.colcon_core.package_identification:_identify(src/robot_controller) by extension 'ros'
[0.249s] DEBUG:colcon.colcon_core.package_identification:Package 'src/robot_controller' with type 'ros.ament_python' and name 'robot_controller'
[0.249s] Level 1:colcon.colcon_core.package_discovery:discover_packages(recursive) using defaults
[0.249s] Level 1:colcon.colcon_core.package_discovery:discover_packages(ignore) discover
[0.249s] Level 1:colcon.colcon_core.package_discovery:discover_packages(ignore) using defaults
[0.249s] Level 1:colcon.colcon_core.package_discovery:discover_packages(path) discover
[0.249s] Level 1:colcon.colcon_core.package_discovery:discover_packages(path) using defaults
[0.272s] Level 1:colcon.colcon_core.package_discovery:discover_packages(prefix_path) check parameters
[0.272s] Level 1:colcon.colcon_core.package_discovery:discover_packages(prefix_path) discover
[0.274s] DEBUG:colcon.colcon_installed_package_information.package_discovery:Found 1 installed packages in /home/gowheel/gowheel_ws/install
[0.276s] DEBUG:colcon.colcon_installed_package_information.package_discovery:Found 285 installed packages in /opt/ros/jazzy
[0.277s] Level 1:colcon.colcon_core.package_discovery:discover_packages(prefix_path) using defaults
[0.336s] Level 5:colcon.colcon_core.verb:set package 'lidar_node' build argument 'cmake_args' from command line to 'None'
[0.337s] Level 5:colcon.colcon_core.verb:set package 'lidar_node' build argument 'cmake_target' from command line to 'None'
[0.337s] Level 5:colcon.colcon_core.verb:set package 'lidar_node' build argument 'cmake_target_skip_unavailable' from command line to 'False'
[0.337s] Level 5:colcon.colcon_core.verb:set package 'lidar_node' build argument 'cmake_clean_cache' from command line to 'False'
[0.337s] Level 5:colcon.colcon_core.verb:set package 'lidar_node' build argument 'cmake_clean_first' from command line to 'False'
[0.337s] Level 5:colcon.colcon_core.verb:set package 'lidar_node' build argument 'cmake_force_configure' from command line to 'False'
[0.337s] Level 5:colcon.colcon_core.verb:set package 'lidar_node' build argument 'ament_cmake_args' from command line to 'None'
[0.337s] Level 5:colcon.colcon_core.verb:set package 'lidar_node' build argument 'catkin_cmake_args' from command line to 'None'
[0.337s] Level 5:colcon.colcon_core.verb:set package 'lidar_node' build argument 'catkin_skip_building_tests' from command line to 'False'
[0.337s] DEBUG:colcon.colcon_core.verb:Building package 'lidar_node' with the following arguments: {'ament_cmake_args': None, 'build_base': '/home/gowheel/gowheel_ws/build/lidar_node', 'catkin_cmake_args': None, 'catkin_skip_building_tests': False, 'cmake_args': None, 'cmake_clean_cache': False, 'cmake_clean_first': False, 'cmake_force_configure': False, 'cmake_target': None, 'cmake_target_skip_unavailable': False, 'install_base': '/home/gowheel/gowheel_ws/install/lidar_node', 'merge_install': False, 'path': '/home/gowheel/gowheel_ws/src/lidar_node', 'symlink_install': False, 'test_result_base': None}
[0.337s] Level 5:colcon.colcon_core.verb:set package 'robot_controller' build argument 'cmake_args' from command line to 'None'
[0.337s] Level 5:colcon.colcon_core.verb:set package 'robot_controller' build argument 'cmake_target' from command line to 'None'
[0.337s] Level 5:colcon.colcon_core.verb:set package 'robot_controller' build argument 'cmake_target_skip_unavailable' from command line to 'False'
[0.337s] Level 5:colcon.colcon_core.verb:set package 'robot_controller' build argument 'cmake_clean_cache' from command line to 'False'
[0.337s] Level 5:colcon.colcon_core.verb:set package 'robot_controller' build argument 'cmake_clean_first' from command line to 'False'
[0.337s] Level 5:colcon.colcon_core.verb:set package 'robot_controller' build argument 'cmake_force_configure' from command line to 'False'
[0.337s] Level 5:colcon.colcon_core.verb:set package 'robot_controller' build argument 'ament_cmake_args' from command line to 'None'
[0.337s] Level 5:colcon.colcon_core.verb:set package 'robot_controller' build argument 'catkin_cmake_args' from command line to 'None'
[0.337s] Level 5:colcon.colcon_core.verb:set package 'robot_controller' build argument 'catkin_skip_building_tests' from command line to 'False'
[0.337s] DEBUG:colcon.colcon_core.verb:Building package 'robot_controller' with the following arguments: {'ament_cmake_args': None, 'build_base': '/home/gowheel/gowheel_ws/build/robot_controller', 'catkin_cmake_args': None, 'catkin_skip_building_tests': False, 'cmake_args': None, 'cmake_clean_cache': False, 'cmake_clean_first': False, 'cmake_force_configure': False, 'cmake_target': None, 'cmake_target_skip_unavailable': False, 'install_base': '/home/gowheel/gowheel_ws/install/robot_controller', 'merge_install': False, 'path': '/home/gowheel/gowheel_ws/src/robot_controller', 'symlink_install': False, 'test_result_base': None}
[0.338s] INFO:colcon.colcon_core.executor:Executing jobs using 'parallel' executor
[0.339s] DEBUG:colcon.colcon_parallel_executor.executor.parallel:run_until_complete
[0.339s] INFO:colcon.colcon_ros.task.ament_python.build:Building ROS package in '/home/gowheel/gowheel_ws/src/lidar_node' with build type 'ament_python'
[0.340s] Level 1:colcon.colcon_core.shell:create_environment_hook('lidar_node', 'ament_prefix_path')
[0.345s] INFO:colcon.colcon_core.plugin_system:Skipping extension 'colcon_core.shell.bat': Not used on non-Windows systems
[0.345s] INFO:colcon.colcon_core.shell:Creating environment hook '/home/gowheel/gowheel_ws/install/lidar_node/share/lidar_node/hook/ament_prefix_path.ps1'
[0.348s] INFO:colcon.colcon_core.shell:Creating environment descriptor '/home/gowheel/gowheel_ws/install/lidar_node/share/lidar_node/hook/ament_prefix_path.dsv'
[0.350s] INFO:colcon.colcon_core.shell:Creating environment hook '/home/gowheel/gowheel_ws/install/lidar_node/share/lidar_node/hook/ament_prefix_path.sh'
[0.352s] INFO:colcon.colcon_core.shell:Skip shell extension 'powershell' for command environment: Not usable outside of PowerShell
[0.352s] DEBUG:colcon.colcon_core.shell:Skip shell extension 'dsv' for command environment
[0.357s] INFO:colcon.colcon_ros.task.ament_python.build:Building ROS package in '/home/gowheel/gowheel_ws/src/robot_controller' with build type 'ament_python'
[0.358s] Level 1:colcon.colcon_core.shell:create_environment_hook('robot_controller', 'ament_prefix_path')
[0.359s] INFO:colcon.colcon_core.shell:Creating environment hook '/home/gowheel/gowheel_ws/install/robot_controller/share/robot_controller/hook/ament_prefix_path.ps1'
[0.360s] INFO:colcon.colcon_core.shell:Creating environment descriptor '/home/gowheel/gowheel_ws/install/robot_controller/share/robot_controller/hook/ament_prefix_path.dsv'
[0.361s] INFO:colcon.colcon_core.shell:Creating environment hook '/home/gowheel/gowheel_ws/install/robot_controller/share/robot_controller/hook/ament_prefix_path.sh'
[0.362s] INFO:colcon.colcon_core.shell:Skip shell extension 'powershell' for command environment: Not usable outside of PowerShell
[0.362s] DEBUG:colcon.colcon_core.shell:Skip shell extension 'dsv' for command environment
[0.693s] INFO:colcon.colcon_core.task.python.build:Building Python package in '/home/gowheel/gowheel_ws/src/lidar_node'
[0.693s] INFO:colcon.colcon_core.shell:Skip shell extension 'powershell' for command environment: Not usable outside of PowerShell
[0.693s] DEBUG:colcon.colcon_core.shell:Skip shell extension 'dsv' for command environment
[1.019s] INFO:colcon.colcon_core.task.python.build:Building Python package in '/home/gowheel/gowheel_ws/src/robot_controller'
[1.019s] INFO:colcon.colcon_core.shell:Skip shell extension 'powershell' for command environment: Not usable outside of PowerShell
[1.020s] DEBUG:colcon.colcon_core.shell:Skip shell extension 'dsv' for command environment
[1.962s] DEBUG:colcon.colcon_core.event_handler.log_command:Invoking command in '/home/gowheel/gowheel_ws/src/lidar_node': DEBUGINFOD_URLS=https://debuginfod.ubuntu.com PYTHONPATH=/home/gowheel/gowheel_ws/build/lidar_node/prefix_override:/usr/lib/python3/dist-packages/colcon_core/task/python/colcon_distutils_commands:/home/gowheel/gowheel_ws/install/lidar_node/lib/python3.12/site-packages:${PYTHONPATH} /usr/bin/python3 -W ignore:setup.py install is deprecated -W ignore:easy_install command is deprecated setup.py egg_info --egg-base ../../build/lidar_node build --build-base /home/gowheel/gowheel_ws/build/lidar_node/build install --record /home/gowheel/gowheel_ws/build/lidar_node/install.log --single-version-externally-managed install_data
[1.967s] DEBUG:colcon.colcon_core.event_handler.log_command:Invoking command in '/home/gowheel/gowheel_ws/build/robot_controller': DEBUGINFOD_URLS=https://debuginfod.ubuntu.com PYTHONPATH=/home/gowheel/gowheel_ws/build/robot_controller/prefix_override:/usr/lib/python3/dist-packages/colcon_core/task/python/colcon_distutils_commands:/home/gowheel/gowheel_ws/install/robot_controller/lib/python3.12/site-packages:${PYTHONPATH} /usr/bin/python3 -W ignore:setup.py install is deprecated -W ignore:easy_install command is deprecated setup.py develop --uninstall --editable --build-directory /home/gowheel/gowheel_ws/build/robot_controller/build
[2.804s] DEBUG:colcon.colcon_core.event_handler.log_command:Invoked command in '/home/gowheel/gowheel_ws/src/lidar_node' returned '0': DEBUGINFOD_URLS=https://debuginfod.ubuntu.com PYTHONPATH=/home/gowheel/gowheel_ws/build/lidar_node/prefix_override:/usr/lib/python3/dist-packages/colcon_core/task/python/colcon_distutils_commands:/home/gowheel/gowheel_ws/install/lidar_node/lib/python3.12/site-packages:${PYTHONPATH} /usr/bin/python3 -W ignore:setup.py install is deprecated -W ignore:easy_install command is deprecated setup.py egg_info --egg-base ../../build/lidar_node build --build-base /home/gowheel/gowheel_ws/build/lidar_node/build install --record /home/gowheel/gowheel_ws/build/lidar_node/install.log --single-version-externally-managed install_data
[2.807s] Level 1:colcon.colcon_core.environment:checking '/home/gowheel/gowheel_ws/install/lidar_node' for CMake module files
[2.807s] Level 1:colcon.colcon_core.environment:checking '/home/gowheel/gowheel_ws/install/lidar_node' for CMake config files
[2.808s] Level 1:colcon.colcon_core.environment:checking '/home/gowheel/gowheel_ws/install/lidar_node/lib'
[2.808s] Level 1:colcon.colcon_core.environment:checking '/home/gowheel/gowheel_ws/install/lidar_node/bin'
[2.808s] Level 1:colcon.colcon_core.environment:checking '/home/gowheel/gowheel_ws/install/lidar_node/lib/pkgconfig/lidar_node.pc'
[2.809s] Level 1:colcon.colcon_core.environment:checking '/home/gowheel/gowheel_ws/install/lidar_node/lib/python3.12/site-packages'
[2.809s] Level 1:colcon.colcon_core.shell:create_environment_hook('lidar_node', 'pythonpath')
[2.809s] INFO:colcon.colcon_core.shell:Creating environment hook '/home/gowheel/gowheel_ws/install/lidar_node/share/lidar_node/hook/pythonpath.ps1'
[2.810s] INFO:colcon.colcon_core.shell:Creating environment descriptor '/home/gowheel/gowheel_ws/install/lidar_node/share/lidar_node/hook/pythonpath.dsv'
[2.810s] INFO:colcon.colcon_core.shell:Creating environment hook '/home/gowheel/gowheel_ws/install/lidar_node/share/lidar_node/hook/pythonpath.sh'
[2.811s] Level 1:colcon.colcon_core.environment:checking '/home/gowheel/gowheel_ws/install/lidar_node/bin'
[2.811s] Level 1:colcon.colcon_core.environment:create_environment_scripts_only(lidar_node)
[2.811s] INFO:colcon.colcon_core.shell:Creating package script '/home/gowheel/gowheel_ws/install/lidar_node/share/lidar_node/package.ps1'
[2.812s] INFO:colcon.colcon_core.shell:Creating package descriptor '/home/gowheel/gowheel_ws/install/lidar_node/share/lidar_node/package.dsv'
[2.812s] INFO:colcon.colcon_core.shell:Creating package script '/home/gowheel/gowheel_ws/install/lidar_node/share/lidar_node/package.sh'
[2.813s] INFO:colcon.colcon_core.shell:Creating package script '/home/gowheel/gowheel_ws/install/lidar_node/share/lidar_node/package.bash'
[2.814s] INFO:colcon.colcon_core.shell:Creating package script '/home/gowheel/gowheel_ws/install/lidar_node/share/lidar_node/package.zsh'
[2.814s] Level 1:colcon.colcon_core.environment:create_file_with_runtime_dependencies(/home/gowheel/gowheel_ws/install/lidar_node/share/colcon-core/packages/lidar_node)
[2.817s] DEBUG:colcon.colcon_core.event_handler.log_command:Invoked command in '/home/gowheel/gowheel_ws/build/robot_controller' returned '0': DEBUGINFOD_URLS=https://debuginfod.ubuntu.com PYTHONPATH=/home/gowheel/gowheel_ws/build/robot_controller/prefix_override:/usr/lib/python3/dist-packages/colcon_core/task/python/colcon_distutils_commands:/home/gowheel/gowheel_ws/install/robot_controller/lib/python3.12/site-packages:${PYTHONPATH} /usr/bin/python3 -W ignore:setup.py install is deprecated -W ignore:easy_install command is deprecated setup.py develop --uninstall --editable --build-directory /home/gowheel/gowheel_ws/build/robot_controller/build
[2.821s] DEBUG:colcon.colcon_core.event_handler.log_command:Invoking command in '/home/gowheel/gowheel_ws/src/robot_controller': DEBUGINFOD_URLS=https://debuginfod.ubuntu.com PYTHONPATH=/home/gowheel/gowheel_ws/build/robot_controller/prefix_override:/usr/lib/python3/dist-packages/colcon_core/task/python/colcon_distutils_commands:/home/gowheel/gowheel_ws/install/robot_controller/lib/python3.12/site-packages:${PYTHONPATH} /usr/bin/python3 -W ignore:setup.py install is deprecated -W ignore:easy_install command is deprecated setup.py egg_info --egg-base ../../build/robot_controller build --build-base /home/gowheel/gowheel_ws/build/robot_controller/build install --record /home/gowheel/gowheel_ws/build/robot_controller/install.log --single-version-externally-managed install_data --force
[3.608s] Level 1:colcon.colcon_core.environment:checking '/home/gowheel/gowheel_ws/install/robot_controller' for CMake module files
[3.609s] DEBUG:colcon.colcon_core.event_handler.log_command:Invoked command in '/home/gowheel/gowheel_ws/src/robot_controller' returned '0': DEBUGINFOD_URLS=https://debuginfod.ubuntu.com PYTHONPATH=/home/gowheel/gowheel_ws/build/robot_controller/prefix_override:/usr/lib/python3/dist-packages/colcon_core/task/python/colcon_distutils_commands:/home/gowheel/gowheel_ws/install/robot_controller/lib/python3.12/site-packages:${PYTHONPATH} /usr/bin/python3 -W ignore:setup.py install is deprecated -W ignore:easy_install command is deprecated setup.py egg_info --egg-base ../../build/robot_controller build --build-base /home/gowheel/gowheel_ws/build/robot_controller/build install --record /home/gowheel/gowheel_ws/build/robot_controller/install.log --single-version-externally-managed install_data --force
[3.609s] Level 1:colcon.colcon_core.environment:checking '/home/gowheel/gowheel_ws/install/robot_controller' for CMake config files
[3.610s] Level 1:colcon.colcon_core.environment:checking '/home/gowheel/gowheel_ws/install/robot_controller/lib'
[3.610s] Level 1:colcon.colcon_core.environment:checking '/home/gowheel/gowheel_ws/install/robot_controller/bin'
[3.610s] Level 1:colcon.colcon_core.environment:checking '/home/gowheel/gowheel_ws/install/robot_controller/lib/pkgconfig/robot_controller.pc'
[3.610s] Level 1:colcon.colcon_core.environment:checking '/home/gowheel/gowheel_ws/install/robot_controller/lib/python3.12/site-packages'
[3.610s] Level 1:colcon.colcon_core.shell:create_environment_hook('robot_controller', 'pythonpath')
[3.611s] INFO:colcon.colcon_core.shell:Creating environment hook '/home/gowheel/gowheel_ws/install/robot_controller/share/robot_controller/hook/pythonpath.ps1'
[3.611s] INFO:colcon.colcon_core.shell:Creating environment descriptor '/home/gowheel/gowheel_ws/install/robot_controller/share/robot_controller/hook/pythonpath.dsv'
[3.612s] INFO:colcon.colcon_core.shell:Creating environment hook '/home/gowheel/gowheel_ws/install/robot_controller/share/robot_controller/hook/pythonpath.sh'
[3.613s] Level 1:colcon.colcon_core.environment:checking '/home/gowheel/gowheel_ws/install/robot_controller/bin'
[3.613s] Level 1:colcon.colcon_core.environment:create_environment_scripts_only(robot_controller)
[3.614s] INFO:colcon.colcon_core.shell:Creating package script '/home/gowheel/gowheel_ws/install/robot_controller/share/robot_controller/package.ps1'
[3.614s] INFO:colcon.colcon_core.shell:Creating package descriptor '/home/gowheel/gowheel_ws/install/robot_controller/share/robot_controller/package.dsv'
[3.615s] INFO:colcon.colcon_core.shell:Creating package script '/home/gowheel/gowheel_ws/install/robot_controller/share/robot_controller/package.sh'
[3.616s] INFO:colcon.colcon_core.shell:Creating package script '/home/gowheel/gowheel_ws/install/robot_controller/share/robot_controller/package.bash'
[3.617s] INFO:colcon.colcon_core.shell:Creating package script '/home/gowheel/gowheel_ws/install/robot_controller/share/robot_controller/package.zsh'
[3.618s] Level 1:colcon.colcon_core.environment:create_file_with_runtime_dependencies(/home/gowheel/gowheel_ws/install/robot_controller/share/colcon-core/packages/robot_controller)
[3.619s] DEBUG:colcon.colcon_parallel_executor.executor.parallel:closing loop
[3.620s] DEBUG:colcon.colcon_parallel_executor.executor.parallel:loop closed
[3.620s] DEBUG:colcon.colcon_parallel_executor.executor.parallel:run_until_complete finished with '0'
[3.620s] DEBUG:colcon.colcon_core.event_reactor:joining thread
[3.636s] INFO:colcon.colcon_core.plugin_system:Skipping extension 'colcon_notification.desktop_notification.terminal_notifier': Not used on non-Darwin systems
[3.636s] INFO:colcon.colcon_core.plugin_system:Skipping extension 'colcon_notification.desktop_notification.win32': Not used on non-Windows systems
[3.636s] INFO:colcon.colcon_notification.desktop_notification:Sending desktop notification using 'notify2'
[3.676s] DEBUG:colcon.colcon_core.event_reactor:joined thread
[3.677s] INFO:colcon.colcon_core.shell:Creating prefix script '/home/gowheel/gowheel_ws/install/local_setup.ps1'
[3.678s] INFO:colcon.colcon_core.shell:Creating prefix util module '/home/gowheel/gowheel_ws/install/_local_setup_util_ps1.py'
[3.682s] INFO:colcon.colcon_core.shell:Creating prefix chain script '/home/gowheel/gowheel_ws/install/setup.ps1'
[3.685s] INFO:colcon.colcon_core.shell:Creating prefix script '/home/gowheel/gowheel_ws/install/local_setup.sh'
[3.686s] INFO:colcon.colcon_core.shell:Creating prefix util module '/home/gowheel/gowheel_ws/install/_local_setup_util_sh.py'
[3.688s] INFO:colcon.colcon_core.shell:Creating prefix chain script '/home/gowheel/gowheel_ws/install/setup.sh'
[3.693s] INFO:colcon.colcon_core.shell:Creating prefix script '/home/gowheel/gowheel_ws/install/local_setup.bash'
[3.694s] INFO:colcon.colcon_core.shell:Creating prefix chain script '/home/gowheel/gowheel_ws/install/setup.bash'
[3.697s] INFO:colcon.colcon_core.shell:Creating prefix script '/home/gowheel/gowheel_ws/install/local_setup.zsh'
[3.698s] INFO:colcon.colcon_core.shell:Creating prefix chain script '/home/gowheel/gowheel_ws/install/setup.zsh'
