[3.249s] Invoking command in '/home/gowheel/gowheel_ws/build/lidar_node': DEBUGINFOD_URLS=https://debuginfod.ubuntu.com PYTHONPATH=/home/gowheel/gowheel_ws/build/lidar_node/prefix_override:/usr/lib/python3/dist-packages/colcon_core/task/python/colcon_distutils_commands:/home/gowheel/gowheel_ws/install/lidar_node/lib/python3.12/site-packages:${PYTHONPATH} /usr/bin/python3 -W ignore:setup.py install is deprecated -W ignore:easy_install command is deprecated setup.py develop --uninstall --editable --build-directory /home/gowheel/gowheel_ws/build/lidar_node/build
[3.899s] running develop
[4.246s] Removing /home/gowheel/gowheel_ws/install/lidar_node/lib/python3.12/site-packages/lidar-node.egg-link (link to .)
[4.557s] Invoked command in '/home/gowheel/gowheel_ws/build/lidar_node' returned '0': DEBUGINFOD_URLS=https://debuginfod.ubuntu.com PYTHONPATH=/home/gowheel/gowheel_ws/build/lidar_node/prefix_override:/usr/lib/python3/dist-packages/colcon_core/task/python/colcon_distutils_commands:/home/gowheel/gowheel_ws/install/lidar_node/lib/python3.12/site-packages:${PYTHONPATH} /usr/bin/python3 -W ignore:setup.py install is deprecated -W ignore:easy_install command is deprecated setup.py develop --uninstall --editable --build-directory /home/gowheel/gowheel_ws/build/lidar_node/build
[4.560s] Invoking command in '/home/gowheel/gowheel_ws/src/lidar_node': DEBUGINFOD_URLS=https://debuginfod.ubuntu.com PYTHONPATH=/home/gowheel/gowheel_ws/build/lidar_node/prefix_override:/usr/lib/python3/dist-packages/colcon_core/task/python/colcon_distutils_commands:/home/gowheel/gowheel_ws/install/lidar_node/lib/python3.12/site-packages:${PYTHONPATH} /usr/bin/python3 -W ignore:setup.py install is deprecated -W ignore:easy_install command is deprecated setup.py egg_info --egg-base ../../build/lidar_node build --build-base /home/gowheel/gowheel_ws/build/lidar_node/build install --record /home/gowheel/gowheel_ws/build/lidar_node/install.log --single-version-externally-managed install_data --force
[5.083s] running egg_info
[5.113s] writing ../../build/lidar_node/lidar_node.egg-info/PKG-INFO
[5.113s] writing dependency_links to ../../build/lidar_node/lidar_node.egg-info/dependency_links.txt
[5.115s] writing entry points to ../../build/lidar_node/lidar_node.egg-info/entry_points.txt
[5.115s] writing requirements to ../../build/lidar_node/lidar_node.egg-info/requires.txt
[5.116s] writing top-level names to ../../build/lidar_node/lidar_node.egg-info/top_level.txt
[5.179s] reading manifest file '../../build/lidar_node/lidar_node.egg-info/SOURCES.txt'
[5.182s] writing manifest file '../../build/lidar_node/lidar_node.egg-info/SOURCES.txt'
[5.183s] running build
[5.183s] running build_py
[5.186s] copying lidar_node/lidar_node.py -> /home/gowheel/gowheel_ws/build/lidar_node/build/lib/lidar_node
[5.189s] running install
[5.197s] running install_lib
[5.228s] creating /home/gowheel/gowheel_ws/install/lidar_node/lib/python3.12/site-packages/lidar_node
[5.228s] copying /home/gowheel/gowheel_ws/build/lidar_node/build/lib/lidar_node/__init__.py -> /home/gowheel/gowheel_ws/install/lidar_node/lib/python3.12/site-packages/lidar_node
[5.228s] copying /home/gowheel/gowheel_ws/build/lidar_node/build/lib/lidar_node/lidar_node.py -> /home/gowheel/gowheel_ws/install/lidar_node/lib/python3.12/site-packages/lidar_node
[5.232s] byte-compiling /home/gowheel/gowheel_ws/install/lidar_node/lib/python3.12/site-packages/lidar_node/__init__.py to __init__.cpython-312.pyc
[5.232s] byte-compiling /home/gowheel/gowheel_ws/install/lidar_node/lib/python3.12/site-packages/lidar_node/lidar_node.py to lidar_node.cpython-312.pyc
[5.232s] running install_data
[5.232s] copying resource/lidar_node -> /home/gowheel/gowheel_ws/install/lidar_node/share/ament_index/resource_index/packages
[5.235s] copying package.xml -> /home/gowheel/gowheel_ws/install/lidar_node/share/lidar_node
[5.235s] running install_egg_info
[5.268s] Copying ../../build/lidar_node/lidar_node.egg-info to /home/gowheel/gowheel_ws/install/lidar_node/lib/python3.12/site-packages/lidar_node-0.0.0-py3.12.egg-info
[5.271s] running install_scripts
[5.507s] Installing lidar_node script to /home/gowheel/gowheel_ws/install/lidar_node/lib/lidar_node
[5.508s] writing list of installed files to '/home/gowheel/gowheel_ws/build/lidar_node/install.log'
[5.767s] Invoked command in '/home/gowheel/gowheel_ws/src/lidar_node' returned '0': DEBUGINFOD_URLS=https://debuginfod.ubuntu.com PYTHONPATH=/home/gowheel/gowheel_ws/build/lidar_node/prefix_override:/usr/lib/python3/dist-packages/colcon_core/task/python/colcon_distutils_commands:/home/gowheel/gowheel_ws/install/lidar_node/lib/python3.12/site-packages:${PYTHONPATH} /usr/bin/python3 -W ignore:setup.py install is deprecated -W ignore:easy_install command is deprecated setup.py egg_info --egg-base ../../build/lidar_node build --build-base /home/gowheel/gowheel_ws/build/lidar_node/build install --record /home/gowheel/gowheel_ws/build/lidar_node/install.log --single-version-externally-managed install_data --force
