[2.723s] Invoking command in '/home/gowheel/gowheel_ws/src/camera_node': DEBUGINFOD_URLS=https://debuginfod.ubuntu.com PYTHONPATH=/home/gowheel/gowheel_ws/build/camera_node/prefix_override:/usr/lib/python3/dist-packages/colcon_core/task/python/colcon_distutils_commands:/home/gowheel/gowheel_ws/install/camera_node/lib/python3.12/site-packages:${PYTHONPATH} /usr/bin/python3 -W ignore:setup.py install is deprecated -W ignore:easy_install command is deprecated setup.py egg_info --egg-base ../../build/camera_node build --build-base /home/gowheel/gowheel_ws/build/camera_node/build install --record /home/gowheel/gowheel_ws/build/camera_node/install.log --single-version-externally-managed install_data
[3.226s] running egg_info
[3.260s] writing ../../build/camera_node/camera_node.egg-info/PKG-INFO
[3.261s] writing dependency_links to ../../build/camera_node/camera_node.egg-info/dependency_links.txt
[3.261s] writing entry points to ../../build/camera_node/camera_node.egg-info/entry_points.txt
[3.262s] writing requirements to ../../build/camera_node/camera_node.egg-info/requires.txt
[3.262s] writing top-level names to ../../build/camera_node/camera_node.egg-info/top_level.txt
[3.317s] reading manifest file '../../build/camera_node/camera_node.egg-info/SOURCES.txt'
[3.319s] writing manifest file '../../build/camera_node/camera_node.egg-info/SOURCES.txt'
[3.319s] running build
[3.319s] running build_py
[3.325s] running install
[3.339s] running install_lib
[3.369s] running install_data
[3.369s] running install_egg_info
[3.399s] removing '/home/gowheel/gowheel_ws/install/camera_node/lib/python3.12/site-packages/camera_node-0.0.0-py3.12.egg-info' (and everything under it)
[3.403s] Copying ../../build/camera_node/camera_node.egg-info to /home/gowheel/gowheel_ws/install/camera_node/lib/python3.12/site-packages/camera_node-0.0.0-py3.12.egg-info
[3.405s] running install_scripts
[3.670s] Installing camera_node script to /home/gowheel/gowheel_ws/install/camera_node/lib/camera_node
[3.671s] writing list of installed files to '/home/gowheel/gowheel_ws/build/camera_node/install.log'
[3.903s] Invoked command in '/home/gowheel/gowheel_ws/src/camera_node' returned '0': DEBUGINFOD_URLS=https://debuginfod.ubuntu.com PYTHONPATH=/home/gowheel/gowheel_ws/build/camera_node/prefix_override:/usr/lib/python3/dist-packages/colcon_core/task/python/colcon_distutils_commands:/home/gowheel/gowheel_ws/install/camera_node/lib/python3.12/site-packages:${PYTHONPATH} /usr/bin/python3 -W ignore:setup.py install is deprecated -W ignore:easy_install command is deprecated setup.py egg_info --egg-base ../../build/camera_node build --build-base /home/gowheel/gowheel_ws/build/camera_node/build install --record /home/gowheel/gowheel_ws/build/camera_node/install.log --single-version-externally-managed install_data
