[2.607s] Invoking command in '/home/gowheel/gowheel_ws/build/camera_node': DEBUGINFOD_URLS=https://debuginfod.ubuntu.com PYTHONPATH=/home/gowheel/gowheel_ws/build/camera_node/prefix_override:/usr/lib/python3/dist-packages/colcon_core/task/python/colcon_distutils_commands:/home/gowheel/gowheel_ws/install/camera_node/lib/python3.12/site-packages:${PYTHONPATH} /usr/bin/python3 -W ignore:setup.py install is deprecated -W ignore:easy_install command is deprecated setup.py develop --editable --build-directory /home/gowheel/gowheel_ws/build/camera_node/build --no-deps symlink_data
[3.159s] running develop
[3.446s] running egg_info
[3.446s] creating camera_node.egg-info
[3.472s] writing camera_node.egg-info/PKG-INFO
[3.473s] writing dependency_links to camera_node.egg-info/dependency_links.txt
[3.473s] writing entry points to camera_node.egg-info/entry_points.txt
[3.473s] writing requirements to camera_node.egg-info/requires.txt
[3.473s] writing top-level names to camera_node.egg-info/top_level.txt
[3.473s] writing manifest file 'camera_node.egg-info/SOURCES.txt'
[3.535s] reading manifest file 'camera_node.egg-info/SOURCES.txt'
[3.535s] writing manifest file 'camera_node.egg-info/SOURCES.txt'
[3.568s] running build_ext
[3.568s] Creating /home/gowheel/gowheel_ws/install/camera_node/lib/python3.12/site-packages/camera-node.egg-link (link to .)
[3.570s] Installing camera_node script to /home/gowheel/gowheel_ws/install/camera_node/lib/camera_node
[3.571s] 
[3.571s] Installed /home/gowheel/gowheel_ws/build/camera_node
[3.571s] running symlink_data
[3.571s] creating /home/gowheel/gowheel_ws/install/camera_node/share/ament_index
[3.571s] creating /home/gowheel/gowheel_ws/install/camera_node/share/ament_index/resource_index
[3.572s] creating /home/gowheel/gowheel_ws/install/camera_node/share/ament_index/resource_index/packages
[3.572s] symbolically linking /home/gowheel/gowheel_ws/build/camera_node/resource/camera_node -> /home/gowheel/gowheel_ws/install/camera_node/share/ament_index/resource_index/packages
[3.572s] symbolically linking /home/gowheel/gowheel_ws/build/camera_node/package.xml -> /home/gowheel/gowheel_ws/install/camera_node/share/camera_node
[3.875s] Invoked command in '/home/gowheel/gowheel_ws/build/camera_node' returned '0': DEBUGINFOD_URLS=https://debuginfod.ubuntu.com PYTHONPATH=/home/gowheel/gowheel_ws/build/camera_node/prefix_override:/usr/lib/python3/dist-packages/colcon_core/task/python/colcon_distutils_commands:/home/gowheel/gowheel_ws/install/camera_node/lib/python3.12/site-packages:${PYTHONPATH} /usr/bin/python3 -W ignore:setup.py install is deprecated -W ignore:easy_install command is deprecated setup.py develop --editable --build-directory /home/gowheel/gowheel_ws/build/camera_node/build --no-deps symlink_data
