running develop
Removing /home/gowheel/gowheel_ws/install/camera_node/lib/python3.12/site-packages/camera-node.egg-link (link to .)
running egg_info
writing ../../build/camera_node/camera_node.egg-info/PKG-INFO
writing dependency_links to ../../build/camera_node/camera_node.egg-info/dependency_links.txt
writing entry points to ../../build/camera_node/camera_node.egg-info/entry_points.txt
writing requirements to ../../build/camera_node/camera_node.egg-info/requires.txt
writing top-level names to ../../build/camera_node/camera_node.egg-info/top_level.txt
reading manifest file '../../build/camera_node/camera_node.egg-info/SOURCES.txt'
writing manifest file '../../build/camera_node/camera_node.egg-info/SOURCES.txt'
running build
running build_py
running install
running install_lib
creating /home/gowheel/gowheel_ws/install/camera_node/lib/python3.12/site-packages/camera_node
copying /home/gowheel/gowheel_ws/build/camera_node/build/lib/camera_node/__init__.py -> /home/gowheel/gowheel_ws/install/camera_node/lib/python3.12/site-packages/camera_node
copying /home/gowheel/gowheel_ws/build/camera_node/build/lib/camera_node/camera_node.py -> /home/gowheel/gowheel_ws/install/camera_node/lib/python3.12/site-packages/camera_node
byte-compiling /home/gowheel/gowheel_ws/install/camera_node/lib/python3.12/site-packages/camera_node/__init__.py to __init__.cpython-312.pyc
byte-compiling /home/gowheel/gowheel_ws/install/camera_node/lib/python3.12/site-packages/camera_node/camera_node.py to camera_node.cpython-312.pyc
running install_data
copying resource/camera_node -> /home/gowheel/gowheel_ws/install/camera_node/share/ament_index/resource_index/packages
copying package.xml -> /home/gowheel/gowheel_ws/install/camera_node/share/camera_node
running install_egg_info
Copying ../../build/camera_node/camera_node.egg-info to /home/gowheel/gowheel_ws/install/camera_node/lib/python3.12/site-packages/camera_node-0.0.0-py3.12.egg-info
running install_scripts
Installing camera_node script to /home/gowheel/gowheel_ws/install/camera_node/lib/camera_node
writing list of installed files to '/home/gowheel/gowheel_ws/build/camera_node/install.log'
