[3.388s] Invoking command in '/home/gowheel/gowheel_ws/build/camera_node': DEBUGINFOD_URLS=https://debuginfod.ubuntu.com PYTHONPATH=/home/gowheel/gowheel_ws/build/camera_node/prefix_override:/usr/lib/python3/dist-packages/colcon_core/task/python/colcon_distutils_commands:/home/gowheel/gowheel_ws/install/camera_node/lib/python3.12/site-packages:${PYTHONPATH} /usr/bin/python3 -W ignore:setup.py install is deprecated -W ignore:easy_install command is deprecated setup.py develop --uninstall --editable --build-directory /home/gowheel/gowheel_ws/build/camera_node/build
[4.013s] running develop
[4.322s] Removing /home/gowheel/gowheel_ws/install/camera_node/lib/python3.12/site-packages/camera-node.egg-link (link to .)
[4.593s] Invoked command in '/home/gowheel/gowheel_ws/build/camera_node' returned '0': DEBUGINFOD_URLS=https://debuginfod.ubuntu.com PYTHONPATH=/home/gowheel/gowheel_ws/build/camera_node/prefix_override:/usr/lib/python3/dist-packages/colcon_core/task/python/colcon_distutils_commands:/home/gowheel/gowheel_ws/install/camera_node/lib/python3.12/site-packages:${PYTHONPATH} /usr/bin/python3 -W ignore:setup.py install is deprecated -W ignore:easy_install command is deprecated setup.py develop --uninstall --editable --build-directory /home/gowheel/gowheel_ws/build/camera_node/build
[4.597s] Invoking command in '/home/gowheel/gowheel_ws/src/camera_node': DEBUGINFOD_URLS=https://debuginfod.ubuntu.com PYTHONPATH=/home/gowheel/gowheel_ws/build/camera_node/prefix_override:/usr/lib/python3/dist-packages/colcon_core/task/python/colcon_distutils_commands:/home/gowheel/gowheel_ws/install/camera_node/lib/python3.12/site-packages:${PYTHONPATH} /usr/bin/python3 -W ignore:setup.py install is deprecated -W ignore:easy_install command is deprecated setup.py egg_info --egg-base ../../build/camera_node build --build-base /home/gowheel/gowheel_ws/build/camera_node/build install --record /home/gowheel/gowheel_ws/build/camera_node/install.log --single-version-externally-managed install_data --force
[5.158s] running egg_info
[5.184s] writing ../../build/camera_node/camera_node.egg-info/PKG-INFO
[5.184s] writing dependency_links to ../../build/camera_node/camera_node.egg-info/dependency_links.txt
[5.185s] writing entry points to ../../build/camera_node/camera_node.egg-info/entry_points.txt
[5.185s] writing requirements to ../../build/camera_node/camera_node.egg-info/requires.txt
[5.186s] writing top-level names to ../../build/camera_node/camera_node.egg-info/top_level.txt
[5.243s] reading manifest file '../../build/camera_node/camera_node.egg-info/SOURCES.txt'
[5.247s] writing manifest file '../../build/camera_node/camera_node.egg-info/SOURCES.txt'
[5.249s] running build
[5.249s] running build_py
[5.253s] running install
[5.269s] running install_lib
[5.295s] creating /home/gowheel/gowheel_ws/install/camera_node/lib/python3.12/site-packages/camera_node
[5.296s] copying /home/gowheel/gowheel_ws/build/camera_node/build/lib/camera_node/__init__.py -> /home/gowheel/gowheel_ws/install/camera_node/lib/python3.12/site-packages/camera_node
[5.296s] copying /home/gowheel/gowheel_ws/build/camera_node/build/lib/camera_node/camera_node.py -> /home/gowheel/gowheel_ws/install/camera_node/lib/python3.12/site-packages/camera_node
[5.300s] byte-compiling /home/gowheel/gowheel_ws/install/camera_node/lib/python3.12/site-packages/camera_node/__init__.py to __init__.cpython-312.pyc
[5.307s] byte-compiling /home/gowheel/gowheel_ws/install/camera_node/lib/python3.12/site-packages/camera_node/camera_node.py to camera_node.cpython-312.pyc
[5.307s] running install_data
[5.307s] copying resource/camera_node -> /home/gowheel/gowheel_ws/install/camera_node/share/ament_index/resource_index/packages
[5.307s] copying package.xml -> /home/gowheel/gowheel_ws/install/camera_node/share/camera_node
[5.307s] running install_egg_info
[5.334s] Copying ../../build/camera_node/camera_node.egg-info to /home/gowheel/gowheel_ws/install/camera_node/lib/python3.12/site-packages/camera_node-0.0.0-py3.12.egg-info
[5.338s] running install_scripts
[5.579s] Installing camera_node script to /home/gowheel/gowheel_ws/install/camera_node/lib/camera_node
[5.579s] writing list of installed files to '/home/gowheel/gowheel_ws/build/camera_node/install.log'
[5.850s] Invoked command in '/home/gowheel/gowheel_ws/src/camera_node' returned '0': DEBUGINFOD_URLS=https://debuginfod.ubuntu.com PYTHONPATH=/home/gowheel/gowheel_ws/build/camera_node/prefix_override:/usr/lib/python3/dist-packages/colcon_core/task/python/colcon_distutils_commands:/home/gowheel/gowheel_ws/install/camera_node/lib/python3.12/site-packages:${PYTHONPATH} /usr/bin/python3 -W ignore:setup.py install is deprecated -W ignore:easy_install command is deprecated setup.py egg_info --egg-base ../../build/camera_node build --build-base /home/gowheel/gowheel_ws/build/camera_node/build install --record /home/gowheel/gowheel_ws/build/camera_node/install.log --single-version-externally-managed install_data --force
