[0.076s] Invoking command in '/home/gowheel/gowheel_ws/build/sllidar_ros2': CMAKE_PREFIX_PATH=${CMAKE_PREFIX_PATH}:/home/gowheel/gowheel_ws/install/servo_node:/home/gowheel/gowheel_ws/install/robot_controller:/home/gowheel/gowheel_ws/install/lidar_node:/home/gowheel/gowheel_ws/install/camera_node:/opt/ros/jazzy DEBUGINFOD_URLS=https://debuginfod.ubuntu.com /usr/bin/cmake --build /home/gowheel/gowheel_ws/build/sllidar_ros2 -- -j4 -l4
[0.215s] [ 10%] Built target sllidar_client
[0.229s] [100%] Built target sllidar_node
[0.256s] Invoked command in '/home/gowheel/gowheel_ws/build/sllidar_ros2' returned '0': CMAKE_PREFIX_PATH=${CMAKE_PREFIX_PATH}:/home/gowheel/gowheel_ws/install/servo_node:/home/gowheel/gowheel_ws/install/robot_controller:/home/gowheel/gowheel_ws/install/lidar_node:/home/gowheel/gowheel_ws/install/camera_node:/opt/ros/jazzy DEBUGINFOD_URLS=https://debuginfod.ubuntu.com /usr/bin/cmake --build /home/gowheel/gowheel_ws/build/sllidar_ros2 -- -j4 -l4
[0.275s] Invoking command in '/home/gowheel/gowheel_ws/build/sllidar_ros2': CMAKE_PREFIX_PATH=${CMAKE_PREFIX_PATH}:/home/gowheel/gowheel_ws/install/servo_node:/home/gowheel/gowheel_ws/install/robot_controller:/home/gowheel/gowheel_ws/install/lidar_node:/home/gowheel/gowheel_ws/install/camera_node:/opt/ros/jazzy DEBUGINFOD_URLS=https://debuginfod.ubuntu.com /usr/bin/cmake --install /home/gowheel/gowheel_ws/build/sllidar_ros2
[0.291s] -- Install configuration: ""
[0.291s] -- Execute custom install script
[0.292s] -- Up-to-date symlink: /home/gowheel/gowheel_ws/install/sllidar_ros2/share/sllidar_ros2/launch/sllidar_a1_launch.py
[0.292s] -- Up-to-date symlink: /home/gowheel/gowheel_ws/install/sllidar_ros2/share/sllidar_ros2/launch/sllidar_a2m12_launch .py
[0.292s] -- Up-to-date symlink: /home/gowheel/gowheel_ws/install/sllidar_ros2/share/sllidar_ros2/launch/sllidar_a2m7_launch.py
[0.293s] -- Up-to-date symlink: /home/gowheel/gowheel_ws/install/sllidar_ros2/share/sllidar_ros2/launch/sllidar_a2m8_launch.py
[0.293s] -- Up-to-date symlink: /home/gowheel/gowheel_ws/install/sllidar_ros2/share/sllidar_ros2/launch/sllidar_a3_launch.py
[0.293s] -- Up-to-date symlink: /home/gowheel/gowheel_ws/install/sllidar_ros2/share/sllidar_ros2/launch/sllidar_c1_launch.py
[0.293s] -- Up-to-date symlink: /home/gowheel/gowheel_ws/install/sllidar_ros2/share/sllidar_ros2/launch/sllidar_s1_launch.py
[0.293s] -- Up-to-date symlink: /home/gowheel/gowheel_ws/install/sllidar_ros2/share/sllidar_ros2/launch/sllidar_s1_tcp_launch.py
[0.293s] -- Up-to-date symlink: /home/gowheel/gowheel_ws/install/sllidar_ros2/share/sllidar_ros2/launch/sllidar_s2_launch.py
[0.294s] -- Up-to-date symlink: /home/gowheel/gowheel_ws/install/sllidar_ros2/share/sllidar_ros2/launch/sllidar_s2e_launch.py
[0.296s] -- Up-to-date symlink: /home/gowheel/gowheel_ws/install/sllidar_ros2/share/sllidar_ros2/launch/sllidar_s3_launch.py
[0.296s] -- Up-to-date symlink: /home/gowheel/gowheel_ws/install/sllidar_ros2/share/sllidar_ros2/launch/sllidar_t1_launch.py
[0.296s] -- Up-to-date symlink: /home/gowheel/gowheel_ws/install/sllidar_ros2/share/sllidar_ros2/launch/view_sllidar_a1_launch.py
[0.297s] -- Up-to-date symlink: /home/gowheel/gowheel_ws/install/sllidar_ros2/share/sllidar_ros2/launch/view_sllidar_a2m12_launch.py
[0.297s] -- Up-to-date symlink: /home/gowheel/gowheel_ws/install/sllidar_ros2/share/sllidar_ros2/launch/view_sllidar_a2m7_launch.py
[0.297s] -- Up-to-date symlink: /home/gowheel/gowheel_ws/install/sllidar_ros2/share/sllidar_ros2/launch/view_sllidar_a2m8_launch.py
[0.297s] -- Up-to-date symlink: /home/gowheel/gowheel_ws/install/sllidar_ros2/share/sllidar_ros2/launch/view_sllidar_a3_launch.py
[0.298s] -- Up-to-date symlink: /home/gowheel/gowheel_ws/install/sllidar_ros2/share/sllidar_ros2/launch/view_sllidar_c1_launch.py
[0.299s] -- Up-to-date symlink: /home/gowheel/gowheel_ws/install/sllidar_ros2/share/sllidar_ros2/launch/view_sllidar_s1_launch.py
[0.300s] -- Up-to-date symlink: /home/gowheel/gowheel_ws/install/sllidar_ros2/share/sllidar_ros2/launch/view_sllidar_s1_tcp_launch.py
[0.300s] -- Up-to-date symlink: /home/gowheel/gowheel_ws/install/sllidar_ros2/share/sllidar_ros2/launch/view_sllidar_s2_launch.py
[0.300s] -- Up-to-date symlink: /home/gowheel/gowheel_ws/install/sllidar_ros2/share/sllidar_ros2/launch/view_sllidar_s2e_launch.py
[0.300s] -- Up-to-date symlink: /home/gowheel/gowheel_ws/install/sllidar_ros2/share/sllidar_ros2/launch/view_sllidar_s3_launch.py
[0.300s] -- Up-to-date symlink: /home/gowheel/gowheel_ws/install/sllidar_ros2/share/sllidar_ros2/launch/view_sllidar_t1_launch.py
[0.301s] -- Up-to-date symlink: /home/gowheel/gowheel_ws/install/sllidar_ros2/share/sllidar_ros2/rviz/sllidar_ros2.rviz
[0.301s] -- Up-to-date symlink: /home/gowheel/gowheel_ws/install/sllidar_ros2/lib/sllidar_ros2/sllidar_node
[0.301s] -- Up-to-date symlink: /home/gowheel/gowheel_ws/install/sllidar_ros2/lib/sllidar_ros2/sllidar_client
[0.301s] -- Up-to-date symlink: /home/gowheel/gowheel_ws/install/sllidar_ros2/share/ament_index/resource_index/package_run_dependencies/sllidar_ros2
[0.301s] -- Up-to-date symlink: /home/gowheel/gowheel_ws/install/sllidar_ros2/share/ament_index/resource_index/parent_prefix_path/sllidar_ros2
[0.301s] -- Up-to-date symlink: /home/gowheel/gowheel_ws/install/sllidar_ros2/share/sllidar_ros2/environment/ament_prefix_path.sh
[0.301s] -- Up-to-date symlink: /home/gowheel/gowheel_ws/install/sllidar_ros2/share/sllidar_ros2/environment/ament_prefix_path.dsv
[0.301s] -- Up-to-date symlink: /home/gowheel/gowheel_ws/install/sllidar_ros2/share/sllidar_ros2/environment/path.sh
[0.302s] -- Up-to-date symlink: /home/gowheel/gowheel_ws/install/sllidar_ros2/share/sllidar_ros2/environment/path.dsv
[0.302s] -- Up-to-date symlink: /home/gowheel/gowheel_ws/install/sllidar_ros2/share/sllidar_ros2/local_setup.bash
[0.302s] -- Up-to-date symlink: /home/gowheel/gowheel_ws/install/sllidar_ros2/share/sllidar_ros2/local_setup.sh
[0.302s] -- Up-to-date symlink: /home/gowheel/gowheel_ws/install/sllidar_ros2/share/sllidar_ros2/local_setup.zsh
[0.302s] -- Up-to-date symlink: /home/gowheel/gowheel_ws/install/sllidar_ros2/share/sllidar_ros2/local_setup.dsv
[0.302s] -- Symlinking: /home/gowheel/gowheel_ws/install/sllidar_ros2/share/sllidar_ros2/package.dsv
[0.320s] -- Up-to-date symlink: /home/gowheel/gowheel_ws/install/sllidar_ros2/share/ament_index/resource_index/packages/sllidar_ros2
[0.320s] -- Up-to-date symlink: /home/gowheel/gowheel_ws/install/sllidar_ros2/share/sllidar_ros2/cmake/ament_cmake_export_dependencies-extras.cmake
[0.320s] -- Up-to-date symlink: /home/gowheel/gowheel_ws/install/sllidar_ros2/share/sllidar_ros2/cmake/ament_cmake_export_include_directories-extras.cmake
[0.320s] -- Up-to-date symlink: /home/gowheel/gowheel_ws/install/sllidar_ros2/share/sllidar_ros2/cmake/sllidar_ros2Config.cmake
[0.321s] -- Up-to-date symlink: /home/gowheel/gowheel_ws/install/sllidar_ros2/share/sllidar_ros2/cmake/sllidar_ros2Config-version.cmake
[0.321s] -- Up-to-date symlink: /home/gowheel/gowheel_ws/install/sllidar_ros2/share/sllidar_ros2/package.xml
[0.325s] Invoked command in '/home/gowheel/gowheel_ws/build/sllidar_ros2' returned '0': CMAKE_PREFIX_PATH=${CMAKE_PREFIX_PATH}:/home/gowheel/gowheel_ws/install/servo_node:/home/gowheel/gowheel_ws/install/robot_controller:/home/gowheel/gowheel_ws/install/lidar_node:/home/gowheel/gowheel_ws/install/camera_node:/opt/ros/jazzy DEBUGINFOD_URLS=https://debuginfod.ubuntu.com /usr/bin/cmake --install /home/gowheel/gowheel_ws/build/sllidar_ros2
