[2.516s] Invoking command in '/home/gowheel/gowheel_ws/build/servo_node': DEBUGINFOD_URLS=https://debuginfod.ubuntu.com PYTHONPATH=/home/gowheel/gowheel_ws/build/servo_node/prefix_override:/usr/lib/python3/dist-packages/colcon_core/task/python/colcon_distutils_commands:/home/gowheel/gowheel_ws/install/servo_node/lib/python3.12/site-packages:${PYTHONPATH} /usr/bin/python3 -W ignore:setup.py install is deprecated -W ignore:easy_install command is deprecated setup.py develop --uninstall --editable --build-directory /home/gowheel/gowheel_ws/build/servo_node/build
[3.066s] running develop
[3.376s] Removing /home/gowheel/gowheel_ws/install/servo_node/lib/python3.12/site-packages/servo-node.egg-link (link to .)
[3.546s] Invoked command in '/home/gowheel/gowheel_ws/build/servo_node' returned '0': DEBUGINFOD_URLS=https://debuginfod.ubuntu.com PYTHONPATH=/home/gowheel/gowheel_ws/build/servo_node/prefix_override:/usr/lib/python3/dist-packages/colcon_core/task/python/colcon_distutils_commands:/home/gowheel/gowheel_ws/install/servo_node/lib/python3.12/site-packages:${PYTHONPATH} /usr/bin/python3 -W ignore:setup.py install is deprecated -W ignore:easy_install command is deprecated setup.py develop --uninstall --editable --build-directory /home/gowheel/gowheel_ws/build/servo_node/build
[3.546s] Invoking command in '/home/gowheel/gowheel_ws/src/servo_node': DEBUGINFOD_URLS=https://debuginfod.ubuntu.com PYTHONPATH=/home/gowheel/gowheel_ws/build/servo_node/prefix_override:/usr/lib/python3/dist-packages/colcon_core/task/python/colcon_distutils_commands:/home/gowheel/gowheel_ws/install/servo_node/lib/python3.12/site-packages:${PYTHONPATH} /usr/bin/python3 -W ignore:setup.py install is deprecated -W ignore:easy_install command is deprecated setup.py egg_info --egg-base ../../build/servo_node build --build-base /home/gowheel/gowheel_ws/build/servo_node/build install --record /home/gowheel/gowheel_ws/build/servo_node/install.log --single-version-externally-managed install_data --force
[4.036s] running egg_info
[4.062s] writing ../../build/servo_node/servo_node.egg-info/PKG-INFO
[4.063s] writing dependency_links to ../../build/servo_node/servo_node.egg-info/dependency_links.txt
[4.064s] writing entry points to ../../build/servo_node/servo_node.egg-info/entry_points.txt
[4.065s] writing requirements to ../../build/servo_node/servo_node.egg-info/requires.txt
[4.066s] writing top-level names to ../../build/servo_node/servo_node.egg-info/top_level.txt
[4.132s] reading manifest file '../../build/servo_node/servo_node.egg-info/SOURCES.txt'
[4.134s] writing manifest file '../../build/servo_node/servo_node.egg-info/SOURCES.txt'
[4.134s] running build
[4.134s] running build_py
[4.134s] running install
[4.145s] running install_lib
[4.176s] creating /home/gowheel/gowheel_ws/install/servo_node/lib/python3.12/site-packages/servo_node
[4.176s] copying /home/gowheel/gowheel_ws/build/servo_node/build/lib/servo_node/__init__.py -> /home/gowheel/gowheel_ws/install/servo_node/lib/python3.12/site-packages/servo_node
[4.176s] copying /home/gowheel/gowheel_ws/build/servo_node/build/lib/servo_node/servo_node.py -> /home/gowheel/gowheel_ws/install/servo_node/lib/python3.12/site-packages/servo_node
[4.180s] byte-compiling /home/gowheel/gowheel_ws/install/servo_node/lib/python3.12/site-packages/servo_node/__init__.py to __init__.cpython-312.pyc
[4.181s] byte-compiling /home/gowheel/gowheel_ws/install/servo_node/lib/python3.12/site-packages/servo_node/servo_node.py to servo_node.cpython-312.pyc
[4.183s] running install_data
[4.183s] copying resource/servo_node -> /home/gowheel/gowheel_ws/install/servo_node/share/ament_index/resource_index/packages
[4.184s] copying package.xml -> /home/gowheel/gowheel_ws/install/servo_node/share/servo_node
[4.184s] running install_egg_info
[4.226s] Copying ../../build/servo_node/servo_node.egg-info to /home/gowheel/gowheel_ws/install/servo_node/lib/python3.12/site-packages/servo_node-0.0.0-py3.12.egg-info
[4.230s] running install_scripts
[4.491s] Installing servo_node script to /home/gowheel/gowheel_ws/install/servo_node/lib/servo_node
[4.496s] writing list of installed files to '/home/gowheel/gowheel_ws/build/servo_node/install.log'
[4.654s] Invoked command in '/home/gowheel/gowheel_ws/src/servo_node' returned '0': DEBUGINFOD_URLS=https://debuginfod.ubuntu.com PYTHONPATH=/home/gowheel/gowheel_ws/build/servo_node/prefix_override:/usr/lib/python3/dist-packages/colcon_core/task/python/colcon_distutils_commands:/home/gowheel/gowheel_ws/install/servo_node/lib/python3.12/site-packages:${PYTHONPATH} /usr/bin/python3 -W ignore:setup.py install is deprecated -W ignore:easy_install command is deprecated setup.py egg_info --egg-base ../../build/servo_node build --build-base /home/gowheel/gowheel_ws/build/servo_node/build install --record /home/gowheel/gowheel_ws/build/servo_node/install.log --single-version-externally-managed install_data --force
