[2.832s] Invoking command in '/home/gowheel/gowheel_ws/src/robot_controller': DEBUGINFOD_URLS=https://debuginfod.ubuntu.com PYTHONPATH=/home/gowheel/gowheel_ws/build/robot_controller/prefix_override:/usr/lib/python3/dist-packages/colcon_core/task/python/colcon_distutils_commands:/home/gowheel/gowheel_ws/install/robot_controller/lib/python3.12/site-packages:${PYTHONPATH} /usr/bin/python3 -W ignore:setup.py install is deprecated -W ignore:easy_install command is deprecated setup.py egg_info --egg-base ../../build/robot_controller build --build-base /home/gowheel/gowheel_ws/build/robot_controller/build install --record /home/gowheel/gowheel_ws/build/robot_controller/install.log --single-version-externally-managed install_data
[3.368s] running egg_info
[3.400s] writing ../../build/robot_controller/robot_controller.egg-info/PKG-INFO
[3.401s] writing dependency_links to ../../build/robot_controller/robot_controller.egg-info/dependency_links.txt
[3.408s] writing entry points to ../../build/robot_controller/robot_controller.egg-info/entry_points.txt
[3.408s] writing requirements to ../../build/robot_controller/robot_controller.egg-info/requires.txt
[3.408s] writing top-level names to ../../build/robot_controller/robot_controller.egg-info/top_level.txt
[3.470s] reading manifest file '../../build/robot_controller/robot_controller.egg-info/SOURCES.txt'
[3.470s] writing manifest file '../../build/robot_controller/robot_controller.egg-info/SOURCES.txt'
[3.471s] running build
[3.471s] running build_py
[3.471s] running install
[3.482s] running install_lib
[3.518s] running install_data
[3.518s] running install_egg_info
[3.548s] removing '/home/gowheel/gowheel_ws/install/robot_controller/lib/python3.12/site-packages/robot_controller-0.0.0-py3.12.egg-info' (and everything under it)
[3.551s] Copying ../../build/robot_controller/robot_controller.egg-info to /home/gowheel/gowheel_ws/install/robot_controller/lib/python3.12/site-packages/robot_controller-0.0.0-py3.12.egg-info
[3.551s] running install_scripts
[3.790s] Installing controller_node script to /home/gowheel/gowheel_ws/install/robot_controller/lib/robot_controller
[3.791s] writing list of installed files to '/home/gowheel/gowheel_ws/build/robot_controller/install.log'
[4.012s] Invoked command in '/home/gowheel/gowheel_ws/src/robot_controller' returned '0': DEBUGINFOD_URLS=https://debuginfod.ubuntu.com PYTHONPATH=/home/gowheel/gowheel_ws/build/robot_controller/prefix_override:/usr/lib/python3/dist-packages/colcon_core/task/python/colcon_distutils_commands:/home/gowheel/gowheel_ws/install/robot_controller/lib/python3.12/site-packages:${PYTHONPATH} /usr/bin/python3 -W ignore:setup.py install is deprecated -W ignore:easy_install command is deprecated setup.py egg_info --egg-base ../../build/robot_controller build --build-base /home/gowheel/gowheel_ws/build/robot_controller/build install --record /home/gowheel/gowheel_ws/build/robot_controller/install.log --single-version-externally-managed install_data
