[3.088s] Invoking command in '/home/gowheel/gowheel_ws/build/camera_node': DEBUGINFOD_URLS=https://debuginfod.ubuntu.com PYTHONPATH=/home/gowheel/gowheel_ws/build/camera_node/prefix_override:/usr/lib/python3/dist-packages/colcon_core/task/python/colcon_distutils_commands:/home/gowheel/gowheel_ws/install/camera_node/lib/python3.12/site-packages:${PYTHONPATH} /usr/bin/python3 -W ignore:setup.py install is deprecated -W ignore:easy_install command is deprecated setup.py develop --uninstall --editable --build-directory /home/gowheel/gowheel_ws/build/camera_node/build
[3.649s] running develop
[3.946s] Removing /home/gowheel/gowheel_ws/install/camera_node/lib/python3.12/site-packages/camera-node.egg-link (link to .)
[4.202s] Invoked command in '/home/gowheel/gowheel_ws/build/camera_node' returned '0': DEBUGINFOD_URLS=https://debuginfod.ubuntu.com PYTHONPATH=/home/gowheel/gowheel_ws/build/camera_node/prefix_override:/usr/lib/python3/dist-packages/colcon_core/task/python/colcon_distutils_commands:/home/gowheel/gowheel_ws/install/camera_node/lib/python3.12/site-packages:${PYTHONPATH} /usr/bin/python3 -W ignore:setup.py install is deprecated -W ignore:easy_install command is deprecated setup.py develop --uninstall --editable --build-directory /home/gowheel/gowheel_ws/build/camera_node/build
[4.202s] Invoking command in '/home/gowheel/gowheel_ws/src/camera_node': DEBUGINFOD_URLS=https://debuginfod.ubuntu.com PYTHONPATH=/home/gowheel/gowheel_ws/build/camera_node/prefix_override:/usr/lib/python3/dist-packages/colcon_core/task/python/colcon_distutils_commands:/home/gowheel/gowheel_ws/install/camera_node/lib/python3.12/site-packages:${PYTHONPATH} /usr/bin/python3 -W ignore:setup.py install is deprecated -W ignore:easy_install command is deprecated setup.py egg_info --egg-base ../../build/camera_node build --build-base /home/gowheel/gowheel_ws/build/camera_node/build install --record /home/gowheel/gowheel_ws/build/camera_node/install.log --single-version-externally-managed install_data --force
[4.688s] running egg_info
[4.717s] writing ../../build/camera_node/camera_node.egg-info/PKG-INFO
[4.717s] writing dependency_links to ../../build/camera_node/camera_node.egg-info/dependency_links.txt
[4.718s] writing entry points to ../../build/camera_node/camera_node.egg-info/entry_points.txt
[4.718s] writing requirements to ../../build/camera_node/camera_node.egg-info/requires.txt
[4.718s] writing top-level names to ../../build/camera_node/camera_node.egg-info/top_level.txt
[4.819s] reading manifest file '../../build/camera_node/camera_node.egg-info/SOURCES.txt'
[4.824s] writing manifest file '../../build/camera_node/camera_node.egg-info/SOURCES.txt'
[4.825s] running build
[4.825s] running build_py
[4.825s] running install
[4.831s] running install_lib
[4.863s] creating /home/gowheel/gowheel_ws/install/camera_node/lib/python3.12/site-packages/camera_node
[4.865s] copying /home/gowheel/gowheel_ws/build/camera_node/build/lib/camera_node/__init__.py -> /home/gowheel/gowheel_ws/install/camera_node/lib/python3.12/site-packages/camera_node
[4.865s] copying /home/gowheel/gowheel_ws/build/camera_node/build/lib/camera_node/camera_node.py -> /home/gowheel/gowheel_ws/install/camera_node/lib/python3.12/site-packages/camera_node
[4.874s] byte-compiling /home/gowheel/gowheel_ws/install/camera_node/lib/python3.12/site-packages/camera_node/__init__.py to __init__.cpython-312.pyc
[4.874s] byte-compiling /home/gowheel/gowheel_ws/install/camera_node/lib/python3.12/site-packages/camera_node/camera_node.py to camera_node.cpython-312.pyc
[4.878s] running install_data
[4.878s] copying resource/camera_node -> /home/gowheel/gowheel_ws/install/camera_node/share/ament_index/resource_index/packages
[4.897s] copying package.xml -> /home/gowheel/gowheel_ws/install/camera_node/share/camera_node
[4.897s] running install_egg_info
[4.926s] Copying ../../build/camera_node/camera_node.egg-info to /home/gowheel/gowheel_ws/install/camera_node/lib/python3.12/site-packages/camera_node-0.0.0-py3.12.egg-info
[4.945s] running install_scripts
[5.267s] Installing camera_node script to /home/gowheel/gowheel_ws/install/camera_node/lib/camera_node
[5.268s] writing list of installed files to '/home/gowheel/gowheel_ws/build/camera_node/install.log'
[5.409s] Invoked command in '/home/gowheel/gowheel_ws/src/camera_node' returned '0': DEBUGINFOD_URLS=https://debuginfod.ubuntu.com PYTHONPATH=/home/gowheel/gowheel_ws/build/camera_node/prefix_override:/usr/lib/python3/dist-packages/colcon_core/task/python/colcon_distutils_commands:/home/gowheel/gowheel_ws/install/camera_node/lib/python3.12/site-packages:${PYTHONPATH} /usr/bin/python3 -W ignore:setup.py install is deprecated -W ignore:easy_install command is deprecated setup.py egg_info --egg-base ../../build/camera_node build --build-base /home/gowheel/gowheel_ws/build/camera_node/build install --record /home/gowheel/gowheel_ws/build/camera_node/install.log --single-version-externally-managed install_data --force
