[3.289s] Invoking command in '/home/gowheel/gowheel_ws/build/camera_node': DEBUGINFOD_URLS=https://debuginfod.ubuntu.com PYTHONPATH=/home/gowheel/gowheel_ws/build/camera_node/prefix_override:/usr/lib/python3/dist-packages/colcon_core/task/python/colcon_distutils_commands:/home/gowheel/gowheel_ws/install/camera_node/lib/python3.12/site-packages:${PYTHONPATH} /usr/bin/python3 -W ignore:setup.py install is deprecated -W ignore:easy_install command is deprecated setup.py develop --uninstall --editable --build-directory /home/gowheel/gowheel_ws/build/camera_node/build
[3.919s] running develop
[4.268s] Removing /home/gowheel/gowheel_ws/install/camera_node/lib/python3.12/site-packages/camera-node.egg-link (link to .)
[4.599s] Invoked command in '/home/gowheel/gowheel_ws/build/camera_node' returned '0': DEBUGINFOD_URLS=https://debuginfod.ubuntu.com PYTHONPATH=/home/gowheel/gowheel_ws/build/camera_node/prefix_override:/usr/lib/python3/dist-packages/colcon_core/task/python/colcon_distutils_commands:/home/gowheel/gowheel_ws/install/camera_node/lib/python3.12/site-packages:${PYTHONPATH} /usr/bin/python3 -W ignore:setup.py install is deprecated -W ignore:easy_install command is deprecated setup.py develop --uninstall --editable --build-directory /home/gowheel/gowheel_ws/build/camera_node/build
[4.602s] Invoking command in '/home/gowheel/gowheel_ws/src/camera_node': DEBUGINFOD_URLS=https://debuginfod.ubuntu.com PYTHONPATH=/home/gowheel/gowheel_ws/build/camera_node/prefix_override:/usr/lib/python3/dist-packages/colcon_core/task/python/colcon_distutils_commands:/home/gowheel/gowheel_ws/install/camera_node/lib/python3.12/site-packages:${PYTHONPATH} /usr/bin/python3 -W ignore:setup.py install is deprecated -W ignore:easy_install command is deprecated setup.py egg_info --egg-base ../../build/camera_node build --build-base /home/gowheel/gowheel_ws/build/camera_node/build install --record /home/gowheel/gowheel_ws/build/camera_node/install.log --single-version-externally-managed install_data --force
[5.126s] running egg_info
[5.156s] writing ../../build/camera_node/camera_node.egg-info/PKG-INFO
[5.159s] writing dependency_links to ../../build/camera_node/camera_node.egg-info/dependency_links.txt
[5.160s] writing entry points to ../../build/camera_node/camera_node.egg-info/entry_points.txt
[5.165s] writing requirements to ../../build/camera_node/camera_node.egg-info/requires.txt
[5.165s] writing top-level names to ../../build/camera_node/camera_node.egg-info/top_level.txt
[5.223s] reading manifest file '../../build/camera_node/camera_node.egg-info/SOURCES.txt'
[5.228s] writing manifest file '../../build/camera_node/camera_node.egg-info/SOURCES.txt'
[5.228s] running build
[5.229s] running build_py
[5.230s] creating /home/gowheel/gowheel_ws/build/camera_node/build
[5.231s] creating /home/gowheel/gowheel_ws/build/camera_node/build/lib
[5.231s] creating /home/gowheel/gowheel_ws/build/camera_node/build/lib/camera_node
[5.231s] copying camera_node/__init__.py -> /home/gowheel/gowheel_ws/build/camera_node/build/lib/camera_node
[5.231s] copying camera_node/camera_node.py -> /home/gowheel/gowheel_ws/build/camera_node/build/lib/camera_node
[5.235s] running install
[5.243s] running install_lib
[5.278s] creating /home/gowheel/gowheel_ws/install/camera_node/lib/python3.12/site-packages/camera_node
[5.278s] copying /home/gowheel/gowheel_ws/build/camera_node/build/lib/camera_node/__init__.py -> /home/gowheel/gowheel_ws/install/camera_node/lib/python3.12/site-packages/camera_node
[5.278s] copying /home/gowheel/gowheel_ws/build/camera_node/build/lib/camera_node/camera_node.py -> /home/gowheel/gowheel_ws/install/camera_node/lib/python3.12/site-packages/camera_node
[5.280s] byte-compiling /home/gowheel/gowheel_ws/install/camera_node/lib/python3.12/site-packages/camera_node/__init__.py to __init__.cpython-312.pyc
[5.280s] byte-compiling /home/gowheel/gowheel_ws/install/camera_node/lib/python3.12/site-packages/camera_node/camera_node.py to camera_node.cpython-312.pyc
[5.281s] running install_data
[5.282s] copying resource/camera_node -> /home/gowheel/gowheel_ws/install/camera_node/share/ament_index/resource_index/packages
[5.283s] copying package.xml -> /home/gowheel/gowheel_ws/install/camera_node/share/camera_node
[5.284s] running install_egg_info
[5.318s] Copying ../../build/camera_node/camera_node.egg-info to /home/gowheel/gowheel_ws/install/camera_node/lib/python3.12/site-packages/camera_node-0.0.0-py3.12.egg-info
[5.321s] running install_scripts
[5.600s] Installing camera_node script to /home/gowheel/gowheel_ws/install/camera_node/lib/camera_node
[5.600s] writing list of installed files to '/home/gowheel/gowheel_ws/build/camera_node/install.log'
[5.879s] Invoked command in '/home/gowheel/gowheel_ws/src/camera_node' returned '0': DEBUGINFOD_URLS=https://debuginfod.ubuntu.com PYTHONPATH=/home/gowheel/gowheel_ws/build/camera_node/prefix_override:/usr/lib/python3/dist-packages/colcon_core/task/python/colcon_distutils_commands:/home/gowheel/gowheel_ws/install/camera_node/lib/python3.12/site-packages:${PYTHONPATH} /usr/bin/python3 -W ignore:setup.py install is deprecated -W ignore:easy_install command is deprecated setup.py egg_info --egg-base ../../build/camera_node build --build-base /home/gowheel/gowheel_ws/build/camera_node/build install --record /home/gowheel/gowheel_ws/build/camera_node/install.log --single-version-externally-managed install_data --force
