[3.007s] Invoking command in '/home/gowheel/gowheel_ws/src/camera_node': DEBUGINFOD_URLS=https://debuginfod.ubuntu.com PYTHONPATH=/home/gowheel/gowheel_ws/build/camera_node/prefix_override:/usr/lib/python3/dist-packages/colcon_core/task/python/colcon_distutils_commands:/home/gowheel/gowheel_ws/install/camera_node/lib/python3.12/site-packages:${PYTHONPATH} /usr/bin/python3 -W ignore:setup.py install is deprecated -W ignore:easy_install command is deprecated setup.py egg_info --egg-base ../../build/camera_node build --build-base /home/gowheel/gowheel_ws/build/camera_node/build install --record /home/gowheel/gowheel_ws/build/camera_node/install.log --single-version-externally-managed install_data
[3.683s] running egg_info
[3.716s] writing ../../build/camera_node/camera_node.egg-info/PKG-INFO
[3.717s] writing dependency_links to ../../build/camera_node/camera_node.egg-info/dependency_links.txt
[3.719s] writing entry points to ../../build/camera_node/camera_node.egg-info/entry_points.txt
[3.721s] writing requirements to ../../build/camera_node/camera_node.egg-info/requires.txt
[3.722s] writing top-level names to ../../build/camera_node/camera_node.egg-info/top_level.txt
[3.815s] reading manifest file '../../build/camera_node/camera_node.egg-info/SOURCES.txt'
[3.817s] writing manifest file '../../build/camera_node/camera_node.egg-info/SOURCES.txt'
[3.817s] running build
[3.817s] running build_py
[3.819s] running install
[3.839s] running install_lib
[3.892s] running install_data
[3.895s] running install_egg_info
[3.935s] removing '/home/gowheel/gowheel_ws/install/camera_node/lib/python3.12/site-packages/camera_node-0.0.0-py3.12.egg-info' (and everything under it)
[3.937s] Copying ../../build/camera_node/camera_node.egg-info to /home/gowheel/gowheel_ws/install/camera_node/lib/python3.12/site-packages/camera_node-0.0.0-py3.12.egg-info
[3.938s] running install_scripts
[4.293s] Installing camera_node script to /home/gowheel/gowheel_ws/install/camera_node/lib/camera_node
[4.297s] writing list of installed files to '/home/gowheel/gowheel_ws/build/camera_node/install.log'
[4.491s] Invoked command in '/home/gowheel/gowheel_ws/src/camera_node' returned '0': DEBUGINFOD_URLS=https://debuginfod.ubuntu.com PYTHONPATH=/home/gowheel/gowheel_ws/build/camera_node/prefix_override:/usr/lib/python3/dist-packages/colcon_core/task/python/colcon_distutils_commands:/home/gowheel/gowheel_ws/install/camera_node/lib/python3.12/site-packages:${PYTHONPATH} /usr/bin/python3 -W ignore:setup.py install is deprecated -W ignore:easy_install command is deprecated setup.py egg_info --egg-base ../../build/camera_node build --build-base /home/gowheel/gowheel_ws/build/camera_node/build install --record /home/gowheel/gowheel_ws/build/camera_node/install.log --single-version-externally-managed install_data
