[3.197s] Invoking command in '/home/gowheel/gowheel_ws/build/robot_controller': DEBUGINFOD_URLS=https://debuginfod.ubuntu.com PYTHONPATH=/home/gowheel/gowheel_ws/build/robot_controller/prefix_override:/usr/lib/python3/dist-packages/colcon_core/task/python/colcon_distutils_commands:/home/gowheel/gowheel_ws/install/robot_controller/lib/python3.12/site-packages:${PYTHONPATH} /usr/bin/python3 -W ignore:setup.py install is deprecated -W ignore:easy_install command is deprecated setup.py develop --editable --build-directory /home/gowheel/gowheel_ws/build/robot_controller/build --no-deps symlink_data --force
[3.959s] running develop
[4.273s] running egg_info
[4.300s] writing robot_controller.egg-info/PKG-INFO
[4.301s] writing dependency_links to robot_controller.egg-info/dependency_links.txt
[4.304s] writing entry points to robot_controller.egg-info/entry_points.txt
[4.304s] writing requirements to robot_controller.egg-info/requires.txt
[4.304s] writing top-level names to robot_controller.egg-info/top_level.txt
[4.384s] reading manifest file 'robot_controller.egg-info/SOURCES.txt'
[4.387s] writing manifest file 'robot_controller.egg-info/SOURCES.txt'
[4.417s] running build_ext
[4.417s] Creating /home/gowheel/gowheel_ws/install/robot_controller/lib/python3.12/site-packages/robot-controller.egg-link (link to .)
[4.418s] Installing controller_node script to /home/gowheel/gowheel_ws/install/robot_controller/lib/robot_controller
[4.419s] Installing launch_node script to /home/gowheel/gowheel_ws/install/robot_controller/lib/robot_controller
[4.422s] 
[4.422s] Installed /home/gowheel/gowheel_ws/build/robot_controller
[4.422s] running symlink_data
[4.423s] symbolically linking /home/gowheel/gowheel_ws/build/robot_controller/resource/robot_controller -> /home/gowheel/gowheel_ws/install/robot_controller/share/ament_index/resource_index/packages
[4.423s] symbolically linking /home/gowheel/gowheel_ws/build/robot_controller/package.xml -> /home/gowheel/gowheel_ws/install/robot_controller/share/robot_controller
[4.584s] Invoked command in '/home/gowheel/gowheel_ws/build/robot_controller' returned '0': DEBUGINFOD_URLS=https://debuginfod.ubuntu.com PYTHONPATH=/home/gowheel/gowheel_ws/build/robot_controller/prefix_override:/usr/lib/python3/dist-packages/colcon_core/task/python/colcon_distutils_commands:/home/gowheel/gowheel_ws/install/robot_controller/lib/python3.12/site-packages:${PYTHONPATH} /usr/bin/python3 -W ignore:setup.py install is deprecated -W ignore:easy_install command is deprecated setup.py develop --editable --build-directory /home/gowheel/gowheel_ws/build/robot_controller/build --no-deps symlink_data --force
