[2.593s] Invoking command in '/home/gowheel/gowheel_ws/build/lidar_node': DEBUGINFOD_URLS=https://debuginfod.ubuntu.com PYTHONPATH=/home/gowheel/gowheel_ws/build/lidar_node/prefix_override:/usr/lib/python3/dist-packages/colcon_core/task/python/colcon_distutils_commands:/home/gowheel/gowheel_ws/install/lidar_node/lib/python3.12/site-packages:${PYTHONPATH} /usr/bin/python3 -W ignore:setup.py install is deprecated -W ignore:easy_install command is deprecated setup.py develop --uninstall --editable --build-directory /home/gowheel/gowheel_ws/build/lidar_node/build
[3.166s] running develop
[3.581s] Removing /home/gowheel/gowheel_ws/install/lidar_node/lib/python3.12/site-packages/lidar-node.egg-link (link to .)
[3.723s] Invoked command in '/home/gowheel/gowheel_ws/build/lidar_node' returned '0': DEBUGINFOD_URLS=https://debuginfod.ubuntu.com PYTHONPATH=/home/gowheel/gowheel_ws/build/lidar_node/prefix_override:/usr/lib/python3/dist-packages/colcon_core/task/python/colcon_distutils_commands:/home/gowheel/gowheel_ws/install/lidar_node/lib/python3.12/site-packages:${PYTHONPATH} /usr/bin/python3 -W ignore:setup.py install is deprecated -W ignore:easy_install command is deprecated setup.py develop --uninstall --editable --build-directory /home/gowheel/gowheel_ws/build/lidar_node/build
[3.725s] Invoking command in '/home/gowheel/gowheel_ws/src/lidar_node': DEBUGINFOD_URLS=https://debuginfod.ubuntu.com PYTHONPATH=/home/gowheel/gowheel_ws/build/lidar_node/prefix_override:/usr/lib/python3/dist-packages/colcon_core/task/python/colcon_distutils_commands:/home/gowheel/gowheel_ws/install/lidar_node/lib/python3.12/site-packages:${PYTHONPATH} /usr/bin/python3 -W ignore:setup.py install is deprecated -W ignore:easy_install command is deprecated setup.py egg_info --egg-base ../../build/lidar_node build --build-base /home/gowheel/gowheel_ws/build/lidar_node/build install --record /home/gowheel/gowheel_ws/build/lidar_node/install.log --single-version-externally-managed install_data --force
[4.172s] running egg_info
[4.199s] writing ../../build/lidar_node/lidar_node.egg-info/PKG-INFO
[4.200s] writing dependency_links to ../../build/lidar_node/lidar_node.egg-info/dependency_links.txt
[4.202s] writing entry points to ../../build/lidar_node/lidar_node.egg-info/entry_points.txt
[4.203s] writing requirements to ../../build/lidar_node/lidar_node.egg-info/requires.txt
[4.205s] writing top-level names to ../../build/lidar_node/lidar_node.egg-info/top_level.txt
[4.277s] reading manifest file '../../build/lidar_node/lidar_node.egg-info/SOURCES.txt'
[4.277s] writing manifest file '../../build/lidar_node/lidar_node.egg-info/SOURCES.txt'
[4.278s] running build
[4.278s] running build_py
[4.281s] running install
[4.290s] running install_lib
[4.328s] creating /home/gowheel/gowheel_ws/install/lidar_node/lib/python3.12/site-packages/lidar_node
[4.329s] copying /home/gowheel/gowheel_ws/build/lidar_node/build/lib/lidar_node/__init__.py -> /home/gowheel/gowheel_ws/install/lidar_node/lib/python3.12/site-packages/lidar_node
[4.329s] copying /home/gowheel/gowheel_ws/build/lidar_node/build/lib/lidar_node/lidar_node.py -> /home/gowheel/gowheel_ws/install/lidar_node/lib/python3.12/site-packages/lidar_node
[4.330s] byte-compiling /home/gowheel/gowheel_ws/install/lidar_node/lib/python3.12/site-packages/lidar_node/__init__.py to __init__.cpython-312.pyc
[4.331s] byte-compiling /home/gowheel/gowheel_ws/install/lidar_node/lib/python3.12/site-packages/lidar_node/lidar_node.py to lidar_node.cpython-312.pyc
[4.334s] running install_data
[4.334s] copying resource/lidar_node -> /home/gowheel/gowheel_ws/install/lidar_node/share/ament_index/resource_index/packages
[4.334s] copying package.xml -> /home/gowheel/gowheel_ws/install/lidar_node/share/lidar_node
[4.334s] running install_egg_info
[4.368s] Copying ../../build/lidar_node/lidar_node.egg-info to /home/gowheel/gowheel_ws/install/lidar_node/lib/python3.12/site-packages/lidar_node-0.0.0-py3.12.egg-info
[4.371s] running install_scripts
[4.730s] Installing lidar_node script to /home/gowheel/gowheel_ws/install/lidar_node/lib/lidar_node
[4.730s] writing list of installed files to '/home/gowheel/gowheel_ws/build/lidar_node/install.log'
[4.835s] Invoked command in '/home/gowheel/gowheel_ws/src/lidar_node' returned '0': DEBUGINFOD_URLS=https://debuginfod.ubuntu.com PYTHONPATH=/home/gowheel/gowheel_ws/build/lidar_node/prefix_override:/usr/lib/python3/dist-packages/colcon_core/task/python/colcon_distutils_commands:/home/gowheel/gowheel_ws/install/lidar_node/lib/python3.12/site-packages:${PYTHONPATH} /usr/bin/python3 -W ignore:setup.py install is deprecated -W ignore:easy_install command is deprecated setup.py egg_info --egg-base ../../build/lidar_node build --build-base /home/gowheel/gowheel_ws/build/lidar_node/build install --record /home/gowheel/gowheel_ws/build/lidar_node/install.log --single-version-externally-managed install_data --force
