[2.740s] Invoking command in '/home/gowheel/gowheel_ws/src/robot_controller': DEBUGINFOD_URLS=https://debuginfod.ubuntu.com PYTHONPATH=/home/gowheel/gowheel_ws/build/robot_controller/prefix_override:/usr/lib/python3/dist-packages/colcon_core/task/python/colcon_distutils_commands:/home/gowheel/gowheel_ws/install/robot_controller/lib/python3.12/site-packages:${PYTHONPATH} /usr/bin/python3 -W ignore:setup.py install is deprecated -W ignore:easy_install command is deprecated setup.py egg_info --egg-base ../../build/robot_controller build --build-base /home/gowheel/gowheel_ws/build/robot_controller/build install --record /home/gowheel/gowheel_ws/build/robot_controller/install.log --single-version-externally-managed install_data
[3.242s] running egg_info
[3.271s] writing ../../build/robot_controller/robot_controller.egg-info/PKG-INFO
[3.272s] writing dependency_links to ../../build/robot_controller/robot_controller.egg-info/dependency_links.txt
[3.273s] writing entry points to ../../build/robot_controller/robot_controller.egg-info/entry_points.txt
[3.274s] writing requirements to ../../build/robot_controller/robot_controller.egg-info/requires.txt
[3.276s] writing top-level names to ../../build/robot_controller/robot_controller.egg-info/top_level.txt
[3.348s] reading manifest file '../../build/robot_controller/robot_controller.egg-info/SOURCES.txt'
[3.350s] writing manifest file '../../build/robot_controller/robot_controller.egg-info/SOURCES.txt'
[3.351s] running build
[3.351s] running build_py
[3.352s] copying robot_controller/launch.py -> /home/gowheel/gowheel_ws/build/robot_controller/build/lib/robot_controller
[3.353s] running install
[3.363s] running install_lib
[3.402s] copying /home/gowheel/gowheel_ws/build/robot_controller/build/lib/robot_controller/launch.py -> /home/gowheel/gowheel_ws/install/robot_controller/lib/python3.12/site-packages/robot_controller
[3.406s] byte-compiling /home/gowheel/gowheel_ws/install/robot_controller/lib/python3.12/site-packages/robot_controller/launch.py to launch.cpython-312.pyc
[3.411s] running install_data
[3.412s] running install_egg_info
[3.447s] removing '/home/gowheel/gowheel_ws/install/robot_controller/lib/python3.12/site-packages/robot_controller-0.0.0-py3.12.egg-info' (and everything under it)
[3.450s] Copying ../../build/robot_controller/robot_controller.egg-info to /home/gowheel/gowheel_ws/install/robot_controller/lib/python3.12/site-packages/robot_controller-0.0.0-py3.12.egg-info
[3.450s] running install_scripts
[3.768s] Installing controller_node script to /home/gowheel/gowheel_ws/install/robot_controller/lib/robot_controller
[3.771s] Installing launch_node script to /home/gowheel/gowheel_ws/install/robot_controller/lib/robot_controller
[3.771s] writing list of installed files to '/home/gowheel/gowheel_ws/build/robot_controller/install.log'
[3.942s] Invoked command in '/home/gowheel/gowheel_ws/src/robot_controller' returned '0': DEBUGINFOD_URLS=https://debuginfod.ubuntu.com PYTHONPATH=/home/gowheel/gowheel_ws/build/robot_controller/prefix_override:/usr/lib/python3/dist-packages/colcon_core/task/python/colcon_distutils_commands:/home/gowheel/gowheel_ws/install/robot_controller/lib/python3.12/site-packages:${PYTHONPATH} /usr/bin/python3 -W ignore:setup.py install is deprecated -W ignore:easy_install command is deprecated setup.py egg_info --egg-base ../../build/robot_controller build --build-base /home/gowheel/gowheel_ws/build/robot_controller/build install --record /home/gowheel/gowheel_ws/build/robot_controller/install.log --single-version-externally-managed install_data
