[0.162s] DEBUG:colcon:Command line arguments: ['/usr/bin/colcon', 'build', '--symlink-install']
[0.162s] DEBUG:colcon:Parsed command line arguments: Namespace(log_base=None, log_level=None, verb_name='build', build_base='build', install_base='install', merge_install=False, symlink_install=True, test_result_base=None, continue_on_error=False, executor='parallel', parallel_workers=4, event_handlers=None, ignore_user_meta=False, metas=['./colcon.meta'], base_paths=['.'], packages_ignore=None, packages_ignore_regex=None, paths=None, packages_up_to=None, packages_up_to_regex=None, packages_above=None, packages_above_and_dependencies=None, packages_above_depth=None, packages_select_by_dep=None, packages_skip_by_dep=None, packages_skip_up_to=None, packages_select_build_failed=False, packages_skip_build_finished=False, packages_select_test_failures=False, packages_skip_test_passed=False, packages_select=None, packages_skip=None, packages_select_regex=None, packages_skip_regex=None, packages_start=None, packages_end=None, allow_overriding=[], cmake_args=None, cmake_target=None, cmake_target_skip_unavailable=False, cmake_clean_cache=False, cmake_clean_first=False, cmake_force_configure=False, ament_cmake_args=None, catkin_cmake_args=None, catkin_skip_building_tests=False, mixin_files=None, mixin=None, verb_parser=<colcon_mixin.mixin.mixin_argument.MixinArgumentDecorator object at 0xffff8867c410>, verb_extension=<colcon_core.verb.build.BuildVerb object at 0xffff88838c80>, main=<bound method BuildVerb.main of <colcon_core.verb.build.BuildVerb object at 0xffff88838c80>>, mixin_verb=('build',))
[0.224s] Level 1:colcon.colcon_core.package_discovery:discover_packages(colcon_meta) check parameters
[0.224s] Level 1:colcon.colcon_core.package_discovery:discover_packages(recursive) check parameters
[0.224s] Level 1:colcon.colcon_core.package_discovery:discover_packages(ignore) check parameters
[0.224s] Level 1:colcon.colcon_core.package_discovery:discover_packages(path) check parameters
[0.224s] Level 1:colcon.colcon_core.package_discovery:discover_packages(colcon_meta) discover
[0.224s] Level 1:colcon.colcon_core.package_discovery:discover_packages(recursive) discover
[0.224s] INFO:colcon.colcon_core.package_discovery:Crawling recursively for packages in '/home/gowheel/gowheel_ws'
[0.224s] Level 1:colcon.colcon_core.package_identification:_identify(.) by extensions ['ignore', 'ignore_ament_install']
[0.225s] Level 1:colcon.colcon_core.package_identification:_identify(.) by extension 'ignore'
[0.225s] Level 1:colcon.colcon_core.package_identification:_identify(.) by extension 'ignore_ament_install'
[0.225s] Level 1:colcon.colcon_core.package_identification:_identify(.) by extensions ['colcon_pkg']
[0.225s] Level 1:colcon.colcon_core.package_identification:_identify(.) by extension 'colcon_pkg'
[0.225s] Level 1:colcon.colcon_core.package_identification:_identify(.) by extensions ['colcon_meta']
[0.225s] Level 1:colcon.colcon_core.package_identification:_identify(.) by extension 'colcon_meta'
[0.225s] Level 1:colcon.colcon_core.package_identification:_identify(.) by extensions ['ros']
[0.225s] Level 1:colcon.colcon_core.package_identification:_identify(.) by extension 'ros'
[0.266s] Level 1:colcon.colcon_core.package_identification:_identify(.) by extensions ['cmake', 'python']
[0.266s] Level 1:colcon.colcon_core.package_identification:_identify(.) by extension 'cmake'
[0.266s] Level 1:colcon.colcon_core.package_identification:_identify(.) by extension 'python'
[0.266s] Level 1:colcon.colcon_core.package_identification:_identify(.) by extensions ['python_setup_py']
[0.266s] Level 1:colcon.colcon_core.package_identification:_identify(.) by extension 'python_setup_py'
[0.266s] Level 1:colcon.colcon_core.package_identification:_identify(build) by extensions ['ignore', 'ignore_ament_install']
[0.266s] Level 1:colcon.colcon_core.package_identification:_identify(build) by extension 'ignore'
[0.267s] Level 1:colcon.colcon_core.package_identification:_identify(build) ignored
[0.267s] Level 1:colcon.colcon_core.package_identification:_identify(install) by extensions ['ignore', 'ignore_ament_install']
[0.267s] Level 1:colcon.colcon_core.package_identification:_identify(install) by extension 'ignore'
[0.267s] Level 1:colcon.colcon_core.package_identification:_identify(install) ignored
[0.267s] Level 1:colcon.colcon_core.package_identification:_identify(log) by extensions ['ignore', 'ignore_ament_install']
[0.267s] Level 1:colcon.colcon_core.package_identification:_identify(log) by extension 'ignore'
[0.267s] Level 1:colcon.colcon_core.package_identification:_identify(log) ignored
[0.267s] Level 1:colcon.colcon_core.package_identification:_identify(src) by extensions ['ignore', 'ignore_ament_install']
[0.267s] Level 1:colcon.colcon_core.package_identification:_identify(src) by extension 'ignore'
[0.267s] Level 1:colcon.colcon_core.package_identification:_identify(src) by extension 'ignore_ament_install'
[0.268s] Level 1:colcon.colcon_core.package_identification:_identify(src) by extensions ['colcon_pkg']
[0.268s] Level 1:colcon.colcon_core.package_identification:_identify(src) by extension 'colcon_pkg'
[0.268s] Level 1:colcon.colcon_core.package_identification:_identify(src) by extensions ['colcon_meta']
[0.268s] Level 1:colcon.colcon_core.package_identification:_identify(src) by extension 'colcon_meta'
[0.268s] Level 1:colcon.colcon_core.package_identification:_identify(src) by extensions ['ros']
[0.268s] Level 1:colcon.colcon_core.package_identification:_identify(src) by extension 'ros'
[0.268s] Level 1:colcon.colcon_core.package_identification:_identify(src) by extensions ['cmake', 'python']
[0.268s] Level 1:colcon.colcon_core.package_identification:_identify(src) by extension 'cmake'
[0.268s] Level 1:colcon.colcon_core.package_identification:_identify(src) by extension 'python'
[0.268s] Level 1:colcon.colcon_core.package_identification:_identify(src) by extensions ['python_setup_py']
[0.268s] Level 1:colcon.colcon_core.package_identification:_identify(src) by extension 'python_setup_py'
[0.268s] Level 1:colcon.colcon_core.package_identification:_identify(src/camera_node) by extensions ['ignore', 'ignore_ament_install']
[0.268s] Level 1:colcon.colcon_core.package_identification:_identify(src/camera_node) by extension 'ignore'
[0.268s] Level 1:colcon.colcon_core.package_identification:_identify(src/camera_node) by extension 'ignore_ament_install'
[0.268s] Level 1:colcon.colcon_core.package_identification:_identify(src/camera_node) by extensions ['colcon_pkg']
[0.268s] Level 1:colcon.colcon_core.package_identification:_identify(src/camera_node) by extension 'colcon_pkg'
[0.268s] Level 1:colcon.colcon_core.package_identification:_identify(src/camera_node) by extensions ['colcon_meta']
[0.268s] Level 1:colcon.colcon_core.package_identification:_identify(src/camera_node) by extension 'colcon_meta'
[0.268s] Level 1:colcon.colcon_core.package_identification:_identify(src/camera_node) by extensions ['ros']
[0.269s] Level 1:colcon.colcon_core.package_identification:_identify(src/camera_node) by extension 'ros'
[0.272s] DEBUG:colcon.colcon_core.package_identification:Package 'src/camera_node' with type 'ros.ament_python' and name 'camera_node'
[0.272s] Level 1:colcon.colcon_core.package_identification:_identify(src/lidar_node) by extensions ['ignore', 'ignore_ament_install']
[0.272s] Level 1:colcon.colcon_core.package_identification:_identify(src/lidar_node) by extension 'ignore'
[0.273s] Level 1:colcon.colcon_core.package_identification:_identify(src/lidar_node) by extension 'ignore_ament_install'
[0.273s] Level 1:colcon.colcon_core.package_identification:_identify(src/lidar_node) by extensions ['colcon_pkg']
[0.273s] Level 1:colcon.colcon_core.package_identification:_identify(src/lidar_node) by extension 'colcon_pkg'
[0.273s] Level 1:colcon.colcon_core.package_identification:_identify(src/lidar_node) by extensions ['colcon_meta']
[0.273s] Level 1:colcon.colcon_core.package_identification:_identify(src/lidar_node) by extension 'colcon_meta'
[0.273s] Level 1:colcon.colcon_core.package_identification:_identify(src/lidar_node) by extensions ['ros']
[0.273s] Level 1:colcon.colcon_core.package_identification:_identify(src/lidar_node) by extension 'ros'
[0.274s] DEBUG:colcon.colcon_core.package_identification:Package 'src/lidar_node' with type 'ros.ament_python' and name 'lidar_node'
[0.274s] Level 1:colcon.colcon_core.package_identification:_identify(src/robot_controller) by extensions ['ignore', 'ignore_ament_install']
[0.274s] Level 1:colcon.colcon_core.package_identification:_identify(src/robot_controller) by extension 'ignore'
[0.274s] Level 1:colcon.colcon_core.package_identification:_identify(src/robot_controller) by extension 'ignore_ament_install'
[0.274s] Level 1:colcon.colcon_core.package_identification:_identify(src/robot_controller) by extensions ['colcon_pkg']
[0.274s] Level 1:colcon.colcon_core.package_identification:_identify(src/robot_controller) by extension 'colcon_pkg'
[0.274s] Level 1:colcon.colcon_core.package_identification:_identify(src/robot_controller) by extensions ['colcon_meta']
[0.274s] Level 1:colcon.colcon_core.package_identification:_identify(src/robot_controller) by extension 'colcon_meta'
[0.274s] Level 1:colcon.colcon_core.package_identification:_identify(src/robot_controller) by extensions ['ros']
[0.274s] Level 1:colcon.colcon_core.package_identification:_identify(src/robot_controller) by extension 'ros'
[0.275s] DEBUG:colcon.colcon_core.package_identification:Package 'src/robot_controller' with type 'ros.ament_python' and name 'robot_controller'
[0.275s] Level 1:colcon.colcon_core.package_identification:_identify(src/servo_node) by extensions ['ignore', 'ignore_ament_install']
[0.275s] Level 1:colcon.colcon_core.package_identification:_identify(src/servo_node) by extension 'ignore'
[0.275s] Level 1:colcon.colcon_core.package_identification:_identify(src/servo_node) by extension 'ignore_ament_install'
[0.275s] Level 1:colcon.colcon_core.package_identification:_identify(src/servo_node) by extensions ['colcon_pkg']
[0.275s] Level 1:colcon.colcon_core.package_identification:_identify(src/servo_node) by extension 'colcon_pkg'
[0.275s] Level 1:colcon.colcon_core.package_identification:_identify(src/servo_node) by extensions ['colcon_meta']
[0.275s] Level 1:colcon.colcon_core.package_identification:_identify(src/servo_node) by extension 'colcon_meta'
[0.275s] Level 1:colcon.colcon_core.package_identification:_identify(src/servo_node) by extensions ['ros']
[0.275s] Level 1:colcon.colcon_core.package_identification:_identify(src/servo_node) by extension 'ros'
[0.276s] DEBUG:colcon.colcon_core.package_identification:Package 'src/servo_node' with type 'ros.ament_python' and name 'servo_node'
[0.276s] Level 1:colcon.colcon_core.package_identification:_identify(src/sllidar_ros2) by extensions ['ignore', 'ignore_ament_install']
[0.276s] Level 1:colcon.colcon_core.package_identification:_identify(src/sllidar_ros2) by extension 'ignore'
[0.276s] Level 1:colcon.colcon_core.package_identification:_identify(src/sllidar_ros2) by extension 'ignore_ament_install'
[0.276s] Level 1:colcon.colcon_core.package_identification:_identify(src/sllidar_ros2) by extensions ['colcon_pkg']
[0.276s] Level 1:colcon.colcon_core.package_identification:_identify(src/sllidar_ros2) by extension 'colcon_pkg'
[0.276s] Level 1:colcon.colcon_core.package_identification:_identify(src/sllidar_ros2) by extensions ['colcon_meta']
[0.276s] Level 1:colcon.colcon_core.package_identification:_identify(src/sllidar_ros2) by extension 'colcon_meta'
[0.276s] Level 1:colcon.colcon_core.package_identification:_identify(src/sllidar_ros2) by extensions ['ros']
[0.276s] Level 1:colcon.colcon_core.package_identification:_identify(src/sllidar_ros2) by extension 'ros'
[0.277s] DEBUG:colcon.colcon_core.package_identification:Package 'src/sllidar_ros2' with type 'ros.ament_cmake' and name 'sllidar_ros2'
[0.277s] Level 1:colcon.colcon_core.package_discovery:discover_packages(recursive) using defaults
[0.277s] Level 1:colcon.colcon_core.package_discovery:discover_packages(ignore) discover
[0.277s] Level 1:colcon.colcon_core.package_discovery:discover_packages(ignore) using defaults
[0.277s] Level 1:colcon.colcon_core.package_discovery:discover_packages(path) discover
[0.277s] Level 1:colcon.colcon_core.package_discovery:discover_packages(path) using defaults
[0.302s] Level 1:colcon.colcon_core.package_discovery:discover_packages(prefix_path) check parameters
[0.302s] Level 1:colcon.colcon_core.package_discovery:discover_packages(prefix_path) discover
[0.305s] DEBUG:colcon.colcon_installed_package_information.package_discovery:Found 5 installed packages in /home/gowheel/gowheel_ws/install
[0.307s] DEBUG:colcon.colcon_installed_package_information.package_discovery:Found 285 installed packages in /opt/ros/jazzy
[0.309s] Level 1:colcon.colcon_core.package_discovery:discover_packages(prefix_path) using defaults
[0.369s] Level 5:colcon.colcon_core.verb:set package 'camera_node' build argument 'cmake_args' from command line to 'None'
[0.369s] Level 5:colcon.colcon_core.verb:set package 'camera_node' build argument 'cmake_target' from command line to 'None'
[0.369s] Level 5:colcon.colcon_core.verb:set package 'camera_node' build argument 'cmake_target_skip_unavailable' from command line to 'False'
[0.369s] Level 5:colcon.colcon_core.verb:set package 'camera_node' build argument 'cmake_clean_cache' from command line to 'False'
[0.369s] Level 5:colcon.colcon_core.verb:set package 'camera_node' build argument 'cmake_clean_first' from command line to 'False'
[0.369s] Level 5:colcon.colcon_core.verb:set package 'camera_node' build argument 'cmake_force_configure' from command line to 'False'
[0.369s] Level 5:colcon.colcon_core.verb:set package 'camera_node' build argument 'ament_cmake_args' from command line to 'None'
[0.369s] Level 5:colcon.colcon_core.verb:set package 'camera_node' build argument 'catkin_cmake_args' from command line to 'None'
[0.369s] Level 5:colcon.colcon_core.verb:set package 'camera_node' build argument 'catkin_skip_building_tests' from command line to 'False'
[0.369s] DEBUG:colcon.colcon_core.verb:Building package 'camera_node' with the following arguments: {'ament_cmake_args': None, 'build_base': '/home/gowheel/gowheel_ws/build/camera_node', 'catkin_cmake_args': None, 'catkin_skip_building_tests': False, 'cmake_args': None, 'cmake_clean_cache': False, 'cmake_clean_first': False, 'cmake_force_configure': False, 'cmake_target': None, 'cmake_target_skip_unavailable': False, 'install_base': '/home/gowheel/gowheel_ws/install/camera_node', 'merge_install': False, 'path': '/home/gowheel/gowheel_ws/src/camera_node', 'symlink_install': True, 'test_result_base': None}
[0.369s] Level 5:colcon.colcon_core.verb:set package 'lidar_node' build argument 'cmake_args' from command line to 'None'
[0.369s] Level 5:colcon.colcon_core.verb:set package 'lidar_node' build argument 'cmake_target' from command line to 'None'
[0.369s] Level 5:colcon.colcon_core.verb:set package 'lidar_node' build argument 'cmake_target_skip_unavailable' from command line to 'False'
[0.369s] Level 5:colcon.colcon_core.verb:set package 'lidar_node' build argument 'cmake_clean_cache' from command line to 'False'
[0.369s] Level 5:colcon.colcon_core.verb:set package 'lidar_node' build argument 'cmake_clean_first' from command line to 'False'
[0.369s] Level 5:colcon.colcon_core.verb:set package 'lidar_node' build argument 'cmake_force_configure' from command line to 'False'
[0.369s] Level 5:colcon.colcon_core.verb:set package 'lidar_node' build argument 'ament_cmake_args' from command line to 'None'
[0.369s] Level 5:colcon.colcon_core.verb:set package 'lidar_node' build argument 'catkin_cmake_args' from command line to 'None'
[0.369s] Level 5:colcon.colcon_core.verb:set package 'lidar_node' build argument 'catkin_skip_building_tests' from command line to 'False'
[0.370s] DEBUG:colcon.colcon_core.verb:Building package 'lidar_node' with the following arguments: {'ament_cmake_args': None, 'build_base': '/home/gowheel/gowheel_ws/build/lidar_node', 'catkin_cmake_args': None, 'catkin_skip_building_tests': False, 'cmake_args': None, 'cmake_clean_cache': False, 'cmake_clean_first': False, 'cmake_force_configure': False, 'cmake_target': None, 'cmake_target_skip_unavailable': False, 'install_base': '/home/gowheel/gowheel_ws/install/lidar_node', 'merge_install': False, 'path': '/home/gowheel/gowheel_ws/src/lidar_node', 'symlink_install': True, 'test_result_base': None}
[0.370s] Level 5:colcon.colcon_core.verb:set package 'robot_controller' build argument 'cmake_args' from command line to 'None'
[0.370s] Level 5:colcon.colcon_core.verb:set package 'robot_controller' build argument 'cmake_target' from command line to 'None'
[0.370s] Level 5:colcon.colcon_core.verb:set package 'robot_controller' build argument 'cmake_target_skip_unavailable' from command line to 'False'
[0.370s] Level 5:colcon.colcon_core.verb:set package 'robot_controller' build argument 'cmake_clean_cache' from command line to 'False'
[0.370s] Level 5:colcon.colcon_core.verb:set package 'robot_controller' build argument 'cmake_clean_first' from command line to 'False'
[0.370s] Level 5:colcon.colcon_core.verb:set package 'robot_controller' build argument 'cmake_force_configure' from command line to 'False'
[0.370s] Level 5:colcon.colcon_core.verb:set package 'robot_controller' build argument 'ament_cmake_args' from command line to 'None'
[0.370s] Level 5:colcon.colcon_core.verb:set package 'robot_controller' build argument 'catkin_cmake_args' from command line to 'None'
[0.370s] Level 5:colcon.colcon_core.verb:set package 'robot_controller' build argument 'catkin_skip_building_tests' from command line to 'False'
[0.370s] DEBUG:colcon.colcon_core.verb:Building package 'robot_controller' with the following arguments: {'ament_cmake_args': None, 'build_base': '/home/gowheel/gowheel_ws/build/robot_controller', 'catkin_cmake_args': None, 'catkin_skip_building_tests': False, 'cmake_args': None, 'cmake_clean_cache': False, 'cmake_clean_first': False, 'cmake_force_configure': False, 'cmake_target': None, 'cmake_target_skip_unavailable': False, 'install_base': '/home/gowheel/gowheel_ws/install/robot_controller', 'merge_install': False, 'path': '/home/gowheel/gowheel_ws/src/robot_controller', 'symlink_install': True, 'test_result_base': None}
[0.370s] Level 5:colcon.colcon_core.verb:set package 'servo_node' build argument 'cmake_args' from command line to 'None'
[0.370s] Level 5:colcon.colcon_core.verb:set package 'servo_node' build argument 'cmake_target' from command line to 'None'
[0.370s] Level 5:colcon.colcon_core.verb:set package 'servo_node' build argument 'cmake_target_skip_unavailable' from command line to 'False'
[0.370s] Level 5:colcon.colcon_core.verb:set package 'servo_node' build argument 'cmake_clean_cache' from command line to 'False'
[0.370s] Level 5:colcon.colcon_core.verb:set package 'servo_node' build argument 'cmake_clean_first' from command line to 'False'
[0.370s] Level 5:colcon.colcon_core.verb:set package 'servo_node' build argument 'cmake_force_configure' from command line to 'False'
[0.370s] Level 5:colcon.colcon_core.verb:set package 'servo_node' build argument 'ament_cmake_args' from command line to 'None'
[0.371s] Level 5:colcon.colcon_core.verb:set package 'servo_node' build argument 'catkin_cmake_args' from command line to 'None'
[0.371s] Level 5:colcon.colcon_core.verb:set package 'servo_node' build argument 'catkin_skip_building_tests' from command line to 'False'
[0.371s] DEBUG:colcon.colcon_core.verb:Building package 'servo_node' with the following arguments: {'ament_cmake_args': None, 'build_base': '/home/gowheel/gowheel_ws/build/servo_node', 'catkin_cmake_args': None, 'catkin_skip_building_tests': False, 'cmake_args': None, 'cmake_clean_cache': False, 'cmake_clean_first': False, 'cmake_force_configure': False, 'cmake_target': None, 'cmake_target_skip_unavailable': False, 'install_base': '/home/gowheel/gowheel_ws/install/servo_node', 'merge_install': False, 'path': '/home/gowheel/gowheel_ws/src/servo_node', 'symlink_install': True, 'test_result_base': None}
[0.371s] Level 5:colcon.colcon_core.verb:set package 'sllidar_ros2' build argument 'cmake_args' from command line to 'None'
[0.371s] Level 5:colcon.colcon_core.verb:set package 'sllidar_ros2' build argument 'cmake_target' from command line to 'None'
[0.371s] Level 5:colcon.colcon_core.verb:set package 'sllidar_ros2' build argument 'cmake_target_skip_unavailable' from command line to 'False'
[0.371s] Level 5:colcon.colcon_core.verb:set package 'sllidar_ros2' build argument 'cmake_clean_cache' from command line to 'False'
[0.371s] Level 5:colcon.colcon_core.verb:set package 'sllidar_ros2' build argument 'cmake_clean_first' from command line to 'False'
[0.371s] Level 5:colcon.colcon_core.verb:set package 'sllidar_ros2' build argument 'cmake_force_configure' from command line to 'False'
[0.371s] Level 5:colcon.colcon_core.verb:set package 'sllidar_ros2' build argument 'ament_cmake_args' from command line to 'None'
[0.371s] Level 5:colcon.colcon_core.verb:set package 'sllidar_ros2' build argument 'catkin_cmake_args' from command line to 'None'
[0.371s] Level 5:colcon.colcon_core.verb:set package 'sllidar_ros2' build argument 'catkin_skip_building_tests' from command line to 'False'
[0.371s] DEBUG:colcon.colcon_core.verb:Building package 'sllidar_ros2' with the following arguments: {'ament_cmake_args': None, 'build_base': '/home/gowheel/gowheel_ws/build/sllidar_ros2', 'catkin_cmake_args': None, 'catkin_skip_building_tests': False, 'cmake_args': None, 'cmake_clean_cache': False, 'cmake_clean_first': False, 'cmake_force_configure': False, 'cmake_target': None, 'cmake_target_skip_unavailable': False, 'install_base': '/home/gowheel/gowheel_ws/install/sllidar_ros2', 'merge_install': False, 'path': '/home/gowheel/gowheel_ws/src/sllidar_ros2', 'symlink_install': True, 'test_result_base': None}
[0.371s] INFO:colcon.colcon_core.executor:Executing jobs using 'parallel' executor
[0.373s] DEBUG:colcon.colcon_parallel_executor.executor.parallel:run_until_complete
[0.373s] INFO:colcon.colcon_ros.task.ament_python.build:Building ROS package in '/home/gowheel/gowheel_ws/src/camera_node' with build type 'ament_python'
[0.374s] Level 1:colcon.colcon_core.shell:create_environment_hook('camera_node', 'ament_prefix_path')
[0.379s] INFO:colcon.colcon_core.plugin_system:Skipping extension 'colcon_core.shell.bat': Not used on non-Windows systems
[0.379s] INFO:colcon.colcon_core.shell:Creating environment hook '/home/gowheel/gowheel_ws/install/camera_node/share/camera_node/hook/ament_prefix_path.ps1'
[0.384s] INFO:colcon.colcon_core.shell:Creating environment descriptor '/home/gowheel/gowheel_ws/install/camera_node/share/camera_node/hook/ament_prefix_path.dsv'
[0.386s] INFO:colcon.colcon_core.shell:Creating environment hook '/home/gowheel/gowheel_ws/install/camera_node/share/camera_node/hook/ament_prefix_path.sh'
[0.388s] INFO:colcon.colcon_core.shell:Skip shell extension 'powershell' for command environment: Not usable outside of PowerShell
[0.388s] DEBUG:colcon.colcon_core.shell:Skip shell extension 'dsv' for command environment
[0.399s] INFO:colcon.colcon_ros.task.ament_python.build:Building ROS package in '/home/gowheel/gowheel_ws/src/lidar_node' with build type 'ament_python'
[0.399s] Level 1:colcon.colcon_core.shell:create_environment_hook('lidar_node', 'ament_prefix_path')
[0.399s] INFO:colcon.colcon_core.shell:Creating environment hook '/home/gowheel/gowheel_ws/install/lidar_node/share/lidar_node/hook/ament_prefix_path.ps1'
[0.400s] INFO:colcon.colcon_core.shell:Creating environment descriptor '/home/gowheel/gowheel_ws/install/lidar_node/share/lidar_node/hook/ament_prefix_path.dsv'
[0.400s] INFO:colcon.colcon_core.shell:Creating environment hook '/home/gowheel/gowheel_ws/install/lidar_node/share/lidar_node/hook/ament_prefix_path.sh'
[0.401s] INFO:colcon.colcon_core.shell:Skip shell extension 'powershell' for command environment: Not usable outside of PowerShell
[0.401s] DEBUG:colcon.colcon_core.shell:Skip shell extension 'dsv' for command environment
[0.408s] INFO:colcon.colcon_ros.task.ament_python.build:Building ROS package in '/home/gowheel/gowheel_ws/src/robot_controller' with build type 'ament_python'
[0.408s] Level 1:colcon.colcon_core.shell:create_environment_hook('robot_controller', 'ament_prefix_path')
[0.409s] INFO:colcon.colcon_core.shell:Creating environment hook '/home/gowheel/gowheel_ws/install/robot_controller/share/robot_controller/hook/ament_prefix_path.ps1'
[0.411s] INFO:colcon.colcon_core.shell:Creating environment descriptor '/home/gowheel/gowheel_ws/install/robot_controller/share/robot_controller/hook/ament_prefix_path.dsv'
[0.412s] INFO:colcon.colcon_core.shell:Creating environment hook '/home/gowheel/gowheel_ws/install/robot_controller/share/robot_controller/hook/ament_prefix_path.sh'
[0.413s] INFO:colcon.colcon_core.shell:Skip shell extension 'powershell' for command environment: Not usable outside of PowerShell
[0.414s] DEBUG:colcon.colcon_core.shell:Skip shell extension 'dsv' for command environment
[0.419s] INFO:colcon.colcon_ros.task.ament_python.build:Building ROS package in '/home/gowheel/gowheel_ws/src/servo_node' with build type 'ament_python'
[0.420s] Level 1:colcon.colcon_core.shell:create_environment_hook('servo_node', 'ament_prefix_path')
[0.421s] INFO:colcon.colcon_core.shell:Creating environment hook '/home/gowheel/gowheel_ws/install/servo_node/share/servo_node/hook/ament_prefix_path.ps1'
[0.423s] INFO:colcon.colcon_core.shell:Creating environment descriptor '/home/gowheel/gowheel_ws/install/servo_node/share/servo_node/hook/ament_prefix_path.dsv'
[0.424s] INFO:colcon.colcon_core.shell:Creating environment hook '/home/gowheel/gowheel_ws/install/servo_node/share/servo_node/hook/ament_prefix_path.sh'
[0.425s] INFO:colcon.colcon_core.shell:Skip shell extension 'powershell' for command environment: Not usable outside of PowerShell
[0.425s] DEBUG:colcon.colcon_core.shell:Skip shell extension 'dsv' for command environment
[0.829s] INFO:colcon.colcon_core.task.python.build:Building Python package in '/home/gowheel/gowheel_ws/src/camera_node'
[0.830s] INFO:colcon.colcon_core.shell:Skip shell extension 'powershell' for command environment: Not usable outside of PowerShell
[0.830s] DEBUG:colcon.colcon_core.shell:Skip shell extension 'dsv' for command environment
[1.196s] INFO:colcon.colcon_core.task.python.build:Building Python package in '/home/gowheel/gowheel_ws/src/lidar_node'
[1.197s] INFO:colcon.colcon_core.shell:Skip shell extension 'powershell' for command environment: Not usable outside of PowerShell
[1.197s] DEBUG:colcon.colcon_core.shell:Skip shell extension 'dsv' for command environment
[1.584s] INFO:colcon.colcon_core.task.python.build:Building Python package in '/home/gowheel/gowheel_ws/src/robot_controller'
[1.584s] INFO:colcon.colcon_core.shell:Skip shell extension 'powershell' for command environment: Not usable outside of PowerShell
[1.584s] DEBUG:colcon.colcon_core.shell:Skip shell extension 'dsv' for command environment
[1.967s] INFO:colcon.colcon_core.task.python.build:Building Python package in '/home/gowheel/gowheel_ws/src/servo_node'
[1.967s] INFO:colcon.colcon_core.shell:Skip shell extension 'powershell' for command environment: Not usable outside of PowerShell
[1.967s] DEBUG:colcon.colcon_core.shell:Skip shell extension 'dsv' for command environment
[3.641s] DEBUG:colcon.colcon_core.task.python.build:While undoing a previous installation files outside the Python library path are being ignored: /home/gowheel/gowheel_ws/install/lidar_node/share/ament_index/resource_index/packages/lidar_node
[3.641s] DEBUG:colcon.colcon_core.task.python.build:While undoing a previous installation files outside the Python library path are being ignored: /home/gowheel/gowheel_ws/install/lidar_node/share/lidar_node/package.xml
[3.641s] DEBUG:colcon.colcon_core.task.python.build:While undoing a previous installation files outside the Python library path are being ignored: /home/gowheel/gowheel_ws/install/lidar_node/lib/lidar_node/lidar_node
[3.648s] DEBUG:colcon.colcon_core.event_handler.log_command:Invoking command in '/home/gowheel/gowheel_ws/build/lidar_node': DEBUGINFOD_URLS=https://debuginfod.ubuntu.com PYTHONPATH=/home/gowheel/gowheel_ws/build/lidar_node/prefix_override:/usr/lib/python3/dist-packages/colcon_core/task/python/colcon_distutils_commands:/home/gowheel/gowheel_ws/install/lidar_node/lib/python3.12/site-packages:${PYTHONPATH} /usr/bin/python3 -W ignore:setup.py install is deprecated -W ignore:easy_install command is deprecated setup.py develop --editable --build-directory /home/gowheel/gowheel_ws/build/lidar_node/build --no-deps symlink_data --force
[3.758s] DEBUG:colcon.colcon_core.task.python.build:While undoing a previous installation files outside the Python library path are being ignored: /home/gowheel/gowheel_ws/install/servo_node/share/ament_index/resource_index/packages/servo_node
[3.758s] DEBUG:colcon.colcon_core.task.python.build:While undoing a previous installation files outside the Python library path are being ignored: /home/gowheel/gowheel_ws/install/servo_node/share/servo_node/package.xml
[3.758s] DEBUG:colcon.colcon_core.task.python.build:While undoing a previous installation files outside the Python library path are being ignored: /home/gowheel/gowheel_ws/install/servo_node/lib/servo_node/servo_node
[3.771s] DEBUG:colcon.colcon_core.event_handler.log_command:Invoking command in '/home/gowheel/gowheel_ws/build/servo_node': DEBUGINFOD_URLS=https://debuginfod.ubuntu.com PYTHONPATH=/home/gowheel/gowheel_ws/build/servo_node/prefix_override:/usr/lib/python3/dist-packages/colcon_core/task/python/colcon_distutils_commands:/home/gowheel/gowheel_ws/install/servo_node/lib/python3.12/site-packages:${PYTHONPATH} /usr/bin/python3 -W ignore:setup.py install is deprecated -W ignore:easy_install command is deprecated setup.py develop --editable --build-directory /home/gowheel/gowheel_ws/build/servo_node/build --no-deps symlink_data --force
[3.886s] DEBUG:colcon.colcon_core.task.python.build:While undoing a previous installation files outside the Python library path are being ignored: /home/gowheel/gowheel_ws/install/robot_controller/share/ament_index/resource_index/packages/robot_controller
[3.886s] DEBUG:colcon.colcon_core.task.python.build:While undoing a previous installation files outside the Python library path are being ignored: /home/gowheel/gowheel_ws/install/robot_controller/share/robot_controller/package.xml
[3.886s] DEBUG:colcon.colcon_core.task.python.build:While undoing a previous installation files outside the Python library path are being ignored: /home/gowheel/gowheel_ws/install/robot_controller/lib/robot_controller/controller_node
[3.886s] DEBUG:colcon.colcon_core.task.python.build:While undoing a previous installation files outside the Python library path are being ignored: /home/gowheel/gowheel_ws/install/robot_controller/lib/robot_controller/launch_node
[3.895s] DEBUG:colcon.colcon_core.event_handler.log_command:Invoking command in '/home/gowheel/gowheel_ws/build/robot_controller': DEBUGINFOD_URLS=https://debuginfod.ubuntu.com PYTHONPATH=/home/gowheel/gowheel_ws/build/robot_controller/prefix_override:/usr/lib/python3/dist-packages/colcon_core/task/python/colcon_distutils_commands:/home/gowheel/gowheel_ws/install/robot_controller/lib/python3.12/site-packages:${PYTHONPATH} /usr/bin/python3 -W ignore:setup.py install is deprecated -W ignore:easy_install command is deprecated setup.py develop --editable --build-directory /home/gowheel/gowheel_ws/build/robot_controller/build --no-deps symlink_data --force
[4.276s] DEBUG:colcon.colcon_core.task.python.build:While undoing a previous installation files outside the Python library path are being ignored: /home/gowheel/gowheel_ws/install/camera_node/share/ament_index/resource_index/packages/camera_node
[4.276s] DEBUG:colcon.colcon_core.task.python.build:While undoing a previous installation files outside the Python library path are being ignored: /home/gowheel/gowheel_ws/install/camera_node/share/camera_node/package.xml
[4.277s] DEBUG:colcon.colcon_core.task.python.build:While undoing a previous installation files outside the Python library path are being ignored: /home/gowheel/gowheel_ws/install/camera_node/lib/camera_node/camera_node
[4.282s] DEBUG:colcon.colcon_core.event_handler.log_command:Invoking command in '/home/gowheel/gowheel_ws/build/camera_node': DEBUGINFOD_URLS=https://debuginfod.ubuntu.com PYTHONPATH=/home/gowheel/gowheel_ws/build/camera_node/prefix_override:/usr/lib/python3/dist-packages/colcon_core/task/python/colcon_distutils_commands:/home/gowheel/gowheel_ws/install/camera_node/lib/python3.12/site-packages:${PYTHONPATH} /usr/bin/python3 -W ignore:setup.py install is deprecated -W ignore:easy_install command is deprecated setup.py develop --editable --build-directory /home/gowheel/gowheel_ws/build/camera_node/build --no-deps symlink_data --force
[5.487s] Level 1:colcon.colcon_core.shell:create_environment_hook('lidar_node', 'pythonpath_develop')
[5.488s] INFO:colcon.colcon_core.shell:Creating environment hook '/home/gowheel/gowheel_ws/build/lidar_node/share/lidar_node/hook/pythonpath_develop.ps1'
[5.489s] DEBUG:colcon.colcon_core.event_handler.log_command:Invoked command in '/home/gowheel/gowheel_ws/build/lidar_node' returned '0': DEBUGINFOD_URLS=https://debuginfod.ubuntu.com PYTHONPATH=/home/gowheel/gowheel_ws/build/lidar_node/prefix_override:/usr/lib/python3/dist-packages/colcon_core/task/python/colcon_distutils_commands:/home/gowheel/gowheel_ws/install/lidar_node/lib/python3.12/site-packages:${PYTHONPATH} /usr/bin/python3 -W ignore:setup.py install is deprecated -W ignore:easy_install command is deprecated setup.py develop --editable --build-directory /home/gowheel/gowheel_ws/build/lidar_node/build --no-deps symlink_data --force
[5.494s] INFO:colcon.colcon_core.shell:Creating environment descriptor '/home/gowheel/gowheel_ws/build/lidar_node/share/lidar_node/hook/pythonpath_develop.dsv'
[5.495s] INFO:colcon.colcon_core.shell:Creating environment hook '/home/gowheel/gowheel_ws/build/lidar_node/share/lidar_node/hook/pythonpath_develop.sh'
[5.512s] Level 1:colcon.colcon_core.environment:checking '/home/gowheel/gowheel_ws/install/lidar_node' for CMake module files
[5.513s] Level 1:colcon.colcon_core.environment:checking '/home/gowheel/gowheel_ws/install/lidar_node' for CMake config files
[5.514s] Level 1:colcon.colcon_core.environment:checking '/home/gowheel/gowheel_ws/install/lidar_node/lib'
[5.515s] Level 1:colcon.colcon_core.environment:checking '/home/gowheel/gowheel_ws/install/lidar_node/bin'
[5.515s] Level 1:colcon.colcon_core.environment:checking '/home/gowheel/gowheel_ws/install/lidar_node/lib/pkgconfig/lidar_node.pc'
[5.515s] Level 1:colcon.colcon_core.environment:checking '/home/gowheel/gowheel_ws/install/lidar_node/lib/python3.12/site-packages'
[5.515s] Level 1:colcon.colcon_core.shell:create_environment_hook('lidar_node', 'pythonpath')
[5.516s] INFO:colcon.colcon_core.shell:Creating environment hook '/home/gowheel/gowheel_ws/install/lidar_node/share/lidar_node/hook/pythonpath.ps1'
[5.518s] INFO:colcon.colcon_core.shell:Creating environment descriptor '/home/gowheel/gowheel_ws/install/lidar_node/share/lidar_node/hook/pythonpath.dsv'
[5.519s] INFO:colcon.colcon_core.shell:Creating environment hook '/home/gowheel/gowheel_ws/install/lidar_node/share/lidar_node/hook/pythonpath.sh'
[5.520s] Level 1:colcon.colcon_core.environment:checking '/home/gowheel/gowheel_ws/install/lidar_node/bin'
[5.520s] Level 1:colcon.colcon_core.environment:create_environment_scripts_only(lidar_node)
[5.521s] INFO:colcon.colcon_core.shell:Creating package script '/home/gowheel/gowheel_ws/install/lidar_node/share/lidar_node/package.ps1'
[5.522s] INFO:colcon.colcon_core.shell:Creating package descriptor '/home/gowheel/gowheel_ws/install/lidar_node/share/lidar_node/package.dsv'
[5.523s] INFO:colcon.colcon_core.shell:Creating package script '/home/gowheel/gowheel_ws/install/lidar_node/share/lidar_node/package.sh'
[5.524s] INFO:colcon.colcon_core.shell:Creating package script '/home/gowheel/gowheel_ws/install/lidar_node/share/lidar_node/package.bash'
[5.524s] INFO:colcon.colcon_core.shell:Creating package script '/home/gowheel/gowheel_ws/install/lidar_node/share/lidar_node/package.zsh'
[5.525s] Level 1:colcon.colcon_core.environment:create_file_with_runtime_dependencies(/home/gowheel/gowheel_ws/install/lidar_node/share/colcon-core/packages/lidar_node)
[5.527s] INFO:colcon.colcon_ros.task.ament_cmake.build:Building ROS package in '/home/gowheel/gowheel_ws/src/sllidar_ros2' with build type 'ament_cmake'
[5.527s] INFO:colcon.colcon_cmake.task.cmake.build:Building CMake package in '/home/gowheel/gowheel_ws/src/sllidar_ros2'
[5.528s] INFO:colcon.colcon_core.shell:Skip shell extension 'powershell' for command environment: Not usable outside of PowerShell
[5.528s] DEBUG:colcon.colcon_core.shell:Skip shell extension 'dsv' for command environment
[5.549s] Level 1:colcon.colcon_core.shell:create_environment_hook('servo_node', 'pythonpath_develop')
[5.550s] INFO:colcon.colcon_core.shell:Creating environment hook '/home/gowheel/gowheel_ws/build/servo_node/share/servo_node/hook/pythonpath_develop.ps1'
[5.551s] INFO:colcon.colcon_core.shell:Creating environment descriptor '/home/gowheel/gowheel_ws/build/servo_node/share/servo_node/hook/pythonpath_develop.dsv'
[5.552s] DEBUG:colcon.colcon_core.event_handler.log_command:Invoked command in '/home/gowheel/gowheel_ws/build/servo_node' returned '0': DEBUGINFOD_URLS=https://debuginfod.ubuntu.com PYTHONPATH=/home/gowheel/gowheel_ws/build/servo_node/prefix_override:/usr/lib/python3/dist-packages/colcon_core/task/python/colcon_distutils_commands:/home/gowheel/gowheel_ws/install/servo_node/lib/python3.12/site-packages:${PYTHONPATH} /usr/bin/python3 -W ignore:setup.py install is deprecated -W ignore:easy_install command is deprecated setup.py develop --editable --build-directory /home/gowheel/gowheel_ws/build/servo_node/build --no-deps symlink_data --force
[5.555s] INFO:colcon.colcon_core.shell:Creating environment hook '/home/gowheel/gowheel_ws/build/servo_node/share/servo_node/hook/pythonpath_develop.sh'
[5.559s] Level 1:colcon.colcon_core.environment:checking '/home/gowheel/gowheel_ws/install/servo_node' for CMake module files
[5.560s] Level 1:colcon.colcon_core.environment:checking '/home/gowheel/gowheel_ws/install/servo_node' for CMake config files
[5.561s] Level 1:colcon.colcon_core.environment:checking '/home/gowheel/gowheel_ws/install/servo_node/lib'
[5.561s] Level 1:colcon.colcon_core.environment:checking '/home/gowheel/gowheel_ws/install/servo_node/bin'
[5.561s] Level 1:colcon.colcon_core.environment:checking '/home/gowheel/gowheel_ws/install/servo_node/lib/pkgconfig/servo_node.pc'
[5.561s] Level 1:colcon.colcon_core.environment:checking '/home/gowheel/gowheel_ws/install/servo_node/lib/python3.12/site-packages'
[5.561s] Level 1:colcon.colcon_core.shell:create_environment_hook('servo_node', 'pythonpath')
[5.562s] INFO:colcon.colcon_core.shell:Creating environment hook '/home/gowheel/gowheel_ws/install/servo_node/share/servo_node/hook/pythonpath.ps1'
[5.562s] INFO:colcon.colcon_core.shell:Creating environment descriptor '/home/gowheel/gowheel_ws/install/servo_node/share/servo_node/hook/pythonpath.dsv'
[5.563s] INFO:colcon.colcon_core.shell:Creating environment hook '/home/gowheel/gowheel_ws/install/servo_node/share/servo_node/hook/pythonpath.sh'
[5.564s] Level 1:colcon.colcon_core.environment:checking '/home/gowheel/gowheel_ws/install/servo_node/bin'
[5.564s] Level 1:colcon.colcon_core.environment:create_environment_scripts_only(servo_node)
[5.565s] INFO:colcon.colcon_core.shell:Creating package script '/home/gowheel/gowheel_ws/install/servo_node/share/servo_node/package.ps1'
[5.566s] INFO:colcon.colcon_core.shell:Creating package descriptor '/home/gowheel/gowheel_ws/install/servo_node/share/servo_node/package.dsv'
[5.567s] INFO:colcon.colcon_core.shell:Creating package script '/home/gowheel/gowheel_ws/install/servo_node/share/servo_node/package.sh'
[5.569s] INFO:colcon.colcon_core.shell:Creating package script '/home/gowheel/gowheel_ws/install/servo_node/share/servo_node/package.bash'
[5.570s] INFO:colcon.colcon_core.shell:Creating package script '/home/gowheel/gowheel_ws/install/servo_node/share/servo_node/package.zsh'
[5.571s] Level 1:colcon.colcon_core.environment:create_file_with_runtime_dependencies(/home/gowheel/gowheel_ws/install/servo_node/share/colcon-core/packages/servo_node)
[5.585s] DEBUG:colcon.colcon_core.event_handler.log_command:Invoking command in '/home/gowheel/gowheel_ws/build/sllidar_ros2': CMAKE_PREFIX_PATH=${CMAKE_PREFIX_PATH}:/home/gowheel/gowheel_ws/install/servo_node:/home/gowheel/gowheel_ws/install/robot_controller:/home/gowheel/gowheel_ws/install/lidar_node:/home/gowheel/gowheel_ws/install/camera_node:/opt/ros/jazzy DEBUGINFOD_URLS=https://debuginfod.ubuntu.com /usr/bin/cmake /home/gowheel/gowheel_ws/src/sllidar_ros2 -DAMENT_CMAKE_SYMLINK_INSTALL=1 -DCMAKE_INSTALL_PREFIX=/home/gowheel/gowheel_ws/install/sllidar_ros2
[5.715s] Level 1:colcon.colcon_core.shell:create_environment_hook('robot_controller', 'pythonpath_develop')
[5.716s] INFO:colcon.colcon_core.shell:Creating environment hook '/home/gowheel/gowheel_ws/build/robot_controller/share/robot_controller/hook/pythonpath_develop.ps1'
[5.718s] DEBUG:colcon.colcon_core.event_handler.log_command:Invoked command in '/home/gowheel/gowheel_ws/build/robot_controller' returned '0': DEBUGINFOD_URLS=https://debuginfod.ubuntu.com PYTHONPATH=/home/gowheel/gowheel_ws/build/robot_controller/prefix_override:/usr/lib/python3/dist-packages/colcon_core/task/python/colcon_distutils_commands:/home/gowheel/gowheel_ws/install/robot_controller/lib/python3.12/site-packages:${PYTHONPATH} /usr/bin/python3 -W ignore:setup.py install is deprecated -W ignore:easy_install command is deprecated setup.py develop --editable --build-directory /home/gowheel/gowheel_ws/build/robot_controller/build --no-deps symlink_data --force
[5.721s] INFO:colcon.colcon_core.shell:Creating environment descriptor '/home/gowheel/gowheel_ws/build/robot_controller/share/robot_controller/hook/pythonpath_develop.dsv'
[5.724s] INFO:colcon.colcon_core.shell:Creating environment hook '/home/gowheel/gowheel_ws/build/robot_controller/share/robot_controller/hook/pythonpath_develop.sh'
[5.729s] Level 1:colcon.colcon_core.environment:checking '/home/gowheel/gowheel_ws/install/robot_controller' for CMake module files
[5.730s] Level 1:colcon.colcon_core.environment:checking '/home/gowheel/gowheel_ws/install/robot_controller' for CMake config files
[5.731s] Level 1:colcon.colcon_core.environment:checking '/home/gowheel/gowheel_ws/install/robot_controller/lib'
[5.731s] Level 1:colcon.colcon_core.environment:checking '/home/gowheel/gowheel_ws/install/robot_controller/bin'
[5.731s] Level 1:colcon.colcon_core.environment:checking '/home/gowheel/gowheel_ws/install/robot_controller/lib/pkgconfig/robot_controller.pc'
[5.731s] Level 1:colcon.colcon_core.environment:checking '/home/gowheel/gowheel_ws/install/robot_controller/lib/python3.12/site-packages'
[5.732s] Level 1:colcon.colcon_core.shell:create_environment_hook('robot_controller', 'pythonpath')
[5.732s] INFO:colcon.colcon_core.shell:Creating environment hook '/home/gowheel/gowheel_ws/install/robot_controller/share/robot_controller/hook/pythonpath.ps1'
[5.733s] INFO:colcon.colcon_core.shell:Creating environment descriptor '/home/gowheel/gowheel_ws/install/robot_controller/share/robot_controller/hook/pythonpath.dsv'
[5.733s] INFO:colcon.colcon_core.shell:Creating environment hook '/home/gowheel/gowheel_ws/install/robot_controller/share/robot_controller/hook/pythonpath.sh'
[5.734s] Level 1:colcon.colcon_core.environment:checking '/home/gowheel/gowheel_ws/install/robot_controller/bin'
[5.734s] Level 1:colcon.colcon_core.environment:create_environment_scripts_only(robot_controller)
[5.735s] INFO:colcon.colcon_core.shell:Creating package script '/home/gowheel/gowheel_ws/install/robot_controller/share/robot_controller/package.ps1'
[5.735s] INFO:colcon.colcon_core.shell:Creating package descriptor '/home/gowheel/gowheel_ws/install/robot_controller/share/robot_controller/package.dsv'
[5.736s] INFO:colcon.colcon_core.shell:Creating package script '/home/gowheel/gowheel_ws/install/robot_controller/share/robot_controller/package.sh'
[5.737s] INFO:colcon.colcon_core.shell:Creating package script '/home/gowheel/gowheel_ws/install/robot_controller/share/robot_controller/package.bash'
[5.737s] INFO:colcon.colcon_core.shell:Creating package script '/home/gowheel/gowheel_ws/install/robot_controller/share/robot_controller/package.zsh'
[5.738s] Level 1:colcon.colcon_core.environment:create_file_with_runtime_dependencies(/home/gowheel/gowheel_ws/install/robot_controller/share/colcon-core/packages/robot_controller)
[6.061s] Level 1:colcon.colcon_core.shell:create_environment_hook('camera_node', 'pythonpath_develop')
[6.061s] INFO:colcon.colcon_core.shell:Creating environment hook '/home/gowheel/gowheel_ws/build/camera_node/share/camera_node/hook/pythonpath_develop.ps1'
[6.062s] DEBUG:colcon.colcon_core.event_handler.log_command:Invoked command in '/home/gowheel/gowheel_ws/build/camera_node' returned '0': DEBUGINFOD_URLS=https://debuginfod.ubuntu.com PYTHONPATH=/home/gowheel/gowheel_ws/build/camera_node/prefix_override:/usr/lib/python3/dist-packages/colcon_core/task/python/colcon_distutils_commands:/home/gowheel/gowheel_ws/install/camera_node/lib/python3.12/site-packages:${PYTHONPATH} /usr/bin/python3 -W ignore:setup.py install is deprecated -W ignore:easy_install command is deprecated setup.py develop --editable --build-directory /home/gowheel/gowheel_ws/build/camera_node/build --no-deps symlink_data --force
[6.184s] INFO:colcon.colcon_core.shell:Creating environment descriptor '/home/gowheel/gowheel_ws/build/camera_node/share/camera_node/hook/pythonpath_develop.dsv'
[6.184s] INFO:colcon.colcon_core.shell:Creating environment hook '/home/gowheel/gowheel_ws/build/camera_node/share/camera_node/hook/pythonpath_develop.sh'
[6.186s] Level 1:colcon.colcon_core.environment:checking '/home/gowheel/gowheel_ws/install/camera_node' for CMake module files
[6.187s] Level 1:colcon.colcon_core.environment:checking '/home/gowheel/gowheel_ws/install/camera_node' for CMake config files
[6.188s] Level 1:colcon.colcon_core.environment:checking '/home/gowheel/gowheel_ws/install/camera_node/lib'
[6.188s] Level 1:colcon.colcon_core.environment:checking '/home/gowheel/gowheel_ws/install/camera_node/bin'
[6.188s] Level 1:colcon.colcon_core.environment:checking '/home/gowheel/gowheel_ws/install/camera_node/lib/pkgconfig/camera_node.pc'
[6.189s] Level 1:colcon.colcon_core.environment:checking '/home/gowheel/gowheel_ws/install/camera_node/lib/python3.12/site-packages'
[6.189s] Level 1:colcon.colcon_core.shell:create_environment_hook('camera_node', 'pythonpath')
[6.189s] INFO:colcon.colcon_core.shell:Creating environment hook '/home/gowheel/gowheel_ws/install/camera_node/share/camera_node/hook/pythonpath.ps1'
[6.191s] INFO:colcon.colcon_core.shell:Creating environment descriptor '/home/gowheel/gowheel_ws/install/camera_node/share/camera_node/hook/pythonpath.dsv'
[6.191s] INFO:colcon.colcon_core.shell:Creating environment hook '/home/gowheel/gowheel_ws/install/camera_node/share/camera_node/hook/pythonpath.sh'
[6.193s] Level 1:colcon.colcon_core.environment:checking '/home/gowheel/gowheel_ws/install/camera_node/bin'
[6.193s] Level 1:colcon.colcon_core.environment:create_environment_scripts_only(camera_node)
[6.193s] INFO:colcon.colcon_core.shell:Creating package script '/home/gowheel/gowheel_ws/install/camera_node/share/camera_node/package.ps1'
[6.195s] INFO:colcon.colcon_core.shell:Creating package descriptor '/home/gowheel/gowheel_ws/install/camera_node/share/camera_node/package.dsv'
[6.196s] INFO:colcon.colcon_core.shell:Creating package script '/home/gowheel/gowheel_ws/install/camera_node/share/camera_node/package.sh'
[6.197s] INFO:colcon.colcon_core.shell:Creating package script '/home/gowheel/gowheel_ws/install/camera_node/share/camera_node/package.bash'
[6.198s] INFO:colcon.colcon_core.shell:Creating package script '/home/gowheel/gowheel_ws/install/camera_node/share/camera_node/package.zsh'
[6.199s] Level 1:colcon.colcon_core.environment:create_file_with_runtime_dependencies(/home/gowheel/gowheel_ws/install/camera_node/share/colcon-core/packages/camera_node)
[7.004s] DEBUG:colcon.colcon_core.event_handler.log_command:Invoked command in '/home/gowheel/gowheel_ws/build/sllidar_ros2' returned '0': CMAKE_PREFIX_PATH=${CMAKE_PREFIX_PATH}:/home/gowheel/gowheel_ws/install/servo_node:/home/gowheel/gowheel_ws/install/robot_controller:/home/gowheel/gowheel_ws/install/lidar_node:/home/gowheel/gowheel_ws/install/camera_node:/opt/ros/jazzy DEBUGINFOD_URLS=https://debuginfod.ubuntu.com /usr/bin/cmake /home/gowheel/gowheel_ws/src/sllidar_ros2 -DAMENT_CMAKE_SYMLINK_INSTALL=1 -DCMAKE_INSTALL_PREFIX=/home/gowheel/gowheel_ws/install/sllidar_ros2
[7.011s] DEBUG:colcon.colcon_core.event_handler.log_command:Invoking command in '/home/gowheel/gowheel_ws/build/sllidar_ros2': CMAKE_PREFIX_PATH=${CMAKE_PREFIX_PATH}:/home/gowheel/gowheel_ws/install/servo_node:/home/gowheel/gowheel_ws/install/robot_controller:/home/gowheel/gowheel_ws/install/lidar_node:/home/gowheel/gowheel_ws/install/camera_node:/opt/ros/jazzy DEBUGINFOD_URLS=https://debuginfod.ubuntu.com /usr/bin/cmake --build /home/gowheel/gowheel_ws/build/sllidar_ros2 -- -j4 -l4
[7.168s] DEBUG:colcon.colcon_core.event_handler.log_command:Invoked command in '/home/gowheel/gowheel_ws/build/sllidar_ros2' returned '0': CMAKE_PREFIX_PATH=${CMAKE_PREFIX_PATH}:/home/gowheel/gowheel_ws/install/servo_node:/home/gowheel/gowheel_ws/install/robot_controller:/home/gowheel/gowheel_ws/install/lidar_node:/home/gowheel/gowheel_ws/install/camera_node:/opt/ros/jazzy DEBUGINFOD_URLS=https://debuginfod.ubuntu.com /usr/bin/cmake --build /home/gowheel/gowheel_ws/build/sllidar_ros2 -- -j4 -l4
[7.186s] DEBUG:colcon.colcon_core.event_handler.log_command:Invoking command in '/home/gowheel/gowheel_ws/build/sllidar_ros2': CMAKE_PREFIX_PATH=${CMAKE_PREFIX_PATH}:/home/gowheel/gowheel_ws/install/servo_node:/home/gowheel/gowheel_ws/install/robot_controller:/home/gowheel/gowheel_ws/install/lidar_node:/home/gowheel/gowheel_ws/install/camera_node:/opt/ros/jazzy DEBUGINFOD_URLS=https://debuginfod.ubuntu.com /usr/bin/cmake --install /home/gowheel/gowheel_ws/build/sllidar_ros2
[7.234s] Level 1:colcon.colcon_core.environment:create_environment_scripts_only(sllidar_ros2)
[7.235s] Level 1:colcon.colcon_core.environment:checking '/home/gowheel/gowheel_ws/install/sllidar_ros2' for CMake module files
[7.236s] DEBUG:colcon.colcon_core.event_handler.log_command:Invoked command in '/home/gowheel/gowheel_ws/build/sllidar_ros2' returned '0': CMAKE_PREFIX_PATH=${CMAKE_PREFIX_PATH}:/home/gowheel/gowheel_ws/install/servo_node:/home/gowheel/gowheel_ws/install/robot_controller:/home/gowheel/gowheel_ws/install/lidar_node:/home/gowheel/gowheel_ws/install/camera_node:/opt/ros/jazzy DEBUGINFOD_URLS=https://debuginfod.ubuntu.com /usr/bin/cmake --install /home/gowheel/gowheel_ws/build/sllidar_ros2
[7.236s] Level 1:colcon.colcon_core.environment:checking '/home/gowheel/gowheel_ws/install/sllidar_ros2' for CMake config files
[7.237s] Level 1:colcon.colcon_core.shell:create_environment_hook('sllidar_ros2', 'cmake_prefix_path')
[7.237s] INFO:colcon.colcon_core.shell:Creating environment hook '/home/gowheel/gowheel_ws/install/sllidar_ros2/share/sllidar_ros2/hook/cmake_prefix_path.ps1'
[7.241s] INFO:colcon.colcon_core.shell:Creating environment descriptor '/home/gowheel/gowheel_ws/install/sllidar_ros2/share/sllidar_ros2/hook/cmake_prefix_path.dsv'
[7.243s] INFO:colcon.colcon_core.shell:Creating environment hook '/home/gowheel/gowheel_ws/install/sllidar_ros2/share/sllidar_ros2/hook/cmake_prefix_path.sh'
[7.244s] Level 1:colcon.colcon_core.environment:checking '/home/gowheel/gowheel_ws/install/sllidar_ros2/lib'
[7.244s] Level 1:colcon.colcon_core.environment:checking '/home/gowheel/gowheel_ws/install/sllidar_ros2/bin'
[7.245s] Level 1:colcon.colcon_core.environment:checking '/home/gowheel/gowheel_ws/install/sllidar_ros2/lib/pkgconfig/sllidar_ros2.pc'
[7.245s] Level 1:colcon.colcon_core.environment:checking '/home/gowheel/gowheel_ws/install/sllidar_ros2/lib/python3.12/site-packages'
[7.245s] Level 1:colcon.colcon_core.environment:checking '/home/gowheel/gowheel_ws/install/sllidar_ros2/bin'
[7.245s] INFO:colcon.colcon_core.shell:Creating package script '/home/gowheel/gowheel_ws/install/sllidar_ros2/share/sllidar_ros2/package.ps1'
[7.246s] INFO:colcon.colcon_core.shell:Creating package descriptor '/home/gowheel/gowheel_ws/install/sllidar_ros2/share/sllidar_ros2/package.dsv'
[7.247s] INFO:colcon.colcon_core.shell:Creating package script '/home/gowheel/gowheel_ws/install/sllidar_ros2/share/sllidar_ros2/package.sh'
[7.247s] INFO:colcon.colcon_core.shell:Creating package script '/home/gowheel/gowheel_ws/install/sllidar_ros2/share/sllidar_ros2/package.bash'
[7.247s] INFO:colcon.colcon_core.shell:Creating package script '/home/gowheel/gowheel_ws/install/sllidar_ros2/share/sllidar_ros2/package.zsh'
[7.248s] Level 1:colcon.colcon_core.environment:create_file_with_runtime_dependencies(/home/gowheel/gowheel_ws/install/sllidar_ros2/share/colcon-core/packages/sllidar_ros2)
[7.249s] Level 1:colcon.colcon_core.environment:create_environment_scripts_only(sllidar_ros2)
[7.249s] Level 1:colcon.colcon_core.environment:checking '/home/gowheel/gowheel_ws/install/sllidar_ros2' for CMake module files
[7.249s] Level 1:colcon.colcon_core.environment:checking '/home/gowheel/gowheel_ws/install/sllidar_ros2' for CMake config files
[7.250s] Level 1:colcon.colcon_core.shell:create_environment_hook('sllidar_ros2', 'cmake_prefix_path')
[7.250s] INFO:colcon.colcon_core.shell:Creating environment hook '/home/gowheel/gowheel_ws/install/sllidar_ros2/share/sllidar_ros2/hook/cmake_prefix_path.ps1'
[7.269s] INFO:colcon.colcon_core.shell:Creating environment descriptor '/home/gowheel/gowheel_ws/install/sllidar_ros2/share/sllidar_ros2/hook/cmake_prefix_path.dsv'
[7.272s] INFO:colcon.colcon_core.shell:Creating environment hook '/home/gowheel/gowheel_ws/install/sllidar_ros2/share/sllidar_ros2/hook/cmake_prefix_path.sh'
[7.273s] Level 1:colcon.colcon_core.environment:checking '/home/gowheel/gowheel_ws/install/sllidar_ros2/lib'
[7.273s] Level 1:colcon.colcon_core.environment:checking '/home/gowheel/gowheel_ws/install/sllidar_ros2/bin'
[7.273s] Level 1:colcon.colcon_core.environment:checking '/home/gowheel/gowheel_ws/install/sllidar_ros2/lib/pkgconfig/sllidar_ros2.pc'
[7.274s] Level 1:colcon.colcon_core.environment:checking '/home/gowheel/gowheel_ws/install/sllidar_ros2/lib/python3.12/site-packages'
[7.274s] Level 1:colcon.colcon_core.environment:checking '/home/gowheel/gowheel_ws/install/sllidar_ros2/bin'
[7.275s] INFO:colcon.colcon_core.shell:Creating package script '/home/gowheel/gowheel_ws/install/sllidar_ros2/share/sllidar_ros2/package.ps1'
[7.275s] INFO:colcon.colcon_core.shell:Creating package descriptor '/home/gowheel/gowheel_ws/install/sllidar_ros2/share/sllidar_ros2/package.dsv'
[7.276s] INFO:colcon.colcon_core.shell:Creating package script '/home/gowheel/gowheel_ws/install/sllidar_ros2/share/sllidar_ros2/package.sh'
[7.277s] INFO:colcon.colcon_core.shell:Creating package script '/home/gowheel/gowheel_ws/install/sllidar_ros2/share/sllidar_ros2/package.bash'
[7.277s] INFO:colcon.colcon_core.shell:Creating package script '/home/gowheel/gowheel_ws/install/sllidar_ros2/share/sllidar_ros2/package.zsh'
[7.278s] Level 1:colcon.colcon_core.environment:create_file_with_runtime_dependencies(/home/gowheel/gowheel_ws/install/sllidar_ros2/share/colcon-core/packages/sllidar_ros2)
[7.278s] DEBUG:colcon.colcon_parallel_executor.executor.parallel:closing loop
[7.279s] DEBUG:colcon.colcon_parallel_executor.executor.parallel:loop closed
[7.280s] DEBUG:colcon.colcon_parallel_executor.executor.parallel:run_until_complete finished with '0'
[7.280s] DEBUG:colcon.colcon_core.event_reactor:joining thread
[7.298s] INFO:colcon.colcon_core.plugin_system:Skipping extension 'colcon_notification.desktop_notification.terminal_notifier': Not used on non-Darwin systems
[7.299s] INFO:colcon.colcon_core.plugin_system:Skipping extension 'colcon_notification.desktop_notification.win32': Not used on non-Windows systems
[7.299s] INFO:colcon.colcon_notification.desktop_notification:Sending desktop notification using 'notify2'
[7.329s] DEBUG:colcon.colcon_core.event_reactor:joined thread
[7.330s] INFO:colcon.colcon_core.shell:Creating prefix script '/home/gowheel/gowheel_ws/install/local_setup.ps1'
[7.332s] INFO:colcon.colcon_core.shell:Creating prefix util module '/home/gowheel/gowheel_ws/install/_local_setup_util_ps1.py'
[7.334s] INFO:colcon.colcon_core.shell:Creating prefix chain script '/home/gowheel/gowheel_ws/install/setup.ps1'
[7.335s] INFO:colcon.colcon_core.shell:Creating prefix script '/home/gowheel/gowheel_ws/install/local_setup.sh'
[7.336s] INFO:colcon.colcon_core.shell:Creating prefix util module '/home/gowheel/gowheel_ws/install/_local_setup_util_sh.py'
[7.337s] INFO:colcon.colcon_core.shell:Creating prefix chain script '/home/gowheel/gowheel_ws/install/setup.sh'
[7.439s] INFO:colcon.colcon_core.shell:Creating prefix script '/home/gowheel/gowheel_ws/install/local_setup.bash'
[7.440s] INFO:colcon.colcon_core.shell:Creating prefix chain script '/home/gowheel/gowheel_ws/install/setup.bash'
[7.441s] INFO:colcon.colcon_core.shell:Creating prefix script '/home/gowheel/gowheel_ws/install/local_setup.zsh'
[7.444s] INFO:colcon.colcon_core.shell:Creating prefix chain script '/home/gowheel/gowheel_ws/install/setup.zsh'
