[0.335s] DEBUG:colcon:Command line arguments: ['/usr/bin/colcon', 'list', '-p', '--base-paths', '/home/gowheel/gowheel_ws']
[0.335s] DEBUG:colcon:Parsed command line arguments: Namespace(log_base=None, log_level=None, verb_name='list', build_base='build', ignore_user_meta=False, metas=['./colcon.meta'], base_paths=['/home/gowheel/gowheel_ws'], packages_ignore=None, packages_ignore_regex=None, paths=None, packages_up_to=None, packages_up_to_regex=None, packages_above=None, packages_above_and_dependencies=None, packages_above_depth=None, packages_select_by_dep=None, packages_skip_by_dep=None, packages_skip_up_to=None, packages_select_build_failed=False, packages_skip_build_finished=False, packages_select_test_failures=False, packages_skip_test_passed=False, packages_select=None, packages_skip=None, packages_select_regex=None, packages_skip_regex=None, packages_start=None, packages_end=None, allow_overriding=[], topological_order=False, names_only=False, paths_only=True, topological_graph=False, topological_graph_dot=False, topological_graph_density=False, topological_graph_legend=False, topological_graph_dot_cluster=False, topological_graph_dot_include_skipped=False, mixin_files=None, mixin=None, verb_parser=<colcon_mixin.mixin.mixin_argument.MixinArgumentDecorator object at 0xffff9370d430>, verb_extension=<colcon_package_information.verb.list.ListVerb object at 0xffff9370c5c0>, main=<bound method ListVerb.main of <colcon_package_information.verb.list.ListVerb object at 0xffff9370c5c0>>, mixin_verb=('list',))
[0.794s] Level 1:colcon.colcon_core.package_discovery:discover_packages(colcon_meta) check parameters
[0.798s] Level 1:colcon.colcon_core.package_discovery:discover_packages(recursive) check parameters
[0.800s] Level 1:colcon.colcon_core.package_discovery:discover_packages(ignore) check parameters
[0.800s] Level 1:colcon.colcon_core.package_discovery:discover_packages(path) check parameters
[0.800s] Level 1:colcon.colcon_core.package_discovery:discover_packages(recursive) discover
[0.800s] INFO:colcon.colcon_core.package_discovery:Crawling recursively for packages in '/home/gowheel/gowheel_ws'
[0.801s] Level 1:colcon.colcon_core.package_identification:_identify(/home/gowheel/gowheel_ws) by extensions ['ignore', 'ignore_ament_install']
[0.801s] Level 1:colcon.colcon_core.package_identification:_identify(/home/gowheel/gowheel_ws) by extension 'ignore'
[0.805s] Level 1:colcon.colcon_core.package_identification:_identify(/home/gowheel/gowheel_ws) by extension 'ignore_ament_install'
[0.810s] Level 1:colcon.colcon_core.package_identification:_identify(/home/gowheel/gowheel_ws) by extensions ['colcon_pkg']
[0.810s] Level 1:colcon.colcon_core.package_identification:_identify(/home/gowheel/gowheel_ws) by extension 'colcon_pkg'
[0.810s] Level 1:colcon.colcon_core.package_identification:_identify(/home/gowheel/gowheel_ws) by extensions ['colcon_meta']
[0.810s] Level 1:colcon.colcon_core.package_identification:_identify(/home/gowheel/gowheel_ws) by extension 'colcon_meta'
[0.811s] Level 1:colcon.colcon_core.package_identification:_identify(/home/gowheel/gowheel_ws) by extensions ['ros']
[0.811s] Level 1:colcon.colcon_core.package_identification:_identify(/home/gowheel/gowheel_ws) by extension 'ros'
[1.188s] Level 1:colcon.colcon_core.package_identification:_identify(/home/gowheel/gowheel_ws) by extensions ['cmake', 'python']
[1.189s] Level 1:colcon.colcon_core.package_identification:_identify(/home/gowheel/gowheel_ws) by extension 'cmake'
[1.189s] Level 1:colcon.colcon_core.package_identification:_identify(/home/gowheel/gowheel_ws) by extension 'python'
[1.189s] Level 1:colcon.colcon_core.package_identification:_identify(/home/gowheel/gowheel_ws) by extensions ['python_setup_py']
[1.190s] Level 1:colcon.colcon_core.package_identification:_identify(/home/gowheel/gowheel_ws) by extension 'python_setup_py'
[1.190s] Level 1:colcon.colcon_core.package_identification:_identify(/home/gowheel/gowheel_ws/build) by extensions ['ignore', 'ignore_ament_install']
[1.191s] Level 1:colcon.colcon_core.package_identification:_identify(/home/gowheel/gowheel_ws/build) by extension 'ignore'
[1.191s] Level 1:colcon.colcon_core.package_identification:_identify(/home/gowheel/gowheel_ws/build) ignored
[1.192s] Level 1:colcon.colcon_core.package_identification:_identify(/home/gowheel/gowheel_ws/install) by extensions ['ignore', 'ignore_ament_install']
[1.195s] Level 1:colcon.colcon_core.package_identification:_identify(/home/gowheel/gowheel_ws/install) by extension 'ignore'
[1.195s] Level 1:colcon.colcon_core.package_identification:_identify(/home/gowheel/gowheel_ws/install) ignored
[1.196s] Level 1:colcon.colcon_core.package_identification:_identify(/home/gowheel/gowheel_ws/log) by extensions ['ignore', 'ignore_ament_install']
[1.196s] Level 1:colcon.colcon_core.package_identification:_identify(/home/gowheel/gowheel_ws/log) by extension 'ignore'
[1.196s] Level 1:colcon.colcon_core.package_identification:_identify(/home/gowheel/gowheel_ws/log) ignored
[1.197s] Level 1:colcon.colcon_core.package_identification:_identify(/home/gowheel/gowheel_ws/src) by extensions ['ignore', 'ignore_ament_install']
[1.197s] Level 1:colcon.colcon_core.package_identification:_identify(/home/gowheel/gowheel_ws/src) by extension 'ignore'
[1.197s] Level 1:colcon.colcon_core.package_identification:_identify(/home/gowheel/gowheel_ws/src) by extension 'ignore_ament_install'
[1.198s] Level 1:colcon.colcon_core.package_identification:_identify(/home/gowheel/gowheel_ws/src) by extensions ['colcon_pkg']
[1.198s] Level 1:colcon.colcon_core.package_identification:_identify(/home/gowheel/gowheel_ws/src) by extension 'colcon_pkg'
[1.198s] Level 1:colcon.colcon_core.package_identification:_identify(/home/gowheel/gowheel_ws/src) by extensions ['colcon_meta']
[1.199s] Level 1:colcon.colcon_core.package_identification:_identify(/home/gowheel/gowheel_ws/src) by extension 'colcon_meta'
[1.199s] Level 1:colcon.colcon_core.package_identification:_identify(/home/gowheel/gowheel_ws/src) by extensions ['ros']
[1.199s] Level 1:colcon.colcon_core.package_identification:_identify(/home/gowheel/gowheel_ws/src) by extension 'ros'
[1.202s] Level 1:colcon.colcon_core.package_identification:_identify(/home/gowheel/gowheel_ws/src) by extensions ['cmake', 'python']
[1.208s] Level 1:colcon.colcon_core.package_identification:_identify(/home/gowheel/gowheel_ws/src) by extension 'cmake'
[1.209s] Level 1:colcon.colcon_core.package_identification:_identify(/home/gowheel/gowheel_ws/src) by extension 'python'
[1.210s] Level 1:colcon.colcon_core.package_identification:_identify(/home/gowheel/gowheel_ws/src) by extensions ['python_setup_py']
[1.210s] Level 1:colcon.colcon_core.package_identification:_identify(/home/gowheel/gowheel_ws/src) by extension 'python_setup_py'
[1.210s] Level 1:colcon.colcon_core.package_identification:_identify(/home/gowheel/gowheel_ws/src/camera_node) by extensions ['ignore', 'ignore_ament_install']
[1.211s] Level 1:colcon.colcon_core.package_identification:_identify(/home/gowheel/gowheel_ws/src/camera_node) by extension 'ignore'
[1.215s] Level 1:colcon.colcon_core.package_identification:_identify(/home/gowheel/gowheel_ws/src/camera_node) by extension 'ignore_ament_install'
[1.216s] Level 1:colcon.colcon_core.package_identification:_identify(/home/gowheel/gowheel_ws/src/camera_node) by extensions ['colcon_pkg']
[1.216s] Level 1:colcon.colcon_core.package_identification:_identify(/home/gowheel/gowheel_ws/src/camera_node) by extension 'colcon_pkg'
[1.216s] Level 1:colcon.colcon_core.package_identification:_identify(/home/gowheel/gowheel_ws/src/camera_node) by extensions ['colcon_meta']
[1.216s] Level 1:colcon.colcon_core.package_identification:_identify(/home/gowheel/gowheel_ws/src/camera_node) by extension 'colcon_meta'
[1.216s] Level 1:colcon.colcon_core.package_identification:_identify(/home/gowheel/gowheel_ws/src/camera_node) by extensions ['ros']
[1.216s] Level 1:colcon.colcon_core.package_identification:_identify(/home/gowheel/gowheel_ws/src/camera_node) by extension 'ros'
[1.232s] DEBUG:colcon.colcon_core.package_identification:Package '/home/gowheel/gowheel_ws/src/camera_node' with type 'ros.ament_python' and name 'camera_node'
[1.233s] Level 1:colcon.colcon_core.package_identification:_identify(/home/gowheel/gowheel_ws/src/lidar_node) by extensions ['ignore', 'ignore_ament_install']
[1.234s] Level 1:colcon.colcon_core.package_identification:_identify(/home/gowheel/gowheel_ws/src/lidar_node) by extension 'ignore'
[1.235s] Level 1:colcon.colcon_core.package_identification:_identify(/home/gowheel/gowheel_ws/src/lidar_node) by extension 'ignore_ament_install'
[1.235s] Level 1:colcon.colcon_core.package_identification:_identify(/home/gowheel/gowheel_ws/src/lidar_node) by extensions ['colcon_pkg']
[1.236s] Level 1:colcon.colcon_core.package_identification:_identify(/home/gowheel/gowheel_ws/src/lidar_node) by extension 'colcon_pkg'
[1.236s] Level 1:colcon.colcon_core.package_identification:_identify(/home/gowheel/gowheel_ws/src/lidar_node) by extensions ['colcon_meta']
[1.237s] Level 1:colcon.colcon_core.package_identification:_identify(/home/gowheel/gowheel_ws/src/lidar_node) by extension 'colcon_meta'
[1.237s] Level 1:colcon.colcon_core.package_identification:_identify(/home/gowheel/gowheel_ws/src/lidar_node) by extensions ['ros']
[1.237s] Level 1:colcon.colcon_core.package_identification:_identify(/home/gowheel/gowheel_ws/src/lidar_node) by extension 'ros'
[1.239s] DEBUG:colcon.colcon_core.package_identification:Package '/home/gowheel/gowheel_ws/src/lidar_node' with type 'ros.ament_python' and name 'lidar_node'
[1.240s] Level 1:colcon.colcon_core.package_identification:_identify(/home/gowheel/gowheel_ws/src/robot_controller) by extensions ['ignore', 'ignore_ament_install']
[1.242s] Level 1:colcon.colcon_core.package_identification:_identify(/home/gowheel/gowheel_ws/src/robot_controller) by extension 'ignore'
[1.243s] Level 1:colcon.colcon_core.package_identification:_identify(/home/gowheel/gowheel_ws/src/robot_controller) by extension 'ignore_ament_install'
[1.244s] Level 1:colcon.colcon_core.package_identification:_identify(/home/gowheel/gowheel_ws/src/robot_controller) by extensions ['colcon_pkg']
[1.244s] Level 1:colcon.colcon_core.package_identification:_identify(/home/gowheel/gowheel_ws/src/robot_controller) by extension 'colcon_pkg'
[1.244s] Level 1:colcon.colcon_core.package_identification:_identify(/home/gowheel/gowheel_ws/src/robot_controller) by extensions ['colcon_meta']
[1.244s] Level 1:colcon.colcon_core.package_identification:_identify(/home/gowheel/gowheel_ws/src/robot_controller) by extension 'colcon_meta'
[1.245s] Level 1:colcon.colcon_core.package_identification:_identify(/home/gowheel/gowheel_ws/src/robot_controller) by extensions ['ros']
[1.245s] Level 1:colcon.colcon_core.package_identification:_identify(/home/gowheel/gowheel_ws/src/robot_controller) by extension 'ros'
[1.254s] DEBUG:colcon.colcon_core.package_identification:Package '/home/gowheel/gowheel_ws/src/robot_controller' with type 'ros.ament_python' and name 'robot_controller'
[1.255s] Level 1:colcon.colcon_core.package_identification:_identify(/home/gowheel/gowheel_ws/src/servo_node) by extensions ['ignore', 'ignore_ament_install']
[1.256s] Level 1:colcon.colcon_core.package_identification:_identify(/home/gowheel/gowheel_ws/src/servo_node) by extension 'ignore'
[1.256s] Level 1:colcon.colcon_core.package_identification:_identify(/home/gowheel/gowheel_ws/src/servo_node) by extension 'ignore_ament_install'
[1.256s] Level 1:colcon.colcon_core.package_identification:_identify(/home/gowheel/gowheel_ws/src/servo_node) by extensions ['colcon_pkg']
[1.262s] Level 1:colcon.colcon_core.package_identification:_identify(/home/gowheel/gowheel_ws/src/servo_node) by extension 'colcon_pkg'
[1.267s] Level 1:colcon.colcon_core.package_identification:_identify(/home/gowheel/gowheel_ws/src/servo_node) by extensions ['colcon_meta']
[1.269s] Level 1:colcon.colcon_core.package_identification:_identify(/home/gowheel/gowheel_ws/src/servo_node) by extension 'colcon_meta'
[1.271s] Level 1:colcon.colcon_core.package_identification:_identify(/home/gowheel/gowheel_ws/src/servo_node) by extensions ['ros']
[1.271s] Level 1:colcon.colcon_core.package_identification:_identify(/home/gowheel/gowheel_ws/src/servo_node) by extension 'ros'
[1.296s] DEBUG:colcon.colcon_core.package_identification:Package '/home/gowheel/gowheel_ws/src/servo_node' with type 'ros.ament_python' and name 'servo_node'
[1.297s] Level 1:colcon.colcon_core.package_identification:_identify(/home/gowheel/gowheel_ws/src/sllidar_ros2) by extensions ['ignore', 'ignore_ament_install']
[1.297s] Level 1:colcon.colcon_core.package_identification:_identify(/home/gowheel/gowheel_ws/src/sllidar_ros2) by extension 'ignore'
[1.298s] Level 1:colcon.colcon_core.package_identification:_identify(/home/gowheel/gowheel_ws/src/sllidar_ros2) by extension 'ignore_ament_install'
[1.298s] Level 1:colcon.colcon_core.package_identification:_identify(/home/gowheel/gowheel_ws/src/sllidar_ros2) by extensions ['colcon_pkg']
[1.298s] Level 1:colcon.colcon_core.package_identification:_identify(/home/gowheel/gowheel_ws/src/sllidar_ros2) by extension 'colcon_pkg'
[1.298s] Level 1:colcon.colcon_core.package_identification:_identify(/home/gowheel/gowheel_ws/src/sllidar_ros2) by extensions ['colcon_meta']
[1.298s] Level 1:colcon.colcon_core.package_identification:_identify(/home/gowheel/gowheel_ws/src/sllidar_ros2) by extension 'colcon_meta'
[1.298s] Level 1:colcon.colcon_core.package_identification:_identify(/home/gowheel/gowheel_ws/src/sllidar_ros2) by extensions ['ros']
[1.298s] Level 1:colcon.colcon_core.package_identification:_identify(/home/gowheel/gowheel_ws/src/sllidar_ros2) by extension 'ros'
[1.300s] DEBUG:colcon.colcon_core.package_identification:Package '/home/gowheel/gowheel_ws/src/sllidar_ros2' with type 'ros.ament_cmake' and name 'sllidar_ros2'
[1.300s] Level 1:colcon.colcon_core.package_discovery:discover_packages(recursive) using defaults
