[0.728s] DEBUG:colcon:Command line arguments: ['/usr/bin/colcon', 'build', '--symlink-install']
[0.729s] DEBUG:colcon:Parsed command line arguments: Namespace(log_base=None, log_level=None, verb_name='build', build_base='build', install_base='install', merge_install=False, symlink_install=True, test_result_base=None, continue_on_error=False, executor='parallel', parallel_workers=4, event_handlers=None, ignore_user_meta=False, metas=['./colcon.meta'], base_paths=['.'], packages_ignore=None, packages_ignore_regex=None, paths=None, packages_up_to=None, packages_up_to_regex=None, packages_above=None, packages_above_and_dependencies=None, packages_above_depth=None, packages_select_by_dep=None, packages_skip_by_dep=None, packages_skip_up_to=None, packages_select_build_failed=False, packages_skip_build_finished=False, packages_select_test_failures=False, packages_skip_test_passed=False, packages_select=None, packages_skip=None, packages_select_regex=None, packages_skip_regex=None, packages_start=None, packages_end=None, allow_overriding=[], cmake_args=None, cmake_target=None, cmake_target_skip_unavailable=False, cmake_clean_cache=False, cmake_clean_first=False, cmake_force_configure=False, ament_cmake_args=None, catkin_cmake_args=None, catkin_skip_building_tests=False, mixin_files=None, mixin=None, verb_parser=<colcon_mixin.mixin.mixin_argument.MixinArgumentDecorator object at 0xffff871ac4d0>, verb_extension=<colcon_core.verb.build.BuildVerb object at 0xffff87364d10>, main=<bound method BuildVerb.main of <colcon_core.verb.build.BuildVerb object at 0xffff87364d10>>, mixin_verb=('build',))
[0.988s] Level 1:colcon.colcon_core.package_discovery:discover_packages(colcon_meta) check parameters
[0.988s] Level 1:colcon.colcon_core.package_discovery:discover_packages(recursive) check parameters
[0.988s] Level 1:colcon.colcon_core.package_discovery:discover_packages(ignore) check parameters
[0.989s] Level 1:colcon.colcon_core.package_discovery:discover_packages(path) check parameters
[0.989s] Level 1:colcon.colcon_core.package_discovery:discover_packages(colcon_meta) discover
[0.989s] Level 1:colcon.colcon_core.package_discovery:discover_packages(recursive) discover
[0.989s] INFO:colcon.colcon_core.package_discovery:Crawling recursively for packages in '/home/gowheel/gowheel_ws'
[0.990s] Level 1:colcon.colcon_core.package_identification:_identify(.) by extensions ['ignore', 'ignore_ament_install']
[0.990s] Level 1:colcon.colcon_core.package_identification:_identify(.) by extension 'ignore'
[0.991s] Level 1:colcon.colcon_core.package_identification:_identify(.) by extension 'ignore_ament_install'
[0.991s] Level 1:colcon.colcon_core.package_identification:_identify(.) by extensions ['colcon_pkg']
[0.992s] Level 1:colcon.colcon_core.package_identification:_identify(.) by extension 'colcon_pkg'
[0.992s] Level 1:colcon.colcon_core.package_identification:_identify(.) by extensions ['colcon_meta']
[0.992s] Level 1:colcon.colcon_core.package_identification:_identify(.) by extension 'colcon_meta'
[0.992s] Level 1:colcon.colcon_core.package_identification:_identify(.) by extensions ['ros']
[0.992s] Level 1:colcon.colcon_core.package_identification:_identify(.) by extension 'ros'
[1.097s] Level 1:colcon.colcon_core.package_identification:_identify(.) by extensions ['cmake', 'python']
[1.098s] Level 1:colcon.colcon_core.package_identification:_identify(.) by extension 'cmake'
[1.098s] Level 1:colcon.colcon_core.package_identification:_identify(.) by extension 'python'
[1.098s] Level 1:colcon.colcon_core.package_identification:_identify(.) by extensions ['python_setup_py']
[1.099s] Level 1:colcon.colcon_core.package_identification:_identify(.) by extension 'python_setup_py'
[1.099s] Level 1:colcon.colcon_core.package_identification:_identify(build) by extensions ['ignore', 'ignore_ament_install']
[1.100s] Level 1:colcon.colcon_core.package_identification:_identify(build) by extension 'ignore'
[1.100s] Level 1:colcon.colcon_core.package_identification:_identify(build) ignored
[1.100s] Level 1:colcon.colcon_core.package_identification:_identify(install) by extensions ['ignore', 'ignore_ament_install']
[1.101s] Level 1:colcon.colcon_core.package_identification:_identify(install) by extension 'ignore'
[1.101s] Level 1:colcon.colcon_core.package_identification:_identify(install) ignored
[1.101s] Level 1:colcon.colcon_core.package_identification:_identify(log) by extensions ['ignore', 'ignore_ament_install']
[1.101s] Level 1:colcon.colcon_core.package_identification:_identify(log) by extension 'ignore'
[1.102s] Level 1:colcon.colcon_core.package_identification:_identify(log) ignored
[1.102s] Level 1:colcon.colcon_core.package_identification:_identify(src) by extensions ['ignore', 'ignore_ament_install']
[1.102s] Level 1:colcon.colcon_core.package_identification:_identify(src) by extension 'ignore'
[1.102s] Level 1:colcon.colcon_core.package_identification:_identify(src) by extension 'ignore_ament_install'
[1.103s] Level 1:colcon.colcon_core.package_identification:_identify(src) by extensions ['colcon_pkg']
[1.103s] Level 1:colcon.colcon_core.package_identification:_identify(src) by extension 'colcon_pkg'
[1.103s] Level 1:colcon.colcon_core.package_identification:_identify(src) by extensions ['colcon_meta']
[1.103s] Level 1:colcon.colcon_core.package_identification:_identify(src) by extension 'colcon_meta'
[1.103s] Level 1:colcon.colcon_core.package_identification:_identify(src) by extensions ['ros']
[1.103s] Level 1:colcon.colcon_core.package_identification:_identify(src) by extension 'ros'
[1.103s] Level 1:colcon.colcon_core.package_identification:_identify(src) by extensions ['cmake', 'python']
[1.104s] Level 1:colcon.colcon_core.package_identification:_identify(src) by extension 'cmake'
[1.104s] Level 1:colcon.colcon_core.package_identification:_identify(src) by extension 'python'
[1.104s] Level 1:colcon.colcon_core.package_identification:_identify(src) by extensions ['python_setup_py']
[1.104s] Level 1:colcon.colcon_core.package_identification:_identify(src) by extension 'python_setup_py'
[1.105s] Level 1:colcon.colcon_core.package_identification:_identify(src/camera_node) by extensions ['ignore', 'ignore_ament_install']
[1.105s] Level 1:colcon.colcon_core.package_identification:_identify(src/camera_node) by extension 'ignore'
[1.105s] Level 1:colcon.colcon_core.package_identification:_identify(src/camera_node) by extension 'ignore_ament_install'
[1.105s] Level 1:colcon.colcon_core.package_identification:_identify(src/camera_node) by extensions ['colcon_pkg']
[1.105s] Level 1:colcon.colcon_core.package_identification:_identify(src/camera_node) by extension 'colcon_pkg'
[1.106s] Level 1:colcon.colcon_core.package_identification:_identify(src/camera_node) by extensions ['colcon_meta']
[1.106s] Level 1:colcon.colcon_core.package_identification:_identify(src/camera_node) by extension 'colcon_meta'
[1.106s] Level 1:colcon.colcon_core.package_identification:_identify(src/camera_node) by extensions ['ros']
[1.106s] Level 1:colcon.colcon_core.package_identification:_identify(src/camera_node) by extension 'ros'
[1.115s] DEBUG:colcon.colcon_core.package_identification:Package 'src/camera_node' with type 'ros.ament_python' and name 'camera_node'
[1.115s] Level 1:colcon.colcon_core.package_identification:_identify(src/lidar_node) by extensions ['ignore', 'ignore_ament_install']
[1.115s] Level 1:colcon.colcon_core.package_identification:_identify(src/lidar_node) by extension 'ignore'
[1.115s] Level 1:colcon.colcon_core.package_identification:_identify(src/lidar_node) by extension 'ignore_ament_install'
[1.115s] Level 1:colcon.colcon_core.package_identification:_identify(src/lidar_node) by extensions ['colcon_pkg']
[1.115s] Level 1:colcon.colcon_core.package_identification:_identify(src/lidar_node) by extension 'colcon_pkg'
[1.115s] Level 1:colcon.colcon_core.package_identification:_identify(src/lidar_node) by extensions ['colcon_meta']
[1.115s] Level 1:colcon.colcon_core.package_identification:_identify(src/lidar_node) by extension 'colcon_meta'
[1.116s] Level 1:colcon.colcon_core.package_identification:_identify(src/lidar_node) by extensions ['ros']
[1.116s] Level 1:colcon.colcon_core.package_identification:_identify(src/lidar_node) by extension 'ros'
[1.117s] DEBUG:colcon.colcon_core.package_identification:Package 'src/lidar_node' with type 'ros.ament_python' and name 'lidar_node'
[1.117s] Level 1:colcon.colcon_core.package_identification:_identify(src/robot_controller) by extensions ['ignore', 'ignore_ament_install']
[1.118s] Level 1:colcon.colcon_core.package_identification:_identify(src/robot_controller) by extension 'ignore'
[1.118s] Level 1:colcon.colcon_core.package_identification:_identify(src/robot_controller) by extension 'ignore_ament_install'
[1.118s] Level 1:colcon.colcon_core.package_identification:_identify(src/robot_controller) by extensions ['colcon_pkg']
[1.118s] Level 1:colcon.colcon_core.package_identification:_identify(src/robot_controller) by extension 'colcon_pkg'
[1.118s] Level 1:colcon.colcon_core.package_identification:_identify(src/robot_controller) by extensions ['colcon_meta']
[1.118s] Level 1:colcon.colcon_core.package_identification:_identify(src/robot_controller) by extension 'colcon_meta'
[1.119s] Level 1:colcon.colcon_core.package_identification:_identify(src/robot_controller) by extensions ['ros']
[1.119s] Level 1:colcon.colcon_core.package_identification:_identify(src/robot_controller) by extension 'ros'
[1.120s] DEBUG:colcon.colcon_core.package_identification:Package 'src/robot_controller' with type 'ros.ament_python' and name 'robot_controller'
[1.121s] Level 1:colcon.colcon_core.package_identification:_identify(src/servo_node) by extensions ['ignore', 'ignore_ament_install']
[1.121s] Level 1:colcon.colcon_core.package_identification:_identify(src/servo_node) by extension 'ignore'
[1.121s] Level 1:colcon.colcon_core.package_identification:_identify(src/servo_node) by extension 'ignore_ament_install'
[1.121s] Level 1:colcon.colcon_core.package_identification:_identify(src/servo_node) by extensions ['colcon_pkg']
[1.121s] Level 1:colcon.colcon_core.package_identification:_identify(src/servo_node) by extension 'colcon_pkg'
[1.121s] Level 1:colcon.colcon_core.package_identification:_identify(src/servo_node) by extensions ['colcon_meta']
[1.121s] Level 1:colcon.colcon_core.package_identification:_identify(src/servo_node) by extension 'colcon_meta'
[1.122s] Level 1:colcon.colcon_core.package_identification:_identify(src/servo_node) by extensions ['ros']
[1.122s] Level 1:colcon.colcon_core.package_identification:_identify(src/servo_node) by extension 'ros'
[1.124s] DEBUG:colcon.colcon_core.package_identification:Package 'src/servo_node' with type 'ros.ament_python' and name 'servo_node'
[1.124s] Level 1:colcon.colcon_core.package_identification:_identify(src/sllidar_ros2) by extensions ['ignore', 'ignore_ament_install']
[1.124s] Level 1:colcon.colcon_core.package_identification:_identify(src/sllidar_ros2) by extension 'ignore'
[1.125s] Level 1:colcon.colcon_core.package_identification:_identify(src/sllidar_ros2) by extension 'ignore_ament_install'
[1.125s] Level 1:colcon.colcon_core.package_identification:_identify(src/sllidar_ros2) by extensions ['colcon_pkg']
[1.125s] Level 1:colcon.colcon_core.package_identification:_identify(src/sllidar_ros2) by extension 'colcon_pkg'
[1.125s] Level 1:colcon.colcon_core.package_identification:_identify(src/sllidar_ros2) by extensions ['colcon_meta']
[1.125s] Level 1:colcon.colcon_core.package_identification:_identify(src/sllidar_ros2) by extension 'colcon_meta'
[1.125s] Level 1:colcon.colcon_core.package_identification:_identify(src/sllidar_ros2) by extensions ['ros']
[1.125s] Level 1:colcon.colcon_core.package_identification:_identify(src/sllidar_ros2) by extension 'ros'
[1.126s] DEBUG:colcon.colcon_core.package_identification:Package 'src/sllidar_ros2' with type 'ros.ament_cmake' and name 'sllidar_ros2'
[1.127s] Level 1:colcon.colcon_core.package_discovery:discover_packages(recursive) using defaults
[1.127s] Level 1:colcon.colcon_core.package_discovery:discover_packages(ignore) discover
[1.127s] Level 1:colcon.colcon_core.package_discovery:discover_packages(ignore) using defaults
[1.127s] Level 1:colcon.colcon_core.package_discovery:discover_packages(path) discover
[1.127s] Level 1:colcon.colcon_core.package_discovery:discover_packages(path) using defaults
[1.192s] Level 1:colcon.colcon_core.package_discovery:discover_packages(prefix_path) check parameters
[1.192s] Level 1:colcon.colcon_core.package_discovery:discover_packages(prefix_path) discover
[1.242s] DEBUG:colcon.colcon_installed_package_information.package_discovery:Found 5 installed packages in /home/gowheel/gowheel_ws/install
[1.246s] DEBUG:colcon.colcon_installed_package_information.package_discovery:Found 288 installed packages in /opt/ros/jazzy
[1.255s] Level 1:colcon.colcon_core.package_discovery:discover_packages(prefix_path) using defaults
[1.465s] Level 5:colcon.colcon_core.verb:set package 'camera_node' build argument 'cmake_args' from command line to 'None'
[1.465s] Level 5:colcon.colcon_core.verb:set package 'camera_node' build argument 'cmake_target' from command line to 'None'
[1.465s] Level 5:colcon.colcon_core.verb:set package 'camera_node' build argument 'cmake_target_skip_unavailable' from command line to 'False'
[1.465s] Level 5:colcon.colcon_core.verb:set package 'camera_node' build argument 'cmake_clean_cache' from command line to 'False'
[1.465s] Level 5:colcon.colcon_core.verb:set package 'camera_node' build argument 'cmake_clean_first' from command line to 'False'
[1.465s] Level 5:colcon.colcon_core.verb:set package 'camera_node' build argument 'cmake_force_configure' from command line to 'False'
[1.465s] Level 5:colcon.colcon_core.verb:set package 'camera_node' build argument 'ament_cmake_args' from command line to 'None'
[1.465s] Level 5:colcon.colcon_core.verb:set package 'camera_node' build argument 'catkin_cmake_args' from command line to 'None'
[1.465s] Level 5:colcon.colcon_core.verb:set package 'camera_node' build argument 'catkin_skip_building_tests' from command line to 'False'
[1.465s] DEBUG:colcon.colcon_core.verb:Building package 'camera_node' with the following arguments: {'ament_cmake_args': None, 'build_base': '/home/gowheel/gowheel_ws/build/camera_node', 'catkin_cmake_args': None, 'catkin_skip_building_tests': False, 'cmake_args': None, 'cmake_clean_cache': False, 'cmake_clean_first': False, 'cmake_force_configure': False, 'cmake_target': None, 'cmake_target_skip_unavailable': False, 'install_base': '/home/gowheel/gowheel_ws/install/camera_node', 'merge_install': False, 'path': '/home/gowheel/gowheel_ws/src/camera_node', 'symlink_install': True, 'test_result_base': None}
[1.466s] Level 5:colcon.colcon_core.verb:set package 'lidar_node' build argument 'cmake_args' from command line to 'None'
[1.467s] Level 5:colcon.colcon_core.verb:set package 'lidar_node' build argument 'cmake_target' from command line to 'None'
[1.467s] Level 5:colcon.colcon_core.verb:set package 'lidar_node' build argument 'cmake_target_skip_unavailable' from command line to 'False'
[1.467s] Level 5:colcon.colcon_core.verb:set package 'lidar_node' build argument 'cmake_clean_cache' from command line to 'False'
[1.467s] Level 5:colcon.colcon_core.verb:set package 'lidar_node' build argument 'cmake_clean_first' from command line to 'False'
[1.467s] Level 5:colcon.colcon_core.verb:set package 'lidar_node' build argument 'cmake_force_configure' from command line to 'False'
[1.467s] Level 5:colcon.colcon_core.verb:set package 'lidar_node' build argument 'ament_cmake_args' from command line to 'None'
[1.467s] Level 5:colcon.colcon_core.verb:set package 'lidar_node' build argument 'catkin_cmake_args' from command line to 'None'
[1.467s] Level 5:colcon.colcon_core.verb:set package 'lidar_node' build argument 'catkin_skip_building_tests' from command line to 'False'
[1.467s] DEBUG:colcon.colcon_core.verb:Building package 'lidar_node' with the following arguments: {'ament_cmake_args': None, 'build_base': '/home/gowheel/gowheel_ws/build/lidar_node', 'catkin_cmake_args': None, 'catkin_skip_building_tests': False, 'cmake_args': None, 'cmake_clean_cache': False, 'cmake_clean_first': False, 'cmake_force_configure': False, 'cmake_target': None, 'cmake_target_skip_unavailable': False, 'install_base': '/home/gowheel/gowheel_ws/install/lidar_node', 'merge_install': False, 'path': '/home/gowheel/gowheel_ws/src/lidar_node', 'symlink_install': True, 'test_result_base': None}
[1.468s] Level 5:colcon.colcon_core.verb:set package 'robot_controller' build argument 'cmake_args' from command line to 'None'
[1.468s] Level 5:colcon.colcon_core.verb:set package 'robot_controller' build argument 'cmake_target' from command line to 'None'
[1.468s] Level 5:colcon.colcon_core.verb:set package 'robot_controller' build argument 'cmake_target_skip_unavailable' from command line to 'False'
[1.468s] Level 5:colcon.colcon_core.verb:set package 'robot_controller' build argument 'cmake_clean_cache' from command line to 'False'
[1.468s] Level 5:colcon.colcon_core.verb:set package 'robot_controller' build argument 'cmake_clean_first' from command line to 'False'
[1.468s] Level 5:colcon.colcon_core.verb:set package 'robot_controller' build argument 'cmake_force_configure' from command line to 'False'
[1.468s] Level 5:colcon.colcon_core.verb:set package 'robot_controller' build argument 'ament_cmake_args' from command line to 'None'
[1.468s] Level 5:colcon.colcon_core.verb:set package 'robot_controller' build argument 'catkin_cmake_args' from command line to 'None'
[1.468s] Level 5:colcon.colcon_core.verb:set package 'robot_controller' build argument 'catkin_skip_building_tests' from command line to 'False'
[1.468s] DEBUG:colcon.colcon_core.verb:Building package 'robot_controller' with the following arguments: {'ament_cmake_args': None, 'build_base': '/home/gowheel/gowheel_ws/build/robot_controller', 'catkin_cmake_args': None, 'catkin_skip_building_tests': False, 'cmake_args': None, 'cmake_clean_cache': False, 'cmake_clean_first': False, 'cmake_force_configure': False, 'cmake_target': None, 'cmake_target_skip_unavailable': False, 'install_base': '/home/gowheel/gowheel_ws/install/robot_controller', 'merge_install': False, 'path': '/home/gowheel/gowheel_ws/src/robot_controller', 'symlink_install': True, 'test_result_base': None}
[1.469s] Level 5:colcon.colcon_core.verb:set package 'servo_node' build argument 'cmake_args' from command line to 'None'
[1.469s] Level 5:colcon.colcon_core.verb:set package 'servo_node' build argument 'cmake_target' from command line to 'None'
[1.469s] Level 5:colcon.colcon_core.verb:set package 'servo_node' build argument 'cmake_target_skip_unavailable' from command line to 'False'
[1.469s] Level 5:colcon.colcon_core.verb:set package 'servo_node' build argument 'cmake_clean_cache' from command line to 'False'
[1.469s] Level 5:colcon.colcon_core.verb:set package 'servo_node' build argument 'cmake_clean_first' from command line to 'False'
[1.469s] Level 5:colcon.colcon_core.verb:set package 'servo_node' build argument 'cmake_force_configure' from command line to 'False'
[1.469s] Level 5:colcon.colcon_core.verb:set package 'servo_node' build argument 'ament_cmake_args' from command line to 'None'
[1.469s] Level 5:colcon.colcon_core.verb:set package 'servo_node' build argument 'catkin_cmake_args' from command line to 'None'
[1.469s] Level 5:colcon.colcon_core.verb:set package 'servo_node' build argument 'catkin_skip_building_tests' from command line to 'False'
[1.469s] DEBUG:colcon.colcon_core.verb:Building package 'servo_node' with the following arguments: {'ament_cmake_args': None, 'build_base': '/home/gowheel/gowheel_ws/build/servo_node', 'catkin_cmake_args': None, 'catkin_skip_building_tests': False, 'cmake_args': None, 'cmake_clean_cache': False, 'cmake_clean_first': False, 'cmake_force_configure': False, 'cmake_target': None, 'cmake_target_skip_unavailable': False, 'install_base': '/home/gowheel/gowheel_ws/install/servo_node', 'merge_install': False, 'path': '/home/gowheel/gowheel_ws/src/servo_node', 'symlink_install': True, 'test_result_base': None}
[1.470s] Level 5:colcon.colcon_core.verb:set package 'sllidar_ros2' build argument 'cmake_args' from command line to 'None'
[1.470s] Level 5:colcon.colcon_core.verb:set package 'sllidar_ros2' build argument 'cmake_target' from command line to 'None'
[1.470s] Level 5:colcon.colcon_core.verb:set package 'sllidar_ros2' build argument 'cmake_target_skip_unavailable' from command line to 'False'
[1.470s] Level 5:colcon.colcon_core.verb:set package 'sllidar_ros2' build argument 'cmake_clean_cache' from command line to 'False'
[1.470s] Level 5:colcon.colcon_core.verb:set package 'sllidar_ros2' build argument 'cmake_clean_first' from command line to 'False'
[1.470s] Level 5:colcon.colcon_core.verb:set package 'sllidar_ros2' build argument 'cmake_force_configure' from command line to 'False'
[1.470s] Level 5:colcon.colcon_core.verb:set package 'sllidar_ros2' build argument 'ament_cmake_args' from command line to 'None'
[1.470s] Level 5:colcon.colcon_core.verb:set package 'sllidar_ros2' build argument 'catkin_cmake_args' from command line to 'None'
[1.470s] Level 5:colcon.colcon_core.verb:set package 'sllidar_ros2' build argument 'catkin_skip_building_tests' from command line to 'False'
[1.470s] DEBUG:colcon.colcon_core.verb:Building package 'sllidar_ros2' with the following arguments: {'ament_cmake_args': None, 'build_base': '/home/gowheel/gowheel_ws/build/sllidar_ros2', 'catkin_cmake_args': None, 'catkin_skip_building_tests': False, 'cmake_args': None, 'cmake_clean_cache': False, 'cmake_clean_first': False, 'cmake_force_configure': False, 'cmake_target': None, 'cmake_target_skip_unavailable': False, 'install_base': '/home/gowheel/gowheel_ws/install/sllidar_ros2', 'merge_install': False, 'path': '/home/gowheel/gowheel_ws/src/sllidar_ros2', 'symlink_install': True, 'test_result_base': None}
[1.471s] INFO:colcon.colcon_core.executor:Executing jobs using 'parallel' executor
[1.474s] DEBUG:colcon.colcon_parallel_executor.executor.parallel:run_until_complete
[1.477s] INFO:colcon.colcon_ros.task.ament_python.build:Building ROS package in '/home/gowheel/gowheel_ws/src/camera_node' with build type 'ament_python'
[1.479s] Level 1:colcon.colcon_core.shell:create_environment_hook('camera_node', 'ament_prefix_path')
[1.549s] INFO:colcon.colcon_core.plugin_system:Skipping extension 'colcon_core.shell.bat': Not used on non-Windows systems
[1.557s] INFO:colcon.colcon_core.shell:Creating environment hook '/home/gowheel/gowheel_ws/install/camera_node/share/camera_node/hook/ament_prefix_path.ps1'
[1.584s] INFO:colcon.colcon_core.shell:Creating environment descriptor '/home/gowheel/gowheel_ws/install/camera_node/share/camera_node/hook/ament_prefix_path.dsv'
[1.610s] INFO:colcon.colcon_core.shell:Creating environment hook '/home/gowheel/gowheel_ws/install/camera_node/share/camera_node/hook/ament_prefix_path.sh'
[1.625s] INFO:colcon.colcon_core.shell:Skip shell extension 'powershell' for command environment: Not usable outside of PowerShell
[1.625s] DEBUG:colcon.colcon_core.shell:Skip shell extension 'dsv' for command environment
[1.649s] INFO:colcon.colcon_ros.task.ament_python.build:Building ROS package in '/home/gowheel/gowheel_ws/src/lidar_node' with build type 'ament_python'
[1.650s] Level 1:colcon.colcon_core.shell:create_environment_hook('lidar_node', 'ament_prefix_path')
[1.651s] INFO:colcon.colcon_core.shell:Creating environment hook '/home/gowheel/gowheel_ws/install/lidar_node/share/lidar_node/hook/ament_prefix_path.ps1'
[1.654s] INFO:colcon.colcon_core.shell:Creating environment descriptor '/home/gowheel/gowheel_ws/install/lidar_node/share/lidar_node/hook/ament_prefix_path.dsv'
[1.658s] INFO:colcon.colcon_core.shell:Creating environment hook '/home/gowheel/gowheel_ws/install/lidar_node/share/lidar_node/hook/ament_prefix_path.sh'
[1.663s] INFO:colcon.colcon_core.shell:Skip shell extension 'powershell' for command environment: Not usable outside of PowerShell
[1.669s] DEBUG:colcon.colcon_core.shell:Skip shell extension 'dsv' for command environment
[1.708s] INFO:colcon.colcon_ros.task.ament_python.build:Building ROS package in '/home/gowheel/gowheel_ws/src/robot_controller' with build type 'ament_python'
[1.709s] Level 1:colcon.colcon_core.shell:create_environment_hook('robot_controller', 'ament_prefix_path')
[1.716s] INFO:colcon.colcon_core.shell:Creating environment hook '/home/gowheel/gowheel_ws/install/robot_controller/share/robot_controller/hook/ament_prefix_path.ps1'
[1.723s] INFO:colcon.colcon_core.shell:Creating environment descriptor '/home/gowheel/gowheel_ws/install/robot_controller/share/robot_controller/hook/ament_prefix_path.dsv'
[1.739s] INFO:colcon.colcon_core.shell:Creating environment hook '/home/gowheel/gowheel_ws/install/robot_controller/share/robot_controller/hook/ament_prefix_path.sh'
[1.749s] INFO:colcon.colcon_core.shell:Skip shell extension 'powershell' for command environment: Not usable outside of PowerShell
[1.749s] DEBUG:colcon.colcon_core.shell:Skip shell extension 'dsv' for command environment
[1.773s] INFO:colcon.colcon_ros.task.ament_python.build:Building ROS package in '/home/gowheel/gowheel_ws/src/servo_node' with build type 'ament_python'
[1.773s] Level 1:colcon.colcon_core.shell:create_environment_hook('servo_node', 'ament_prefix_path')
[1.774s] INFO:colcon.colcon_core.shell:Creating environment hook '/home/gowheel/gowheel_ws/install/servo_node/share/servo_node/hook/ament_prefix_path.ps1'
[1.780s] INFO:colcon.colcon_core.shell:Creating environment descriptor '/home/gowheel/gowheel_ws/install/servo_node/share/servo_node/hook/ament_prefix_path.dsv'
[1.784s] INFO:colcon.colcon_core.shell:Creating environment hook '/home/gowheel/gowheel_ws/install/servo_node/share/servo_node/hook/ament_prefix_path.sh'
[1.786s] INFO:colcon.colcon_core.shell:Skip shell extension 'powershell' for command environment: Not usable outside of PowerShell
[1.786s] DEBUG:colcon.colcon_core.shell:Skip shell extension 'dsv' for command environment
[3.059s] INFO:colcon.colcon_core.task.python.build:Building Python package in '/home/gowheel/gowheel_ws/src/camera_node'
[3.060s] INFO:colcon.colcon_core.shell:Skip shell extension 'powershell' for command environment: Not usable outside of PowerShell
[3.060s] DEBUG:colcon.colcon_core.shell:Skip shell extension 'dsv' for command environment
[3.721s] INFO:colcon.colcon_core.task.python.build:Building Python package in '/home/gowheel/gowheel_ws/src/lidar_node'
[3.721s] INFO:colcon.colcon_core.shell:Skip shell extension 'powershell' for command environment: Not usable outside of PowerShell
[3.722s] DEBUG:colcon.colcon_core.shell:Skip shell extension 'dsv' for command environment
[4.198s] INFO:colcon.colcon_core.task.python.build:Building Python package in '/home/gowheel/gowheel_ws/src/robot_controller'
[4.198s] INFO:colcon.colcon_core.shell:Skip shell extension 'powershell' for command environment: Not usable outside of PowerShell
[4.198s] DEBUG:colcon.colcon_core.shell:Skip shell extension 'dsv' for command environment
[4.640s] INFO:colcon.colcon_core.task.python.build:Building Python package in '/home/gowheel/gowheel_ws/src/servo_node'
[4.643s] INFO:colcon.colcon_core.shell:Skip shell extension 'powershell' for command environment: Not usable outside of PowerShell
[4.643s] DEBUG:colcon.colcon_core.shell:Skip shell extension 'dsv' for command environment
[6.992s] DEBUG:colcon.colcon_core.event_handler.log_command:Invoking command in '/home/gowheel/gowheel_ws/build/servo_node': DEBUGINFOD_URLS=https://debuginfod.ubuntu.com PYTHONPATH=/home/gowheel/gowheel_ws/build/servo_node/prefix_override:/usr/lib/python3/dist-packages/colcon_core/task/python/colcon_distutils_commands:/home/gowheel/gowheel_ws/install/servo_node/lib/python3.12/site-packages:${PYTHONPATH} /usr/bin/python3 -W ignore:setup.py install is deprecated -W ignore:easy_install command is deprecated setup.py develop --editable --build-directory /home/gowheel/gowheel_ws/build/servo_node/build --no-deps symlink_data
[7.029s] DEBUG:colcon.colcon_core.event_handler.log_command:Invoking command in '/home/gowheel/gowheel_ws/build/lidar_node': DEBUGINFOD_URLS=https://debuginfod.ubuntu.com PYTHONPATH=/home/gowheel/gowheel_ws/build/lidar_node/prefix_override:/usr/lib/python3/dist-packages/colcon_core/task/python/colcon_distutils_commands:/home/gowheel/gowheel_ws/install/lidar_node/lib/python3.12/site-packages:${PYTHONPATH} /usr/bin/python3 -W ignore:setup.py install is deprecated -W ignore:easy_install command is deprecated setup.py develop --editable --build-directory /home/gowheel/gowheel_ws/build/lidar_node/build --no-deps symlink_data
[7.052s] DEBUG:colcon.colcon_core.event_handler.log_command:Invoking command in '/home/gowheel/gowheel_ws/build/robot_controller': DEBUGINFOD_URLS=https://debuginfod.ubuntu.com PYTHONPATH=/home/gowheel/gowheel_ws/build/robot_controller/prefix_override:/usr/lib/python3/dist-packages/colcon_core/task/python/colcon_distutils_commands:/home/gowheel/gowheel_ws/install/robot_controller/lib/python3.12/site-packages:${PYTHONPATH} /usr/bin/python3 -W ignore:setup.py install is deprecated -W ignore:easy_install command is deprecated setup.py develop --editable --build-directory /home/gowheel/gowheel_ws/build/robot_controller/build --no-deps symlink_data
[7.169s] DEBUG:colcon.colcon_core.event_handler.log_command:Invoking command in '/home/gowheel/gowheel_ws/build/camera_node': DEBUGINFOD_URLS=https://debuginfod.ubuntu.com PYTHONPATH=/home/gowheel/gowheel_ws/build/camera_node/prefix_override:/usr/lib/python3/dist-packages/colcon_core/task/python/colcon_distutils_commands:/home/gowheel/gowheel_ws/install/camera_node/lib/python3.12/site-packages:${PYTHONPATH} /usr/bin/python3 -W ignore:setup.py install is deprecated -W ignore:easy_install command is deprecated setup.py develop --editable --build-directory /home/gowheel/gowheel_ws/build/camera_node/build --no-deps symlink_data
[8.825s] Level 1:colcon.colcon_core.shell:create_environment_hook('servo_node', 'pythonpath_develop')
[8.825s] INFO:colcon.colcon_core.shell:Creating environment hook '/home/gowheel/gowheel_ws/build/servo_node/share/servo_node/hook/pythonpath_develop.ps1'
[8.826s] INFO:colcon.colcon_core.shell:Creating environment descriptor '/home/gowheel/gowheel_ws/build/servo_node/share/servo_node/hook/pythonpath_develop.dsv'
[8.828s] DEBUG:colcon.colcon_core.event_handler.log_command:Invoked command in '/home/gowheel/gowheel_ws/build/servo_node' returned '0': DEBUGINFOD_URLS=https://debuginfod.ubuntu.com PYTHONPATH=/home/gowheel/gowheel_ws/build/servo_node/prefix_override:/usr/lib/python3/dist-packages/colcon_core/task/python/colcon_distutils_commands:/home/gowheel/gowheel_ws/install/servo_node/lib/python3.12/site-packages:${PYTHONPATH} /usr/bin/python3 -W ignore:setup.py install is deprecated -W ignore:easy_install command is deprecated setup.py develop --editable --build-directory /home/gowheel/gowheel_ws/build/servo_node/build --no-deps symlink_data
[8.828s] INFO:colcon.colcon_core.shell:Creating environment hook '/home/gowheel/gowheel_ws/build/servo_node/share/servo_node/hook/pythonpath_develop.sh'
[8.842s] Level 1:colcon.colcon_core.environment:checking '/home/gowheel/gowheel_ws/install/servo_node' for CMake module files
[8.844s] Level 1:colcon.colcon_core.environment:checking '/home/gowheel/gowheel_ws/install/servo_node' for CMake config files
[8.845s] Level 1:colcon.colcon_core.environment:checking '/home/gowheel/gowheel_ws/install/servo_node/lib'
[8.845s] Level 1:colcon.colcon_core.environment:checking '/home/gowheel/gowheel_ws/install/servo_node/bin'
[8.845s] Level 1:colcon.colcon_core.environment:checking '/home/gowheel/gowheel_ws/install/servo_node/lib/pkgconfig/servo_node.pc'
[8.846s] Level 1:colcon.colcon_core.environment:checking '/home/gowheel/gowheel_ws/install/servo_node/lib/python3.12/site-packages'
[8.846s] Level 1:colcon.colcon_core.shell:create_environment_hook('servo_node', 'pythonpath')
[8.846s] INFO:colcon.colcon_core.shell:Creating environment hook '/home/gowheel/gowheel_ws/install/servo_node/share/servo_node/hook/pythonpath.ps1'
[8.847s] INFO:colcon.colcon_core.shell:Creating environment descriptor '/home/gowheel/gowheel_ws/install/servo_node/share/servo_node/hook/pythonpath.dsv'
[8.848s] INFO:colcon.colcon_core.shell:Creating environment hook '/home/gowheel/gowheel_ws/install/servo_node/share/servo_node/hook/pythonpath.sh'
[8.850s] Level 1:colcon.colcon_core.environment:checking '/home/gowheel/gowheel_ws/install/servo_node/bin'
[8.850s] Level 1:colcon.colcon_core.environment:create_environment_scripts_only(servo_node)
[8.850s] INFO:colcon.colcon_core.shell:Creating package script '/home/gowheel/gowheel_ws/install/servo_node/share/servo_node/package.ps1'
[8.870s] INFO:colcon.colcon_core.shell:Creating package descriptor '/home/gowheel/gowheel_ws/install/servo_node/share/servo_node/package.dsv'
[8.875s] INFO:colcon.colcon_core.shell:Creating package script '/home/gowheel/gowheel_ws/install/servo_node/share/servo_node/package.sh'
[8.881s] INFO:colcon.colcon_core.shell:Creating package script '/home/gowheel/gowheel_ws/install/servo_node/share/servo_node/package.bash'
[8.884s] INFO:colcon.colcon_core.shell:Creating package script '/home/gowheel/gowheel_ws/install/servo_node/share/servo_node/package.zsh'
[8.887s] Level 1:colcon.colcon_core.environment:create_file_with_runtime_dependencies(/home/gowheel/gowheel_ws/install/servo_node/share/colcon-core/packages/servo_node)
[8.888s] INFO:colcon.colcon_ros.task.ament_cmake.build:Building ROS package in '/home/gowheel/gowheel_ws/src/sllidar_ros2' with build type 'ament_cmake'
[8.889s] INFO:colcon.colcon_cmake.task.cmake.build:Building CMake package in '/home/gowheel/gowheel_ws/src/sllidar_ros2'
[8.889s] INFO:colcon.colcon_core.shell:Skip shell extension 'powershell' for command environment: Not usable outside of PowerShell
[8.889s] DEBUG:colcon.colcon_core.shell:Skip shell extension 'dsv' for command environment
[8.905s] Level 1:colcon.colcon_core.shell:create_environment_hook('lidar_node', 'pythonpath_develop')
[8.905s] INFO:colcon.colcon_core.shell:Creating environment hook '/home/gowheel/gowheel_ws/build/lidar_node/share/lidar_node/hook/pythonpath_develop.ps1'
[8.906s] INFO:colcon.colcon_core.shell:Creating environment descriptor '/home/gowheel/gowheel_ws/build/lidar_node/share/lidar_node/hook/pythonpath_develop.dsv'
[8.911s] INFO:colcon.colcon_core.shell:Creating environment hook '/home/gowheel/gowheel_ws/build/lidar_node/share/lidar_node/hook/pythonpath_develop.sh'
[8.913s] DEBUG:colcon.colcon_core.event_handler.log_command:Invoked command in '/home/gowheel/gowheel_ws/build/lidar_node' returned '0': DEBUGINFOD_URLS=https://debuginfod.ubuntu.com PYTHONPATH=/home/gowheel/gowheel_ws/build/lidar_node/prefix_override:/usr/lib/python3/dist-packages/colcon_core/task/python/colcon_distutils_commands:/home/gowheel/gowheel_ws/install/lidar_node/lib/python3.12/site-packages:${PYTHONPATH} /usr/bin/python3 -W ignore:setup.py install is deprecated -W ignore:easy_install command is deprecated setup.py develop --editable --build-directory /home/gowheel/gowheel_ws/build/lidar_node/build --no-deps symlink_data
[8.914s] Level 1:colcon.colcon_core.environment:checking '/home/gowheel/gowheel_ws/install/lidar_node' for CMake module files
[8.915s] Level 1:colcon.colcon_core.environment:checking '/home/gowheel/gowheel_ws/install/lidar_node' for CMake config files
[8.916s] Level 1:colcon.colcon_core.environment:checking '/home/gowheel/gowheel_ws/install/lidar_node/lib'
[8.917s] Level 1:colcon.colcon_core.environment:checking '/home/gowheel/gowheel_ws/install/lidar_node/bin'
[8.917s] Level 1:colcon.colcon_core.environment:checking '/home/gowheel/gowheel_ws/install/lidar_node/lib/pkgconfig/lidar_node.pc'
[8.918s] Level 1:colcon.colcon_core.environment:checking '/home/gowheel/gowheel_ws/install/lidar_node/lib/python3.12/site-packages'
[8.918s] Level 1:colcon.colcon_core.shell:create_environment_hook('lidar_node', 'pythonpath')
[8.920s] INFO:colcon.colcon_core.shell:Creating environment hook '/home/gowheel/gowheel_ws/install/lidar_node/share/lidar_node/hook/pythonpath.ps1'
[8.923s] INFO:colcon.colcon_core.shell:Creating environment descriptor '/home/gowheel/gowheel_ws/install/lidar_node/share/lidar_node/hook/pythonpath.dsv'
[8.925s] INFO:colcon.colcon_core.shell:Creating environment hook '/home/gowheel/gowheel_ws/install/lidar_node/share/lidar_node/hook/pythonpath.sh'
[8.927s] Level 1:colcon.colcon_core.environment:checking '/home/gowheel/gowheel_ws/install/lidar_node/bin'
[8.928s] Level 1:colcon.colcon_core.environment:create_environment_scripts_only(lidar_node)
[8.930s] INFO:colcon.colcon_core.shell:Creating package script '/home/gowheel/gowheel_ws/install/lidar_node/share/lidar_node/package.ps1'
[8.941s] INFO:colcon.colcon_core.shell:Creating package descriptor '/home/gowheel/gowheel_ws/install/lidar_node/share/lidar_node/package.dsv'
[8.944s] INFO:colcon.colcon_core.shell:Creating package script '/home/gowheel/gowheel_ws/install/lidar_node/share/lidar_node/package.sh'
[8.946s] INFO:colcon.colcon_core.shell:Creating package script '/home/gowheel/gowheel_ws/install/lidar_node/share/lidar_node/package.bash'
[8.947s] INFO:colcon.colcon_core.shell:Creating package script '/home/gowheel/gowheel_ws/install/lidar_node/share/lidar_node/package.zsh'
[8.949s] Level 1:colcon.colcon_core.environment:create_file_with_runtime_dependencies(/home/gowheel/gowheel_ws/install/lidar_node/share/colcon-core/packages/lidar_node)
[8.967s] DEBUG:colcon.colcon_core.event_handler.log_command:Invoking command in '/home/gowheel/gowheel_ws/build/sllidar_ros2': CMAKE_PREFIX_PATH=${CMAKE_PREFIX_PATH}:/home/gowheel/gowheel_ws/install/servo_node:/home/gowheel/gowheel_ws/install/robot_controller:/home/gowheel/gowheel_ws/install/lidar_node:/home/gowheel/gowheel_ws/install/camera_node:/opt/ros/jazzy DEBUGINFOD_URLS=https://debuginfod.ubuntu.com /usr/bin/cmake --build /home/gowheel/gowheel_ws/build/sllidar_ros2 -- -j4 -l4
[9.054s] Level 1:colcon.colcon_core.shell:create_environment_hook('camera_node', 'pythonpath_develop')
[9.055s] INFO:colcon.colcon_core.shell:Creating environment hook '/home/gowheel/gowheel_ws/build/camera_node/share/camera_node/hook/pythonpath_develop.ps1'
[9.056s] DEBUG:colcon.colcon_core.event_handler.log_command:Invoked command in '/home/gowheel/gowheel_ws/build/camera_node' returned '0': DEBUGINFOD_URLS=https://debuginfod.ubuntu.com PYTHONPATH=/home/gowheel/gowheel_ws/build/camera_node/prefix_override:/usr/lib/python3/dist-packages/colcon_core/task/python/colcon_distutils_commands:/home/gowheel/gowheel_ws/install/camera_node/lib/python3.12/site-packages:${PYTHONPATH} /usr/bin/python3 -W ignore:setup.py install is deprecated -W ignore:easy_install command is deprecated setup.py develop --editable --build-directory /home/gowheel/gowheel_ws/build/camera_node/build --no-deps symlink_data
[9.057s] INFO:colcon.colcon_core.shell:Creating environment descriptor '/home/gowheel/gowheel_ws/build/camera_node/share/camera_node/hook/pythonpath_develop.dsv'
[9.057s] INFO:colcon.colcon_core.shell:Creating environment hook '/home/gowheel/gowheel_ws/build/camera_node/share/camera_node/hook/pythonpath_develop.sh'
[9.058s] Level 1:colcon.colcon_core.environment:checking '/home/gowheel/gowheel_ws/install/camera_node' for CMake module files
[9.059s] Level 1:colcon.colcon_core.environment:checking '/home/gowheel/gowheel_ws/install/camera_node' for CMake config files
[9.060s] Level 1:colcon.colcon_core.environment:checking '/home/gowheel/gowheel_ws/install/camera_node/lib'
[9.060s] Level 1:colcon.colcon_core.environment:checking '/home/gowheel/gowheel_ws/install/camera_node/bin'
[9.060s] Level 1:colcon.colcon_core.environment:checking '/home/gowheel/gowheel_ws/install/camera_node/lib/pkgconfig/camera_node.pc'
[9.060s] Level 1:colcon.colcon_core.environment:checking '/home/gowheel/gowheel_ws/install/camera_node/lib/python3.12/site-packages'
[9.060s] Level 1:colcon.colcon_core.shell:create_environment_hook('camera_node', 'pythonpath')
[9.061s] INFO:colcon.colcon_core.shell:Creating environment hook '/home/gowheel/gowheel_ws/install/camera_node/share/camera_node/hook/pythonpath.ps1'
[9.061s] INFO:colcon.colcon_core.shell:Creating environment descriptor '/home/gowheel/gowheel_ws/install/camera_node/share/camera_node/hook/pythonpath.dsv'
[9.062s] INFO:colcon.colcon_core.shell:Creating environment hook '/home/gowheel/gowheel_ws/install/camera_node/share/camera_node/hook/pythonpath.sh'
[9.062s] Level 1:colcon.colcon_core.environment:checking '/home/gowheel/gowheel_ws/install/camera_node/bin'
[9.063s] Level 1:colcon.colcon_core.environment:create_environment_scripts_only(camera_node)
[9.063s] INFO:colcon.colcon_core.shell:Creating package script '/home/gowheel/gowheel_ws/install/camera_node/share/camera_node/package.ps1'
[9.064s] INFO:colcon.colcon_core.shell:Creating package descriptor '/home/gowheel/gowheel_ws/install/camera_node/share/camera_node/package.dsv'
[9.064s] INFO:colcon.colcon_core.shell:Creating package script '/home/gowheel/gowheel_ws/install/camera_node/share/camera_node/package.sh'
[9.065s] INFO:colcon.colcon_core.shell:Creating package script '/home/gowheel/gowheel_ws/install/camera_node/share/camera_node/package.bash'
[9.065s] INFO:colcon.colcon_core.shell:Creating package script '/home/gowheel/gowheel_ws/install/camera_node/share/camera_node/package.zsh'
[9.066s] Level 1:colcon.colcon_core.environment:create_file_with_runtime_dependencies(/home/gowheel/gowheel_ws/install/camera_node/share/colcon-core/packages/camera_node)
[9.285s] DEBUG:colcon.colcon_core.event_handler.log_command:Invoked command in '/home/gowheel/gowheel_ws/build/sllidar_ros2' returned '0': CMAKE_PREFIX_PATH=${CMAKE_PREFIX_PATH}:/home/gowheel/gowheel_ws/install/servo_node:/home/gowheel/gowheel_ws/install/robot_controller:/home/gowheel/gowheel_ws/install/lidar_node:/home/gowheel/gowheel_ws/install/camera_node:/opt/ros/jazzy DEBUGINFOD_URLS=https://debuginfod.ubuntu.com /usr/bin/cmake --build /home/gowheel/gowheel_ws/build/sllidar_ros2 -- -j4 -l4
[9.312s] DEBUG:colcon.colcon_core.event_handler.log_command:Invoking command in '/home/gowheel/gowheel_ws/build/sllidar_ros2': CMAKE_PREFIX_PATH=${CMAKE_PREFIX_PATH}:/home/gowheel/gowheel_ws/install/servo_node:/home/gowheel/gowheel_ws/install/robot_controller:/home/gowheel/gowheel_ws/install/lidar_node:/home/gowheel/gowheel_ws/install/camera_node:/opt/ros/jazzy DEBUGINFOD_URLS=https://debuginfod.ubuntu.com /usr/bin/cmake --install /home/gowheel/gowheel_ws/build/sllidar_ros2
[9.382s] Level 1:colcon.colcon_core.environment:create_environment_scripts_only(sllidar_ros2)
[9.382s] Level 1:colcon.colcon_core.environment:checking '/home/gowheel/gowheel_ws/install/sllidar_ros2' for CMake module files
[9.383s] DEBUG:colcon.colcon_core.event_handler.log_command:Invoked command in '/home/gowheel/gowheel_ws/build/sllidar_ros2' returned '0': CMAKE_PREFIX_PATH=${CMAKE_PREFIX_PATH}:/home/gowheel/gowheel_ws/install/servo_node:/home/gowheel/gowheel_ws/install/robot_controller:/home/gowheel/gowheel_ws/install/lidar_node:/home/gowheel/gowheel_ws/install/camera_node:/opt/ros/jazzy DEBUGINFOD_URLS=https://debuginfod.ubuntu.com /usr/bin/cmake --install /home/gowheel/gowheel_ws/build/sllidar_ros2
[9.384s] Level 1:colcon.colcon_core.environment:checking '/home/gowheel/gowheel_ws/install/sllidar_ros2' for CMake config files
[9.385s] Level 1:colcon.colcon_core.shell:create_environment_hook('sllidar_ros2', 'cmake_prefix_path')
[9.385s] INFO:colcon.colcon_core.shell:Creating environment hook '/home/gowheel/gowheel_ws/install/sllidar_ros2/share/sllidar_ros2/hook/cmake_prefix_path.ps1'
[9.386s] INFO:colcon.colcon_core.shell:Creating environment descriptor '/home/gowheel/gowheel_ws/install/sllidar_ros2/share/sllidar_ros2/hook/cmake_prefix_path.dsv'
[9.388s] INFO:colcon.colcon_core.shell:Creating environment hook '/home/gowheel/gowheel_ws/install/sllidar_ros2/share/sllidar_ros2/hook/cmake_prefix_path.sh'
[9.390s] Level 1:colcon.colcon_core.environment:checking '/home/gowheel/gowheel_ws/install/sllidar_ros2/lib'
[9.390s] Level 1:colcon.colcon_core.environment:checking '/home/gowheel/gowheel_ws/install/sllidar_ros2/bin'
[9.390s] Level 1:colcon.colcon_core.environment:checking '/home/gowheel/gowheel_ws/install/sllidar_ros2/lib/pkgconfig/sllidar_ros2.pc'
[9.391s] Level 1:colcon.colcon_core.environment:checking '/home/gowheel/gowheel_ws/install/sllidar_ros2/lib/python3.12/site-packages'
[9.391s] Level 1:colcon.colcon_core.environment:checking '/home/gowheel/gowheel_ws/install/sllidar_ros2/bin'
[9.391s] INFO:colcon.colcon_core.shell:Creating package script '/home/gowheel/gowheel_ws/install/sllidar_ros2/share/sllidar_ros2/package.ps1'
[9.392s] INFO:colcon.colcon_core.shell:Creating package descriptor '/home/gowheel/gowheel_ws/install/sllidar_ros2/share/sllidar_ros2/package.dsv'
[9.393s] INFO:colcon.colcon_core.shell:Creating package script '/home/gowheel/gowheel_ws/install/sllidar_ros2/share/sllidar_ros2/package.sh'
[9.394s] INFO:colcon.colcon_core.shell:Creating package script '/home/gowheel/gowheel_ws/install/sllidar_ros2/share/sllidar_ros2/package.bash'
[9.398s] INFO:colcon.colcon_core.shell:Creating package script '/home/gowheel/gowheel_ws/install/sllidar_ros2/share/sllidar_ros2/package.zsh'
[9.399s] Level 1:colcon.colcon_core.environment:create_file_with_runtime_dependencies(/home/gowheel/gowheel_ws/install/sllidar_ros2/share/colcon-core/packages/sllidar_ros2)
[9.401s] Level 1:colcon.colcon_core.environment:create_environment_scripts_only(sllidar_ros2)
[9.402s] Level 1:colcon.colcon_core.environment:checking '/home/gowheel/gowheel_ws/install/sllidar_ros2' for CMake module files
[9.403s] Level 1:colcon.colcon_core.environment:checking '/home/gowheel/gowheel_ws/install/sllidar_ros2' for CMake config files
[9.406s] Level 1:colcon.colcon_core.shell:create_environment_hook('sllidar_ros2', 'cmake_prefix_path')
[9.408s] INFO:colcon.colcon_core.shell:Creating environment hook '/home/gowheel/gowheel_ws/install/sllidar_ros2/share/sllidar_ros2/hook/cmake_prefix_path.ps1'
[9.409s] INFO:colcon.colcon_core.shell:Creating environment descriptor '/home/gowheel/gowheel_ws/install/sllidar_ros2/share/sllidar_ros2/hook/cmake_prefix_path.dsv'
[9.412s] INFO:colcon.colcon_core.shell:Creating environment hook '/home/gowheel/gowheel_ws/install/sllidar_ros2/share/sllidar_ros2/hook/cmake_prefix_path.sh'
[9.415s] Level 1:colcon.colcon_core.environment:checking '/home/gowheel/gowheel_ws/install/sllidar_ros2/lib'
[9.415s] Level 1:colcon.colcon_core.environment:checking '/home/gowheel/gowheel_ws/install/sllidar_ros2/bin'
[9.415s] Level 1:colcon.colcon_core.environment:checking '/home/gowheel/gowheel_ws/install/sllidar_ros2/lib/pkgconfig/sllidar_ros2.pc'
[9.416s] Level 1:colcon.colcon_core.environment:checking '/home/gowheel/gowheel_ws/install/sllidar_ros2/lib/python3.12/site-packages'
[9.418s] Level 1:colcon.colcon_core.environment:checking '/home/gowheel/gowheel_ws/install/sllidar_ros2/bin'
[9.420s] INFO:colcon.colcon_core.shell:Creating package script '/home/gowheel/gowheel_ws/install/sllidar_ros2/share/sllidar_ros2/package.ps1'
[9.422s] INFO:colcon.colcon_core.shell:Creating package descriptor '/home/gowheel/gowheel_ws/install/sllidar_ros2/share/sllidar_ros2/package.dsv'
[9.423s] INFO:colcon.colcon_core.shell:Creating package script '/home/gowheel/gowheel_ws/install/sllidar_ros2/share/sllidar_ros2/package.sh'
[9.424s] INFO:colcon.colcon_core.shell:Creating package script '/home/gowheel/gowheel_ws/install/sllidar_ros2/share/sllidar_ros2/package.bash'
[9.425s] INFO:colcon.colcon_core.shell:Creating package script '/home/gowheel/gowheel_ws/install/sllidar_ros2/share/sllidar_ros2/package.zsh'
[9.427s] Level 1:colcon.colcon_core.environment:create_file_with_runtime_dependencies(/home/gowheel/gowheel_ws/install/sllidar_ros2/share/colcon-core/packages/sllidar_ros2)
[9.429s] Level 1:colcon.colcon_core.shell:create_environment_hook('robot_controller', 'pythonpath_develop')
[9.429s] INFO:colcon.colcon_core.shell:Creating environment hook '/home/gowheel/gowheel_ws/build/robot_controller/share/robot_controller/hook/pythonpath_develop.ps1'
[9.430s] DEBUG:colcon.colcon_core.event_handler.log_command:Invoked command in '/home/gowheel/gowheel_ws/build/robot_controller' returned '0': DEBUGINFOD_URLS=https://debuginfod.ubuntu.com PYTHONPATH=/home/gowheel/gowheel_ws/build/robot_controller/prefix_override:/usr/lib/python3/dist-packages/colcon_core/task/python/colcon_distutils_commands:/home/gowheel/gowheel_ws/install/robot_controller/lib/python3.12/site-packages:${PYTHONPATH} /usr/bin/python3 -W ignore:setup.py install is deprecated -W ignore:easy_install command is deprecated setup.py develop --editable --build-directory /home/gowheel/gowheel_ws/build/robot_controller/build --no-deps symlink_data
[9.430s] INFO:colcon.colcon_core.shell:Creating environment descriptor '/home/gowheel/gowheel_ws/build/robot_controller/share/robot_controller/hook/pythonpath_develop.dsv'
[9.431s] INFO:colcon.colcon_core.shell:Creating environment hook '/home/gowheel/gowheel_ws/build/robot_controller/share/robot_controller/hook/pythonpath_develop.sh'
[9.433s] Level 1:colcon.colcon_core.environment:checking '/home/gowheel/gowheel_ws/install/robot_controller' for CMake module files
[9.434s] Level 1:colcon.colcon_core.environment:checking '/home/gowheel/gowheel_ws/install/robot_controller' for CMake config files
[9.434s] Level 1:colcon.colcon_core.environment:checking '/home/gowheel/gowheel_ws/install/robot_controller/lib'
[9.434s] Level 1:colcon.colcon_core.environment:checking '/home/gowheel/gowheel_ws/install/robot_controller/bin'
[9.434s] Level 1:colcon.colcon_core.environment:checking '/home/gowheel/gowheel_ws/install/robot_controller/lib/pkgconfig/robot_controller.pc'
[9.435s] Level 1:colcon.colcon_core.environment:checking '/home/gowheel/gowheel_ws/install/robot_controller/lib/python3.12/site-packages'
[9.435s] Level 1:colcon.colcon_core.shell:create_environment_hook('robot_controller', 'pythonpath')
[9.435s] INFO:colcon.colcon_core.shell:Creating environment hook '/home/gowheel/gowheel_ws/install/robot_controller/share/robot_controller/hook/pythonpath.ps1'
[9.436s] INFO:colcon.colcon_core.shell:Creating environment descriptor '/home/gowheel/gowheel_ws/install/robot_controller/share/robot_controller/hook/pythonpath.dsv'
[9.437s] INFO:colcon.colcon_core.shell:Creating environment hook '/home/gowheel/gowheel_ws/install/robot_controller/share/robot_controller/hook/pythonpath.sh'
[9.441s] Level 1:colcon.colcon_core.environment:checking '/home/gowheel/gowheel_ws/install/robot_controller/bin'
[9.441s] Level 1:colcon.colcon_core.environment:create_environment_scripts_only(robot_controller)
[9.443s] INFO:colcon.colcon_core.shell:Creating package script '/home/gowheel/gowheel_ws/install/robot_controller/share/robot_controller/package.ps1'
[9.445s] INFO:colcon.colcon_core.shell:Creating package descriptor '/home/gowheel/gowheel_ws/install/robot_controller/share/robot_controller/package.dsv'
[9.446s] INFO:colcon.colcon_core.shell:Creating package script '/home/gowheel/gowheel_ws/install/robot_controller/share/robot_controller/package.sh'
[9.448s] INFO:colcon.colcon_core.shell:Creating package script '/home/gowheel/gowheel_ws/install/robot_controller/share/robot_controller/package.bash'
[9.449s] INFO:colcon.colcon_core.shell:Creating package script '/home/gowheel/gowheel_ws/install/robot_controller/share/robot_controller/package.zsh'
[9.451s] Level 1:colcon.colcon_core.environment:create_file_with_runtime_dependencies(/home/gowheel/gowheel_ws/install/robot_controller/share/colcon-core/packages/robot_controller)
[9.455s] DEBUG:colcon.colcon_parallel_executor.executor.parallel:closing loop
[9.456s] DEBUG:colcon.colcon_parallel_executor.executor.parallel:loop closed
[9.456s] DEBUG:colcon.colcon_parallel_executor.executor.parallel:run_until_complete finished with '0'
[9.456s] DEBUG:colcon.colcon_core.event_reactor:joining thread
[9.471s] INFO:colcon.colcon_core.plugin_system:Skipping extension 'colcon_notification.desktop_notification.terminal_notifier': Not used on non-Darwin systems
[9.472s] INFO:colcon.colcon_core.plugin_system:Skipping extension 'colcon_notification.desktop_notification.win32': Not used on non-Windows systems
[9.472s] INFO:colcon.colcon_notification.desktop_notification:Sending desktop notification using 'notify2'
[9.526s] DEBUG:colcon.colcon_core.event_reactor:joined thread
[9.527s] INFO:colcon.colcon_core.shell:Creating prefix script '/home/gowheel/gowheel_ws/install/local_setup.ps1'
[9.529s] INFO:colcon.colcon_core.shell:Creating prefix util module '/home/gowheel/gowheel_ws/install/_local_setup_util_ps1.py'
[9.532s] INFO:colcon.colcon_core.shell:Creating prefix chain script '/home/gowheel/gowheel_ws/install/setup.ps1'
[9.534s] INFO:colcon.colcon_core.shell:Creating prefix script '/home/gowheel/gowheel_ws/install/local_setup.sh'
[9.537s] INFO:colcon.colcon_core.shell:Creating prefix util module '/home/gowheel/gowheel_ws/install/_local_setup_util_sh.py'
[9.538s] INFO:colcon.colcon_core.shell:Creating prefix chain script '/home/gowheel/gowheel_ws/install/setup.sh'
[9.541s] INFO:colcon.colcon_core.shell:Creating prefix script '/home/gowheel/gowheel_ws/install/local_setup.bash'
[9.544s] INFO:colcon.colcon_core.shell:Creating prefix chain script '/home/gowheel/gowheel_ws/install/setup.bash'
[9.547s] INFO:colcon.colcon_core.shell:Creating prefix script '/home/gowheel/gowheel_ws/install/local_setup.zsh'
[9.550s] INFO:colcon.colcon_core.shell:Creating prefix chain script '/home/gowheel/gowheel_ws/install/setup.zsh'
