[3.061s] Invoking command in '/home/gowheel/gowheel_ws/build/robot_controller': DEBUGINFOD_URLS=https://debuginfod.ubuntu.com PYTHONPATH=/home/gowheel/gowheel_ws/build/robot_controller/prefix_override:/usr/lib/python3/dist-packages/colcon_core/task/python/colcon_distutils_commands:/home/gowheel/gowheel_ws/install/robot_controller/lib/python3.12/site-packages:${PYTHONPATH} /usr/bin/python3 -W ignore:setup.py install is deprecated -W ignore:easy_install command is deprecated setup.py develop --uninstall --editable --build-directory /home/gowheel/gowheel_ws/build/robot_controller/build
[3.627s] running develop
[3.963s] Removing /home/gowheel/gowheel_ws/install/robot_controller/lib/python3.12/site-packages/robot-controller.egg-link (link to .)
[4.187s] Invoked command in '/home/gowheel/gowheel_ws/build/robot_controller' returned '0': DEBUGINFOD_URLS=https://debuginfod.ubuntu.com PYTHONPATH=/home/gowheel/gowheel_ws/build/robot_controller/prefix_override:/usr/lib/python3/dist-packages/colcon_core/task/python/colcon_distutils_commands:/home/gowheel/gowheel_ws/install/robot_controller/lib/python3.12/site-packages:${PYTHONPATH} /usr/bin/python3 -W ignore:setup.py install is deprecated -W ignore:easy_install command is deprecated setup.py develop --uninstall --editable --build-directory /home/gowheel/gowheel_ws/build/robot_controller/build
[4.188s] Invoking command in '/home/gowheel/gowheel_ws/src/robot_controller': DEBUGINFOD_URLS=https://debuginfod.ubuntu.com PYTHONPATH=/home/gowheel/gowheel_ws/build/robot_controller/prefix_override:/usr/lib/python3/dist-packages/colcon_core/task/python/colcon_distutils_commands:/home/gowheel/gowheel_ws/install/robot_controller/lib/python3.12/site-packages:${PYTHONPATH} /usr/bin/python3 -W ignore:setup.py install is deprecated -W ignore:easy_install command is deprecated setup.py egg_info --egg-base ../../build/robot_controller build --build-base /home/gowheel/gowheel_ws/build/robot_controller/build install --record /home/gowheel/gowheel_ws/build/robot_controller/install.log --single-version-externally-managed install_data --force
[4.667s] running egg_info
[4.696s] writing ../../build/robot_controller/robot_controller.egg-info/PKG-INFO
[4.697s] writing dependency_links to ../../build/robot_controller/robot_controller.egg-info/dependency_links.txt
[4.703s] writing entry points to ../../build/robot_controller/robot_controller.egg-info/entry_points.txt
[4.704s] writing requirements to ../../build/robot_controller/robot_controller.egg-info/requires.txt
[4.705s] writing top-level names to ../../build/robot_controller/robot_controller.egg-info/top_level.txt
[4.786s] reading manifest file '../../build/robot_controller/robot_controller.egg-info/SOURCES.txt'
[4.786s] writing manifest file '../../build/robot_controller/robot_controller.egg-info/SOURCES.txt'
[4.786s] running build
[4.786s] running build_py
[4.786s] copying robot_controller/first_node.py -> /home/gowheel/gowheel_ws/build/robot_controller/build/lib/robot_controller
[4.786s] running install
[4.787s] running install_lib
[4.806s] creating /home/gowheel/gowheel_ws/install/robot_controller/lib/python3.12/site-packages/robot_controller
[4.807s] copying /home/gowheel/gowheel_ws/build/robot_controller/build/lib/robot_controller/__init__.py -> /home/gowheel/gowheel_ws/install/robot_controller/lib/python3.12/site-packages/robot_controller
[4.807s] copying /home/gowheel/gowheel_ws/build/robot_controller/build/lib/robot_controller/first_node.py -> /home/gowheel/gowheel_ws/install/robot_controller/lib/python3.12/site-packages/robot_controller
[4.808s] byte-compiling /home/gowheel/gowheel_ws/install/robot_controller/lib/python3.12/site-packages/robot_controller/__init__.py to __init__.cpython-312.pyc
[4.808s] byte-compiling /home/gowheel/gowheel_ws/install/robot_controller/lib/python3.12/site-packages/robot_controller/first_node.py to first_node.cpython-312.pyc
[4.809s] running install_data
[4.809s] copying resource/robot_controller -> /home/gowheel/gowheel_ws/install/robot_controller/share/ament_index/resource_index/packages
[4.810s] copying package.xml -> /home/gowheel/gowheel_ws/install/robot_controller/share/robot_controller
[4.810s] running install_egg_info
[4.851s] Copying ../../build/robot_controller/robot_controller.egg-info to /home/gowheel/gowheel_ws/install/robot_controller/lib/python3.12/site-packages/robot_controller-0.0.0-py3.12.egg-info
[4.863s] running install_scripts
[5.081s] Installing controller_node script to /home/gowheel/gowheel_ws/install/robot_controller/lib/robot_controller
[5.081s] writing list of installed files to '/home/gowheel/gowheel_ws/build/robot_controller/install.log'
[5.251s] Invoked command in '/home/gowheel/gowheel_ws/src/robot_controller' returned '0': DEBUGINFOD_URLS=https://debuginfod.ubuntu.com PYTHONPATH=/home/gowheel/gowheel_ws/build/robot_controller/prefix_override:/usr/lib/python3/dist-packages/colcon_core/task/python/colcon_distutils_commands:/home/gowheel/gowheel_ws/install/robot_controller/lib/python3.12/site-packages:${PYTHONPATH} /usr/bin/python3 -W ignore:setup.py install is deprecated -W ignore:easy_install command is deprecated setup.py egg_info --egg-base ../../build/robot_controller build --build-base /home/gowheel/gowheel_ws/build/robot_controller/build install --record /home/gowheel/gowheel_ws/build/robot_controller/install.log --single-version-externally-managed install_data --force
