[1.513s] Invoking command in '/home/gowheel/gowheel_ws/src/robot_controller': DEBUGINFOD_URLS=https://debuginfod.ubuntu.com PYTHONPATH=/home/gowheel/gowheel_ws/build/robot_controller/prefix_override:/usr/lib/python3/dist-packages/colcon_core/task/python/colcon_distutils_commands:/home/gowheel/gowheel_ws/install/robot_controller/lib/python3.12/site-packages:${PYTHONPATH} /usr/bin/python3 -W ignore:setup.py install is deprecated -W ignore:easy_install command is deprecated setup.py egg_info --egg-base ../../build/robot_controller build --build-base /home/gowheel/gowheel_ws/build/robot_controller/build install --record /home/gowheel/gowheel_ws/build/robot_controller/install.log --single-version-externally-managed install_data
[1.871s] running egg_info
[1.872s] creating ../../build/robot_controller/robot_controller.egg-info
[1.896s] writing ../../build/robot_controller/robot_controller.egg-info/PKG-INFO
[1.896s] writing dependency_links to ../../build/robot_controller/robot_controller.egg-info/dependency_links.txt
[1.896s] writing requirements to ../../build/robot_controller/robot_controller.egg-info/requires.txt
[1.896s] writing top-level names to ../../build/robot_controller/robot_controller.egg-info/top_level.txt
[1.896s] writing manifest file '../../build/robot_controller/robot_controller.egg-info/SOURCES.txt'
[1.950s] reading manifest file '../../build/robot_controller/robot_controller.egg-info/SOURCES.txt'
[1.951s] writing manifest file '../../build/robot_controller/robot_controller.egg-info/SOURCES.txt'
[1.951s] running build
[1.951s] running build_py
[1.952s] creating /home/gowheel/gowheel_ws/build/robot_controller/build
[1.952s] creating /home/gowheel/gowheel_ws/build/robot_controller/build/lib
[1.952s] creating /home/gowheel/gowheel_ws/build/robot_controller/build/lib/robot_controller
[1.952s] copying robot_controller/__init__.py -> /home/gowheel/gowheel_ws/build/robot_controller/build/lib/robot_controller
[1.952s] running install
[1.961s] running install_lib
[1.987s] creating /home/gowheel/gowheel_ws/install/robot_controller/lib/python3.12/site-packages/robot_controller
[1.987s] copying /home/gowheel/gowheel_ws/build/robot_controller/build/lib/robot_controller/__init__.py -> /home/gowheel/gowheel_ws/install/robot_controller/lib/python3.12/site-packages/robot_controller
[1.988s] byte-compiling /home/gowheel/gowheel_ws/install/robot_controller/lib/python3.12/site-packages/robot_controller/__init__.py to __init__.cpython-312.pyc
[1.988s] running install_data
[1.989s] creating /home/gowheel/gowheel_ws/install/robot_controller/share/ament_index
[1.989s] creating /home/gowheel/gowheel_ws/install/robot_controller/share/ament_index/resource_index
[1.989s] creating /home/gowheel/gowheel_ws/install/robot_controller/share/ament_index/resource_index/packages
[1.989s] copying resource/robot_controller -> /home/gowheel/gowheel_ws/install/robot_controller/share/ament_index/resource_index/packages
[1.989s] copying package.xml -> /home/gowheel/gowheel_ws/install/robot_controller/share/robot_controller
[1.989s] running install_egg_info
[2.019s] Copying ../../build/robot_controller/robot_controller.egg-info to /home/gowheel/gowheel_ws/install/robot_controller/lib/python3.12/site-packages/robot_controller-0.0.0-py3.12.egg-info
[2.020s] running install_scripts
[2.196s] writing list of installed files to '/home/gowheel/gowheel_ws/build/robot_controller/install.log'
[2.279s] Invoked command in '/home/gowheel/gowheel_ws/src/robot_controller' returned '0': DEBUGINFOD_URLS=https://debuginfod.ubuntu.com PYTHONPATH=/home/gowheel/gowheel_ws/build/robot_controller/prefix_override:/usr/lib/python3/dist-packages/colcon_core/task/python/colcon_distutils_commands:/home/gowheel/gowheel_ws/install/robot_controller/lib/python3.12/site-packages:${PYTHONPATH} /usr/bin/python3 -W ignore:setup.py install is deprecated -W ignore:easy_install command is deprecated setup.py egg_info --egg-base ../../build/robot_controller build --build-base /home/gowheel/gowheel_ws/build/robot_controller/build install --record /home/gowheel/gowheel_ws/build/robot_controller/install.log --single-version-externally-managed install_data
